2025-12-05 11:37:11,923 - __main__ - INFO - train:142 - ==================================================
2025-12-05 11:37:11,923 - __main__ - INFO - train:143 - Starting Flood Risk Model Training
2025-12-05 11:37:11,923 - __main__ - INFO - train:144 - ==================================================
2025-12-05 11:37:11,946 - __main__ - INFO - load_data:39 - Dataset loaded: 2000 rows, 6 columns
2025-12-05 11:37:11,947 - __main__ - INFO - preprocess_data:55 - Starting data preprocessing...
2025-12-05 11:37:11,948 - __main__ - INFO - preprocess_data:67 - Rows after removing NaN: 2000
2025-12-05 11:37:11,949 - __main__ - INFO - preprocess_data:73 - Features shape: (2000, 5)
2025-12-05 11:37:11,950 - __main__ - INFO - preprocess_data:74 - Target distribution:
flood_risk
1    1346
2     386
0     268
Name: count, dtype: int64
2025-12-05 11:37:11,953 - __main__ - INFO - split_data:86 - Train set: 1600, Test set: 400
2025-12-05 11:37:11,956 - __main__ - INFO - scale_features:95 - Features scaled using StandardScaler
2025-12-05 11:37:11,956 - __main__ - INFO - train_model:99 - Training RandomForestClassifier...
2025-12-05 11:37:12,257 - __main__ - INFO - train_model:114 - Training accuracy: 1.0000
2025-12-05 11:37:12,257 - __main__ - INFO - train_model:115 - Testing accuracy: 0.8650
2025-12-05 11:37:12,286 - __main__ - INFO - evaluate_model:121 - 
=== Classification Report ===
2025-12-05 11:37:12,291 - __main__ - INFO - evaluate_model:122 - 
              precision    recall  f1-score   support

           0       0.86      0.69      0.76        54
           1       0.86      0.95      0.90       269
           2       0.87      0.70      0.78        77

    accuracy                           0.86       400
   macro avg       0.87      0.78      0.81       400
weighted avg       0.87      0.86      0.86       400

2025-12-05 11:37:12,291 - __main__ - INFO - evaluate_model:124 - 
=== Confusion Matrix ===
2025-12-05 11:37:12,292 - __main__ - INFO - evaluate_model:125 - 
[[ 37  17   0]
 [  6 255   8]
 [  0  23  54]]
2025-12-05 11:37:12,300 - __main__ - INFO - save_model:133 - Model saved to C:\Users\bhati\OneDrive\Desktop\GeoAware_NEW\geoaware\flood\models\flood_model.pkl
2025-12-05 11:37:12,303 - __main__ - INFO - save_model:137 - Scaler saved to C:\Users\bhati\OneDrive\Desktop\GeoAware_NEW\geoaware\flood\models\scaler.pkl
2025-12-05 11:37:12,303 - __main__ - INFO - train:161 - ==================================================
2025-12-05 11:37:12,303 - __main__ - INFO - train:162 - Training completed successfully!
2025-12-05 11:37:12,303 - __main__ - INFO - train:163 - ==================================================
2025-12-05 11:39:24,555 - flood.main - INFO - lifespan:17 - Starting GeoAware Flood Risk API...
2025-12-05 11:39:25,623 - flood.ml.predict - INFO - load_model:23 - Model loaded from C:\Users\bhati\OneDrive\Desktop\GeoAware_NEW\geoaware\flood\models\flood_model.pkl
2025-12-05 11:39:25,645 - flood.ml.features - INFO - load_scaler:89 - Scaler loaded from C:\Users\bhati\OneDrive\Desktop\GeoAware_NEW\geoaware\flood\models\scaler.pkl
2025-12-05 11:40:57,069 - flood.api.routes - INFO - predict_flood_risk:50 - Received prediction request: rainfall=400.0 river_level=30.0 soil_moisture=5.0 land_slope=9.0 population_density=5000.0
2025-12-05 11:40:57,089 - flood.ml.features - DEBUG - preprocess:79 - Features scaled: [[ 1.71188915  0.86884384 -2.40890039 -1.17683334  4.1683679 ]]
2025-12-05 11:40:57,176 - flood.ml.predict - INFO - predict_flood_risk:71 - Prediction: high (confidence: 0.71)
2025-12-05 11:40:57,177 - flood.api.routes - INFO - predict_flood_risk:64 - Prediction result: {'risk_level': 'high', 'confidence': 0.71, 'probability_distribution': {'low': 0.01, 'medium': 0.28, 'high': 0.71}}
2025-12-05 11:41:37,047 - flood.main - INFO - lifespan:29 - Shutting down GeoAware Flood Risk API...
2025-12-07 14:43:47,193 - geoaware.flood.ml.predict - INFO - load_model:23 - Model loaded from C:\Users\bhati\OneDrive\Desktop\GeoAware_NEW\geoaware\flood\models\flood_model.pkl
2025-12-07 14:43:47,205 - geoaware.flood.ml.features - INFO - load_scaler:89 - Scaler loaded from C:\Users\bhati\OneDrive\Desktop\GeoAware_NEW\geoaware\flood\models\scaler.pkl
2025-12-07 14:44:01,374 - geoaware.flood.ml.predict - INFO - load_model:23 - Model loaded from C:\Users\bhati\OneDrive\Desktop\GeoAware_NEW\geoaware\flood\models\flood_model.pkl
2025-12-07 14:44:01,375 - geoaware.flood.ml.features - INFO - load_scaler:89 - Scaler loaded from C:\Users\bhati\OneDrive\Desktop\GeoAware_NEW\geoaware\flood\models\scaler.pkl
2025-12-07 14:44:41,005 - geoaware.flood.ml.predict - INFO - load_model:23 - Model loaded from C:\Users\bhati\OneDrive\Desktop\GeoAware_NEW\geoaware\flood\models\flood_model.pkl
2025-12-07 14:44:41,006 - geoaware.flood.ml.features - INFO - load_scaler:89 - Scaler loaded from C:\Users\bhati\OneDrive\Desktop\GeoAware_NEW\geoaware\flood\models\scaler.pkl
2025-12-07 14:44:41,006 - main - INFO - lifespan:94 -   > GeoAware model loaded successfully
2025-12-07 14:44:41,006 - main - INFO - lifespan:100 - All modules initialized successfully
2025-12-07 14:45:04,853 - geoaware.flood.ml.predict - INFO - load_model:23 - Model loaded from C:\Users\bhati\OneDrive\Desktop\GeoAware_NEW\geoaware\flood\models\flood_model.pkl
2025-12-07 14:45:04,854 - geoaware.flood.ml.features - INFO - load_scaler:89 - Scaler loaded from C:\Users\bhati\OneDrive\Desktop\GeoAware_NEW\geoaware\flood\models\scaler.pkl
2025-12-07 14:45:04,854 - main - INFO - lifespan:94 -   > GeoAware model loaded successfully
2025-12-07 14:45:04,854 - main - INFO - lifespan:100 - All modules initialized successfully
2025-12-07 14:47:07,932 - geoaware.flood.ml.predict - INFO - load_model:23 - Model loaded from C:\Users\bhati\OneDrive\Desktop\GeoAware_NEW\geoaware\flood\models\flood_model.pkl
2025-12-07 14:47:07,932 - geoaware.flood.ml.features - INFO - load_scaler:89 - Scaler loaded from C:\Users\bhati\OneDrive\Desktop\GeoAware_NEW\geoaware\flood\models\scaler.pkl
2025-12-07 14:47:07,933 - main - INFO - lifespan:94 -   > GeoAware model loaded successfully
2025-12-07 14:47:07,933 - main - INFO - lifespan:100 - All modules initialized successfully
2025-12-07 14:47:56,682 - geoaware.flood.api.routes - INFO - predict_flood_risk:50 - Received prediction request: rainfall=500.0 river_level=50.0 soil_moisture=100.0 land_slope=90.0 population_density=5000.0
2025-12-07 14:47:56,700 - geoaware.flood.ml.features - DEBUG - preprocess:79 - Features scaled: [[2.56807544 2.6002724  1.98511628 3.49821972 4.1683679 ]]
2025-12-07 14:47:56,751 - geoaware.flood.ml.predict - INFO - predict_flood_risk:71 - Prediction: high (confidence: 0.76)
2025-12-07 14:47:56,752 - geoaware.flood.api.routes - INFO - predict_flood_risk:64 - Prediction result: {'risk_level': 'high', 'confidence': 0.76, 'probability_distribution': {'low': 0.0, 'medium': 0.24, 'high': 0.76}}
2025-12-07 14:49:09,478 - main - INFO - lifespan:105 - Shutting down GeoAware Unified Application...
2025-12-07 14:49:09,479 - main - INFO - lifespan:106 - Cleanup complete
2025-12-07 14:50:02,058 - geoaware.flood.ml.predict - INFO - load_model:23 - Model loaded from C:\Users\bhati\OneDrive\Desktop\GeoAware_NEW\geoaware\flood\models\flood_model.pkl
2025-12-07 14:50:02,059 - geoaware.flood.ml.features - INFO - load_scaler:89 - Scaler loaded from C:\Users\bhati\OneDrive\Desktop\GeoAware_NEW\geoaware\flood\models\scaler.pkl
2025-12-07 14:50:02,059 - main - INFO - lifespan:94 -   > GeoAware model loaded successfully
2025-12-07 14:50:02,060 - main - INFO - lifespan:100 - All modules initialized successfully
2025-12-07 14:50:41,913 - geoaware.flood.ml.predict - INFO - load_model:23 - Model loaded from C:\Users\bhati\OneDrive\Desktop\GeoAware_NEW\geoaware\flood\models\flood_model.pkl
2025-12-07 14:50:41,914 - geoaware.flood.ml.features - INFO - load_scaler:89 - Scaler loaded from C:\Users\bhati\OneDrive\Desktop\GeoAware_NEW\geoaware\flood\models\scaler.pkl
2025-12-07 14:50:41,914 - main - INFO - lifespan:94 -   > GeoAware model loaded successfully
2025-12-07 14:50:41,914 - main - INFO - lifespan:100 - All modules initialized successfully
2025-12-07 14:51:10,787 - geoaware.flood.ml.predict - INFO - load_model:23 - Model loaded from C:\Users\bhati\OneDrive\Desktop\GeoAware_NEW\geoaware\flood\models\flood_model.pkl
2025-12-07 14:51:10,788 - geoaware.flood.ml.features - INFO - load_scaler:89 - Scaler loaded from C:\Users\bhati\OneDrive\Desktop\GeoAware_NEW\geoaware\flood\models\scaler.pkl
2025-12-07 14:51:10,788 - main - INFO - lifespan:94 -   > GeoAware model loaded successfully
2025-12-07 14:51:10,788 - main - INFO - lifespan:100 - All modules initialized successfully
2025-12-07 14:52:30,892 - geoaware.flood.ml.predict - INFO - load_model:23 - Model loaded from C:\Users\bhati\OneDrive\Desktop\GeoAware_NEW\geoaware\flood\models\flood_model.pkl
2025-12-07 14:52:30,893 - geoaware.flood.ml.features - INFO - load_scaler:89 - Scaler loaded from C:\Users\bhati\OneDrive\Desktop\GeoAware_NEW\geoaware\flood\models\scaler.pkl
2025-12-07 14:52:30,894 - main - INFO - lifespan:94 -   > GeoAware model loaded successfully
2025-12-07 14:52:30,894 - main - INFO - lifespan:100 - All modules initialized successfully
2025-12-07 14:53:04,981 - geoaware.flood.ml.predict - INFO - load_model:23 - Model loaded from C:\Users\bhati\OneDrive\Desktop\GeoAware_NEW\geoaware\flood\models\flood_model.pkl
2025-12-07 14:53:04,982 - geoaware.flood.ml.features - INFO - load_scaler:89 - Scaler loaded from C:\Users\bhati\OneDrive\Desktop\GeoAware_NEW\geoaware\flood\models\scaler.pkl
2025-12-07 14:53:04,982 - main - INFO - lifespan:94 -   > GeoAware model loaded successfully
2025-12-07 14:53:04,983 - main - INFO - lifespan:100 - All modules initialized successfully
2025-12-07 14:54:00,724 - geoaware.flood.ml.predict - INFO - load_model:23 - Model loaded from C:\Users\bhati\OneDrive\Desktop\GeoAware_NEW\geoaware\flood\models\flood_model.pkl
2025-12-07 14:54:00,725 - geoaware.flood.ml.features - INFO - load_scaler:89 - Scaler loaded from C:\Users\bhati\OneDrive\Desktop\GeoAware_NEW\geoaware\flood\models\scaler.pkl
2025-12-07 14:54:00,725 - main - INFO - lifespan:94 -   > GeoAware model loaded successfully
2025-12-07 14:54:00,726 - main - INFO - lifespan:100 - All modules initialized successfully
2025-12-07 14:54:31,323 - geoaware.flood.ml.predict - INFO - load_model:23 - Model loaded from C:\Users\bhati\OneDrive\Desktop\GeoAware_NEW\geoaware\flood\models\flood_model.pkl
2025-12-07 14:54:31,324 - geoaware.flood.ml.features - INFO - load_scaler:89 - Scaler loaded from C:\Users\bhati\OneDrive\Desktop\GeoAware_NEW\geoaware\flood\models\scaler.pkl
2025-12-07 14:54:31,324 - main - INFO - lifespan:94 -   > GeoAware model loaded successfully
2025-12-07 14:54:31,324 - main - INFO - lifespan:100 - All modules initialized successfully
2025-12-07 14:55:47,910 - geoaware.flood.ml.predict - INFO - load_model:23 - Model loaded from C:\Users\bhati\OneDrive\Desktop\GeoAware_NEW\geoaware\flood\models\flood_model.pkl
2025-12-07 14:55:47,911 - geoaware.flood.ml.features - INFO - load_scaler:89 - Scaler loaded from C:\Users\bhati\OneDrive\Desktop\GeoAware_NEW\geoaware\flood\models\scaler.pkl
2025-12-07 14:55:47,912 - main - INFO - lifespan:94 -   > GeoAware model loaded successfully
2025-12-07 14:55:47,912 - main - INFO - lifespan:100 - All modules initialized successfully
2025-12-07 14:56:35,004 - geoaware.flood.api.routes - INFO - predict_flood_risk:50 - Received prediction request: rainfall=500.0 river_level=50.0 soil_moisture=100.0 land_slope=90.0 population_density=5000.0
2025-12-07 14:56:35,006 - geoaware.flood.ml.features - DEBUG - preprocess:79 - Features scaled: [[2.56807544 2.6002724  1.98511628 3.49821972 4.1683679 ]]
2025-12-07 14:56:35,053 - geoaware.flood.ml.predict - INFO - predict_flood_risk:71 - Prediction: high (confidence: 0.76)
2025-12-07 14:56:35,054 - geoaware.flood.api.routes - INFO - predict_flood_risk:64 - Prediction result: {'risk_level': 'high', 'confidence': 0.76, 'probability_distribution': {'low': 0.0, 'medium': 0.24, 'high': 0.76}}
2025-12-07 14:56:54,632 - main - INFO - lifespan:105 - Shutting down GeoAware Unified Application...
2025-12-07 14:56:54,633 - main - INFO - lifespan:106 - Cleanup complete
2025-12-07 14:58:37,417 - geoaware.flood.ml.predict - INFO - load_model:23 - Model loaded from C:\Users\bhati\OneDrive\Desktop\GeoAware_NEW\geoaware\flood\models\flood_model.pkl
2025-12-07 14:58:37,418 - geoaware.flood.ml.features - INFO - load_scaler:89 - Scaler loaded from C:\Users\bhati\OneDrive\Desktop\GeoAware_NEW\geoaware\flood\models\scaler.pkl
2025-12-07 14:58:37,418 - main - INFO - lifespan:94 -   > GeoAware model loaded successfully
2025-12-07 14:58:37,418 - main - INFO - lifespan:100 - All modules initialized successfully
2025-12-07 14:59:01,631 - geoaware.flood.ml.predict - INFO - load_model:23 - Model loaded from C:\Users\bhati\OneDrive\Desktop\GeoAware_NEW\geoaware\flood\models\flood_model.pkl
2025-12-07 14:59:01,632 - geoaware.flood.ml.features - INFO - load_scaler:89 - Scaler loaded from C:\Users\bhati\OneDrive\Desktop\GeoAware_NEW\geoaware\flood\models\scaler.pkl
2025-12-07 14:59:01,632 - main - INFO - lifespan:94 -   > GeoAware model loaded successfully
2025-12-07 14:59:01,632 - main - INFO - lifespan:100 - All modules initialized successfully
2025-12-07 15:11:12,682 - geoaware.flood.ml.predict - INFO - load_model:23 - Model loaded from C:\Users\bhati\OneDrive\Desktop\GeoAware_NEW\geoaware\flood\models\flood_model.pkl
2025-12-07 15:11:12,683 - geoaware.flood.ml.features - INFO - load_scaler:89 - Scaler loaded from C:\Users\bhati\OneDrive\Desktop\GeoAware_NEW\geoaware\flood\models\scaler.pkl
2025-12-07 15:11:12,684 - main - INFO - lifespan:94 -   > GeoAware model loaded successfully
2025-12-07 15:11:12,684 - main - INFO - lifespan:100 - All modules initialized successfully
2025-12-07 15:12:33,240 - main - INFO - lifespan:105 - Shutting down GeoAware Unified Application...
2025-12-07 15:12:33,241 - main - INFO - lifespan:106 - Cleanup complete
2025-12-07 15:13:02,237 - geoaware.flood.ml.predict - INFO - load_model:23 - Model loaded from C:\Users\bhati\OneDrive\Desktop\GeoAware_NEW\geoaware\flood\models\flood_model.pkl
2025-12-07 15:13:02,237 - geoaware.flood.ml.features - INFO - load_scaler:89 - Scaler loaded from C:\Users\bhati\OneDrive\Desktop\GeoAware_NEW\geoaware\flood\models\scaler.pkl
2025-12-07 15:13:02,237 - main - INFO - lifespan:94 -   > GeoAware model loaded successfully
2025-12-07 15:13:02,237 - main - INFO - lifespan:100 - All modules initialized successfully
2025-12-07 15:13:30,335 - geoaware.flood.ml.predict - INFO - load_model:23 - Model loaded from C:\Users\bhati\OneDrive\Desktop\GeoAware_NEW\geoaware\flood\models\flood_model.pkl
2025-12-07 15:13:30,335 - geoaware.flood.ml.features - INFO - load_scaler:89 - Scaler loaded from C:\Users\bhati\OneDrive\Desktop\GeoAware_NEW\geoaware\flood\models\scaler.pkl
2025-12-07 15:13:30,336 - main - INFO - lifespan:94 -   > GeoAware model loaded successfully
2025-12-07 15:13:30,336 - main - INFO - lifespan:100 - All modules initialized successfully
2025-12-07 15:14:13,617 - geoaware.flood.ml.predict - INFO - load_model:23 - Model loaded from C:\Users\bhati\OneDrive\Desktop\GeoAware_NEW\geoaware\flood\models\flood_model.pkl
2025-12-07 15:14:13,618 - geoaware.flood.ml.features - INFO - load_scaler:89 - Scaler loaded from C:\Users\bhati\OneDrive\Desktop\GeoAware_NEW\geoaware\flood\models\scaler.pkl
2025-12-07 15:14:13,618 - main - INFO - lifespan:94 -   > GeoAware model loaded successfully
2025-12-07 15:14:13,619 - main - INFO - lifespan:100 - All modules initialized successfully
2025-12-07 16:49:57,071 - flood.main - INFO - lifespan:17 - Starting GeoAware Flood Risk API...
2025-12-07 16:49:58,349 - flood.ml.predict - INFO - load_model:23 - Model loaded from C:\Users\bhati\OneDrive\Desktop\GeoAware_NEW\geoaware\flood\models\flood_model.pkl
2025-12-07 16:49:58,351 - flood.ml.features - INFO - load_scaler:89 - Scaler loaded from C:\Users\bhati\OneDrive\Desktop\GeoAware_NEW\geoaware\flood\models\scaler.pkl
2025-12-07 16:50:22,382 - flood.api.routes - INFO - predict_flood_risk:50 - Received prediction request: rainfall=500.0 river_level=50.0 soil_moisture=100.0 land_slope=90.0 population_density=5000.0
2025-12-07 16:50:22,385 - flood.ml.features - DEBUG - preprocess:79 - Features scaled: [[2.56807544 2.6002724  1.98511628 3.49821972 4.1683679 ]]
2025-12-07 16:50:22,385 - flood.ml.predict - ERROR - predict_flood_risk:88 - Prediction error: 'DecisionTreeClassifier' object has no attribute 'monotonic_cst'
2025-12-07 16:50:22,385 - flood.api.routes - ERROR - predict_flood_risk:72 - Prediction error: 'DecisionTreeClassifier' object has no attribute 'monotonic_cst'
2025-12-07 16:50:38,414 - __main__ - INFO - train:142 - ==================================================
2025-12-07 16:50:38,415 - __main__ - INFO - train:143 - Starting Flood Risk Model Training
2025-12-07 16:50:38,415 - __main__ - INFO - train:144 - ==================================================
2025-12-07 16:50:38,437 - __main__ - INFO - load_data:39 - Dataset loaded: 2000 rows, 6 columns
2025-12-07 16:50:38,437 - __main__ - INFO - preprocess_data:55 - Starting data preprocessing...
2025-12-07 16:50:38,442 - __main__ - INFO - preprocess_data:67 - Rows after removing NaN: 2000
2025-12-07 16:50:38,445 - __main__ - INFO - preprocess_data:73 - Features shape: (2000, 5)
2025-12-07 16:50:38,447 - __main__ - INFO - preprocess_data:74 - Target distribution:
flood_risk
1    1346
2     386
0     268
Name: count, dtype: int64
2025-12-07 16:50:38,451 - __main__ - INFO - split_data:86 - Train set: 1600, Test set: 400
2025-12-07 16:50:38,453 - __main__ - INFO - scale_features:95 - Features scaled using StandardScaler
2025-12-07 16:50:38,454 - __main__ - INFO - train_model:99 - Training RandomForestClassifier...
2025-12-07 16:50:38,638 - __main__ - INFO - train_model:114 - Training accuracy: 1.0000
2025-12-07 16:50:38,638 - __main__ - INFO - train_model:115 - Testing accuracy: 0.8650
2025-12-07 16:50:38,664 - __main__ - INFO - evaluate_model:121 - 
=== Classification Report ===
2025-12-07 16:50:38,669 - __main__ - INFO - evaluate_model:122 - 
              precision    recall  f1-score   support

           0       0.86      0.69      0.76        54
           1       0.86      0.95      0.90       269
           2       0.87      0.70      0.78        77

    accuracy                           0.86       400
   macro avg       0.87      0.78      0.81       400
weighted avg       0.87      0.86      0.86       400

2025-12-07 16:50:38,669 - __main__ - INFO - evaluate_model:124 - 
=== Confusion Matrix ===
2025-12-07 16:50:38,670 - __main__ - INFO - evaluate_model:125 - 
[[ 37  17   0]
 [  6 255   8]
 [  0  23  54]]
2025-12-07 16:50:38,677 - __main__ - INFO - save_model:133 - Model saved to C:\Users\bhati\OneDrive\Desktop\GeoAware_NEW\geoaware\flood\models\flood_model.pkl
2025-12-07 16:50:38,678 - __main__ - INFO - save_model:137 - Scaler saved to C:\Users\bhati\OneDrive\Desktop\GeoAware_NEW\geoaware\flood\models\scaler.pkl
2025-12-07 16:50:38,678 - __main__ - INFO - train:161 - ==================================================
2025-12-07 16:50:38,678 - __main__ - INFO - train:162 - Training completed successfully!
2025-12-07 16:50:38,678 - __main__ - INFO - train:163 - ==================================================
2025-12-07 16:51:03,368 - flood.main - INFO - lifespan:17 - Starting GeoAware Flood Risk API...
2025-12-07 16:51:04,074 - flood.ml.predict - INFO - load_model:23 - Model loaded from C:\Users\bhati\OneDrive\Desktop\GeoAware_NEW\geoaware\flood\models\flood_model.pkl
2025-12-07 16:51:04,084 - flood.ml.features - INFO - load_scaler:89 - Scaler loaded from C:\Users\bhati\OneDrive\Desktop\GeoAware_NEW\geoaware\flood\models\scaler.pkl
2025-12-07 16:51:04,101 - flood.main - INFO - lifespan:29 - Shutting down GeoAware Flood Risk API...
2025-12-07 16:51:43,418 - flood.main - INFO - lifespan:17 - Starting GeoAware Flood Risk API...
2025-12-07 16:51:44,111 - flood.ml.predict - INFO - load_model:23 - Model loaded from C:\Users\bhati\OneDrive\Desktop\GeoAware_NEW\geoaware\flood\models\flood_model.pkl
2025-12-07 16:51:44,112 - flood.ml.features - INFO - load_scaler:89 - Scaler loaded from C:\Users\bhati\OneDrive\Desktop\GeoAware_NEW\geoaware\flood\models\scaler.pkl
2025-12-07 16:57:05,664 - __main__ - INFO - train:142 - ==================================================
2025-12-07 16:57:05,664 - __main__ - INFO - train:143 - Starting Flood Risk Model Training
2025-12-07 16:57:05,664 - __main__ - INFO - train:144 - ==================================================
2025-12-07 16:57:05,681 - __main__ - INFO - load_data:39 - Dataset loaded: 2000 rows, 6 columns
2025-12-07 16:57:05,681 - __main__ - INFO - preprocess_data:55 - Starting data preprocessing...
2025-12-07 16:57:05,684 - __main__ - INFO - preprocess_data:67 - Rows after removing NaN: 2000
2025-12-07 16:57:05,685 - __main__ - INFO - preprocess_data:73 - Features shape: (2000, 5)
2025-12-07 16:57:05,687 - __main__ - INFO - preprocess_data:74 - Target distribution:
flood_risk
1    1346
2     386
0     268
Name: count, dtype: int64
2025-12-07 16:57:05,689 - __main__ - INFO - split_data:86 - Train set: 1600, Test set: 400
2025-12-07 16:57:05,691 - __main__ - INFO - scale_features:95 - Features scaled using StandardScaler
2025-12-07 16:57:05,691 - __main__ - INFO - train_model:99 - Training RandomForestClassifier...
2025-12-07 16:57:05,938 - __main__ - INFO - train_model:114 - Training accuracy: 1.0000
2025-12-07 16:57:05,939 - __main__ - INFO - train_model:115 - Testing accuracy: 0.8650
2025-12-07 16:57:05,964 - __main__ - INFO - evaluate_model:121 - 
=== Classification Report ===
2025-12-07 16:57:05,969 - __main__ - INFO - evaluate_model:122 - 
              precision    recall  f1-score   support

           0       0.86      0.69      0.76        54
           1       0.86      0.95      0.90       269
           2       0.87      0.70      0.78        77

    accuracy                           0.86       400
   macro avg       0.87      0.78      0.81       400
weighted avg       0.87      0.86      0.86       400

2025-12-07 16:57:05,970 - __main__ - INFO - evaluate_model:124 - 
=== Confusion Matrix ===
2025-12-07 16:57:05,970 - __main__ - INFO - evaluate_model:125 - 
[[ 37  17   0]
 [  6 255   8]
 [  0  23  54]]
2025-12-07 16:57:05,977 - __main__ - INFO - save_model:133 - Model saved to C:\Users\bhati\OneDrive\Desktop\GeoAware_NEW\geoaware\flood\models\flood_model.pkl
2025-12-07 16:57:05,978 - __main__ - INFO - save_model:137 - Scaler saved to C:\Users\bhati\OneDrive\Desktop\GeoAware_NEW\geoaware\flood\models\scaler.pkl
2025-12-07 16:57:05,978 - __main__ - INFO - train:161 - ==================================================
2025-12-07 16:57:05,978 - __main__ - INFO - train:162 - Training completed successfully!
2025-12-07 16:57:05,978 - __main__ - INFO - train:163 - ==================================================
2025-12-07 16:57:09,140 - flood.main - INFO - lifespan:17 - Starting GeoAware Flood Risk API...
2025-12-07 16:57:09,916 - flood.ml.predict - INFO - load_model:23 - Model loaded from C:\Users\bhati\OneDrive\Desktop\GeoAware_NEW\geoaware\flood\models\flood_model.pkl
2025-12-07 16:57:09,918 - flood.ml.features - INFO - load_scaler:89 - Scaler loaded from C:\Users\bhati\OneDrive\Desktop\GeoAware_NEW\geoaware\flood\models\scaler.pkl
2025-12-07 16:57:38,822 - flood.api.routes - INFO - predict_flood_risk:50 - Received prediction request: rainfall=400.0 river_level=40.0 soil_moisture=90.0 land_slope=90.0 population_density=5000.0
2025-12-07 16:57:38,836 - flood.ml.features - DEBUG - preprocess:79 - Features scaled: [[1.71188915 1.73455812 1.52258821 3.49821972 4.1683679 ]]
2025-12-07 16:57:38,878 - flood.ml.predict - INFO - predict_flood_risk:71 - Prediction: high (confidence: 0.74)
2025-12-07 16:57:38,879 - flood.api.routes - INFO - predict_flood_risk:64 - Prediction result: {'risk_level': 'high', 'confidence': 0.74, 'probability_distribution': {'low': 0.0, 'medium': 0.26, 'high': 0.74}}
2025-12-07 16:57:54,436 - flood.api.routes - INFO - predict_flood_risk:50 - Received prediction request: rainfall=0.0 river_level=0.0 soil_moisture=0.0 land_slope=0.0 population_density=500.0
2025-12-07 16:57:54,437 - flood.ml.features - DEBUG - preprocess:79 - Features scaled: [[-1.712856   -1.728299   -2.64016442 -1.69628368 -1.16053926]]
2025-12-07 16:57:54,480 - flood.ml.predict - INFO - predict_flood_risk:71 - Prediction: low (confidence: 0.73)
2025-12-07 16:57:54,480 - flood.api.routes - INFO - predict_flood_risk:64 - Prediction result: {'risk_level': 'low', 'confidence': 0.73, 'probability_distribution': {'low': 0.73, 'medium': 0.26, 'high': 0.01}}
2025-12-07 16:58:02,694 - flood.main - INFO - lifespan:29 - Shutting down GeoAware Flood Risk API...
