2026-02-03 23:05:31 | INFO | Found 370 HDF5 files
2026-02-03 23:05:31 | INFO | [1/370]
2026-02-03 23:05:31 | INFO | Processing 3RIMG_23JAN2026_0015_L2B_IMC_V01R00.h5
2026-02-03 23:05:31 | INFO | Raw stats | mean=0.077302, std=1.284949, min=0.000000, max=60.000000
2026-02-03 23:05:32 | INFO | [2/370]
2026-02-03 23:05:32 | INFO | Processing 3RIMG_23JAN2026_0045_L2B_IMC_V01R00.h5
2026-02-03 23:05:32 | INFO | Raw stats | mean=0.068663, std=1.175077, min=0.000000, max=60.000000
2026-02-03 23:05:32 | INFO | [3/370]
2026-02-03 23:05:32 | INFO | Processing 3RIMG_23JAN2026_0115_L2B_IMC_V01R00.h5
2026-02-03 23:05:32 | INFO | Raw stats | mean=0.060169, std=1.020294, min=0.000000, max=60.000000
2026-02-03 23:05:32 | INFO | [4/370]
2026-02-03 23:05:32 | INFO | Processing 3RIMG_23JAN2026_0145_L2B_IMC_V01R00.h5
2026-02-03 23:05:32 | INFO | Raw stats | mean=0.064411, std=1.085853, min=0.000000, max=60.000000
2026-02-03 23:05:32 | INFO | [5/370]
2026-02-03 23:05:32 | INFO | Processing 3RIMG_23JAN2026_0215_L2B_IMC_V01R00.h5
2026-02-03 23:05:32 | INFO | Raw stats | mean=0.057630, std=0.947908, min=0.000000, max=60.000000
2026-02-03 23:05:33 | INFO | [6/370]
2026-02-03 23:05:33 | INFO | Processing 3RIMG_23JAN2026_0245_L2B_IMC_V01R00.h5
2026-02-03 23:05:33 | INFO | Raw stats | mean=0.056715, std=0.866319, min=0.000000, max=60.000000
2026-02-03 23:05:33 | INFO | [7/370]
2026-02-03 23:05:33 | INFO | Processing 3RIMG_23JAN2026_0315_L2B_IMC_V01R00.h5
2026-02-03 23:05:33 | INFO | Raw stats | mean=0.050084, std=0.793468, min=0.000000, max=60.000000
2026-02-03 23:05:33 | INFO | [8/370]
2026-02-03 23:05:33 | INFO | Processing 3RIMG_23JAN2026_0515_L2B_IMC_V01R00.h5
2026-02-03 23:05:33 | INFO | Raw stats | mean=0.042509, std=0.672440, min=0.000000, max=60.000000
2026-02-03 23:05:33 | INFO | [9/370]
2026-02-03 23:05:33 | INFO | Processing 3RIMG_23JAN2026_0545_L2B_IMC_V01R00.h5
2026-02-03 23:05:33 | INFO | Raw stats | mean=0.040834, std=0.677692, min=0.000000, max=60.000000
2026-02-03 23:05:34 | INFO | [10/370]
2026-02-03 23:05:34 | INFO | Processing 3RIMG_23JAN2026_0645_L2B_IMC_V01R00.h5
2026-02-03 23:05:34 | INFO | Raw stats | mean=0.040144, std=0.633184, min=0.000000, max=60.000000
2026-02-03 23:05:34 | INFO | [11/370]
2026-02-03 23:05:34 | INFO | Processing 3RIMG_23JAN2026_0715_L2B_IMC_V01R00.h5
2026-02-03 23:05:34 | INFO | Raw stats | mean=0.046927, std=0.763780, min=0.000000, max=60.000000
2026-02-03 23:05:34 | INFO | [12/370]
2026-02-03 23:05:34 | INFO | Processing 3RIMG_23JAN2026_0745_L2B_IMC_V01R00.h5
2026-02-03 23:05:34 | INFO | Raw stats | mean=0.046135, std=0.773031, min=0.000000, max=60.000000
2026-02-03 23:05:34 | INFO | [13/370]
2026-02-03 23:05:34 | INFO | Processing 3RIMG_23JAN2026_0815_L2B_IMC_V01R00.h5
2026-02-03 23:05:34 | INFO | Raw stats | mean=0.043777, std=0.711578, min=0.000000, max=60.000000
2026-02-03 23:05:34 | INFO | [14/370]
2026-02-03 23:05:34 | INFO | Processing 3RIMG_23JAN2026_0845_L2B_IMC_V01R00.h5
2026-02-03 23:05:35 | INFO | Raw stats | mean=0.044605, std=0.694260, min=0.000000, max=60.000000
2026-02-03 23:05:35 | INFO | [15/370]
2026-02-03 23:05:35 | INFO | Processing 3RIMG_23JAN2026_0915_L2B_IMC_V01R00.h5
2026-02-03 23:05:35 | INFO | Raw stats | mean=0.044688, std=0.708062, min=0.000000, max=60.000000
2026-02-03 23:05:35 | INFO | [16/370]
2026-02-03 23:05:35 | INFO | Processing 3RIMG_23JAN2026_0945_L2B_IMC_V01R00.h5
2026-02-03 23:05:35 | INFO | Raw stats | mean=0.043620, std=0.709859, min=0.000000, max=60.000000
2026-02-03 23:05:35 | INFO | [17/370]
2026-02-03 23:05:35 | INFO | Processing 3RIMG_23JAN2026_1015_L2B_IMC_V01R00.h5
2026-02-03 23:05:35 | INFO | Raw stats | mean=0.045248, std=0.753602, min=0.000000, max=60.000000
2026-02-03 23:05:35 | INFO | [18/370]
2026-02-03 23:05:35 | INFO | Processing 3RIMG_23JAN2026_1045_L2B_IMC_V01R00.h5
2026-02-03 23:05:35 | INFO | Raw stats | mean=0.048846, std=0.787849, min=0.000000, max=60.000000
2026-02-03 23:05:36 | INFO | [19/370]
2026-02-03 23:05:36 | INFO | Processing 3RIMG_23JAN2026_1115_L2B_IMC_V01R00.h5
2026-02-03 23:05:36 | INFO | Raw stats | mean=0.051472, std=0.874098, min=0.000000, max=60.000000
2026-02-03 23:05:36 | INFO | [20/370]
2026-02-03 23:05:36 | INFO | Processing 3RIMG_23JAN2026_1145_L2B_IMC_V01R00.h5
2026-02-03 23:05:36 | INFO | Raw stats | mean=0.054711, std=0.911278, min=0.000000, max=60.000000
2026-02-03 23:05:36 | INFO | [21/370]
2026-02-03 23:05:36 | INFO | Processing 3RIMG_23JAN2026_1215_L2B_IMC_V01R00.h5
2026-02-03 23:05:36 | INFO | Raw stats | mean=0.060772, std=1.009051, min=0.000000, max=60.000000
2026-02-03 23:05:36 | INFO | [22/370]
2026-02-03 23:05:36 | INFO | Processing 3RIMG_23JAN2026_1245_L2B_IMC_V01R00.h5
2026-02-03 23:05:36 | INFO | Raw stats | mean=0.063248, std=1.068052, min=0.000000, max=60.000000
2026-02-03 23:05:37 | INFO | [23/370]
2026-02-03 23:05:37 | INFO | Processing 3RIMG_23JAN2026_1315_L2B_IMC_V01R00.h5
2026-02-03 23:05:37 | INFO | Raw stats | mean=0.064667, std=1.032677, min=0.000000, max=60.000000
2026-02-03 23:05:37 | INFO | [24/370]
2026-02-03 23:05:37 | INFO | Processing 3RIMG_23JAN2026_1345_L2B_IMC_V01R00.h5
2026-02-03 23:05:37 | INFO | Raw stats | mean=0.070659, std=1.083089, min=0.000000, max=60.000000
2026-02-03 23:05:37 | INFO | [25/370]
2026-02-03 23:05:37 | INFO | Processing 3RIMG_23JAN2026_1415_L2B_IMC_V01R00.h5
2026-02-03 23:05:37 | INFO | Raw stats | mean=0.071482, std=1.091203, min=0.000000, max=60.000000
2026-02-03 23:05:37 | INFO | [26/370]
2026-02-03 23:05:37 | INFO | Processing 3RIMG_23JAN2026_1445_L2B_IMC_V01R00.h5
2026-02-03 23:05:37 | INFO | Raw stats | mean=0.073118, std=1.163992, min=0.000000, max=60.000000
2026-02-03 23:05:38 | INFO | [27/370]
2026-02-03 23:05:38 | INFO | Processing 3RIMG_23JAN2026_1515_L2B_IMC_V01R00.h5
2026-02-03 23:05:38 | INFO | Raw stats | mean=0.076468, std=1.246166, min=0.000000, max=60.000000
2026-02-03 23:05:38 | INFO | [28/370]
2026-02-03 23:05:38 | INFO | Processing 3RIMG_23JAN2026_1545_L2B_IMC_V01R00.h5
2026-02-03 23:05:38 | INFO | Raw stats | mean=0.080207, std=1.308166, min=0.000000, max=60.000000
2026-02-03 23:05:38 | INFO | [29/370]
2026-02-03 23:05:38 | INFO | Processing 3RIMG_23JAN2026_1615_L2B_IMC_V01R00.h5
2026-02-03 23:05:38 | INFO | Raw stats | mean=0.085559, std=1.363455, min=0.000000, max=60.000000
2026-02-03 23:05:38 | INFO | [30/370]
2026-02-03 23:05:38 | INFO | Processing 3RIMG_23JAN2026_1645_L2B_IMC_V01R00.h5
2026-02-03 23:05:38 | INFO | Raw stats | mean=0.072201, std=1.162434, min=0.000000, max=60.000000
2026-02-03 23:05:38 | INFO | [31/370]
2026-02-03 23:05:38 | INFO | Processing 3RIMG_23JAN2026_1715_L2B_IMC_V01R00.h5
2026-02-03 23:05:38 | INFO | Raw stats | mean=0.066267, std=1.067857, min=0.000000, max=60.000000
2026-02-03 23:05:39 | INFO | [32/370]
2026-02-03 23:05:39 | INFO | Processing 3RIMG_23JAN2026_1745_L2B_IMC_V01R00.h5
2026-02-03 23:05:39 | INFO | Raw stats | mean=0.058044, std=0.907261, min=0.000000, max=60.000000
2026-02-03 23:05:39 | INFO | [33/370]
2026-02-03 23:05:39 | INFO | Processing 3RIMG_23JAN2026_1815_L2B_IMC_V01R00.h5
2026-02-03 23:05:39 | INFO | Raw stats | mean=0.046320, std=0.769301, min=0.000000, max=60.000000
2026-02-03 23:05:39 | INFO | [34/370]
2026-02-03 23:05:39 | INFO | Processing 3RIMG_23JAN2026_1845_L2B_IMC_V01R00.h5
2026-02-03 23:05:39 | INFO | Raw stats | mean=0.047927, std=0.722345, min=0.000000, max=60.000000
2026-02-03 23:05:39 | INFO | [35/370]
2026-02-03 23:05:39 | INFO | Processing 3RIMG_23JAN2026_1915_L2B_IMC_V01R00.h5
2026-02-03 23:05:39 | INFO | Raw stats | mean=0.050917, std=0.796247, min=0.000000, max=60.000000
2026-02-03 23:05:40 | INFO | [36/370]
2026-02-03 23:05:40 | INFO | Processing 3RIMG_23JAN2026_1945_L2B_IMC_V01R00.h5
2026-02-03 23:05:40 | INFO | Raw stats | mean=0.048230, std=0.745345, min=0.000000, max=60.000000
2026-02-03 23:05:40 | INFO | [37/370]
2026-02-03 23:05:40 | INFO | Processing 3RIMG_23JAN2026_2015_L2B_IMC_V01R00.h5
2026-02-03 23:05:40 | INFO | Raw stats | mean=0.044849, std=0.714968, min=0.000000, max=60.000000
2026-02-03 23:05:40 | INFO | [38/370]
2026-02-03 23:05:40 | INFO | Processing 3RIMG_23JAN2026_2045_L2B_IMC_V01R00.h5
2026-02-03 23:05:40 | INFO | Raw stats | mean=0.044125, std=0.665105, min=0.000000, max=60.000000
2026-02-03 23:05:40 | INFO | [39/370]
2026-02-03 23:05:40 | INFO | Processing 3RIMG_23JAN2026_2115_L2B_IMC_V01R00.h5
2026-02-03 23:05:40 | INFO | Raw stats | mean=0.042621, std=0.661147, min=0.000000, max=60.000000
2026-02-03 23:05:41 | INFO | [40/370]
2026-02-03 23:05:41 | INFO | Processing 3RIMG_23JAN2026_2145_L2B_IMC_V01R00.h5
2026-02-03 23:05:41 | INFO | Raw stats | mean=0.042994, std=0.657932, min=0.000000, max=60.000000
2026-02-03 23:05:41 | INFO | [41/370]
2026-02-03 23:05:41 | INFO | Processing 3RIMG_23JAN2026_2215_L2B_IMC_V01R00.h5
2026-02-03 23:05:41 | INFO | Raw stats | mean=0.041210, std=0.603855, min=0.000000, max=60.000000
2026-02-03 23:05:41 | INFO | [42/370]
2026-02-03 23:05:41 | INFO | Processing 3RIMG_23JAN2026_2245_L2B_IMC_V01R00.h5
2026-02-03 23:05:41 | INFO | Raw stats | mean=0.039376, std=0.625430, min=0.000000, max=60.000000
2026-02-03 23:05:41 | INFO | [43/370]
2026-02-03 23:05:41 | INFO | Processing 3RIMG_23JAN2026_2315_L2B_IMC_V01R00.h5
2026-02-03 23:05:41 | INFO | Raw stats | mean=0.040409, std=0.631801, min=0.000000, max=60.000000
2026-02-03 23:05:41 | INFO | [44/370]
2026-02-03 23:05:41 | INFO | Processing 3RIMG_23JAN2026_2345_L2B_IMC_V01R00.h5
2026-02-03 23:05:42 | INFO | Raw stats | mean=0.039520, std=0.632350, min=0.000000, max=60.000000
2026-02-03 23:05:42 | INFO | [45/370]
2026-02-03 23:05:42 | INFO | Processing 3RIMG_24JAN2026_0015_L2B_IMC_V01R00.h5
2026-02-03 23:05:42 | INFO | Raw stats | mean=0.036836, std=0.578284, min=0.000000, max=60.000000
2026-02-03 23:05:42 | INFO | [46/370]
2026-02-03 23:05:42 | INFO | Processing 3RIMG_24JAN2026_0045_L2B_IMC_V01R00.h5
2026-02-03 23:05:42 | INFO | Raw stats | mean=0.036110, std=0.556970, min=0.000000, max=59.925919
2026-02-03 23:05:42 | INFO | [47/370]
2026-02-03 23:05:42 | INFO | Processing 3RIMG_24JAN2026_0115_L2B_IMC_V01R00.h5
2026-02-03 23:05:42 | INFO | Raw stats | mean=0.036508, std=0.573983, min=0.000000, max=60.000000
2026-02-03 23:05:42 | INFO | [48/370]
2026-02-03 23:05:42 | INFO | Processing 3RIMG_24JAN2026_0145_L2B_IMC_V01R00.h5
2026-02-03 23:05:42 | INFO | Raw stats | mean=0.038765, std=0.639972, min=0.000000, max=60.000000
2026-02-03 23:05:43 | INFO | [49/370]
2026-02-03 23:05:43 | INFO | Processing 3RIMG_24JAN2026_0215_L2B_IMC_V01R00.h5
2026-02-03 23:05:43 | INFO | Raw stats | mean=0.039703, std=0.691891, min=0.000000, max=60.000000
2026-02-03 23:05:43 | INFO | [50/370]
2026-02-03 23:05:43 | INFO | Processing 3RIMG_24JAN2026_0245_L2B_IMC_V01R00.h5
2026-02-03 23:05:43 | INFO | Raw stats | mean=0.037381, std=0.636047, min=0.000000, max=60.000000
2026-02-03 23:05:43 | INFO | [51/370]
2026-02-03 23:05:43 | INFO | Processing 3RIMG_24JAN2026_0315_L2B_IMC_V01R00.h5
2026-02-03 23:05:43 | INFO | Raw stats | mean=0.032963, std=0.564807, min=0.000000, max=60.000000
2026-02-03 23:05:43 | INFO | [52/370]
2026-02-03 23:05:43 | INFO | Processing 3RIMG_24JAN2026_0345_L2B_IMC_V01R00.h5
2026-02-03 23:05:43 | INFO | Raw stats | mean=0.035616, std=0.615959, min=0.000000, max=60.000000
2026-02-03 23:05:44 | INFO | [53/370]
2026-02-03 23:05:44 | INFO | Processing 3RIMG_24JAN2026_0415_L2B_IMC_V01R00.h5
2026-02-03 23:05:44 | INFO | Raw stats | mean=0.034273, std=0.588003, min=0.000000, max=60.000000
2026-02-03 23:05:44 | INFO | [54/370]
2026-02-03 23:05:44 | INFO | Processing 3RIMG_24JAN2026_0445_L2B_IMC_V01R00.h5
2026-02-03 23:05:44 | INFO | Raw stats | mean=0.031257, std=0.538763, min=0.000000, max=60.000000
2026-02-03 23:05:44 | INFO | [55/370]
2026-02-03 23:05:44 | INFO | Processing 3RIMG_24JAN2026_0515_L2B_IMC_V01R00.h5
2026-02-03 23:05:44 | INFO | Raw stats | mean=0.032735, std=0.588649, min=0.000000, max=60.000000
2026-02-03 23:05:44 | INFO | [56/370]
2026-02-03 23:05:44 | INFO | Processing 3RIMG_24JAN2026_0545_L2B_IMC_V01R00.h5
2026-02-03 23:05:44 | INFO | Raw stats | mean=0.032746, std=0.559174, min=0.000000, max=60.000000
2026-02-03 23:05:45 | INFO | [57/370]
2026-02-03 23:05:45 | INFO | Processing 3RIMG_24JAN2026_0615_L2B_IMC_V01R00.h5
2026-02-03 23:05:45 | INFO | Raw stats | mean=0.032292, std=0.604743, min=0.000000, max=60.000000
2026-02-03 23:05:45 | INFO | [58/370]
2026-02-03 23:05:45 | INFO | Processing 3RIMG_24JAN2026_0645_L2B_IMC_V01R00.h5
2026-02-03 23:05:45 | INFO | Raw stats | mean=0.031909, std=0.577302, min=0.000000, max=60.000000
2026-02-03 23:05:45 | INFO | [59/370]
2026-02-03 23:05:45 | INFO | Processing 3RIMG_24JAN2026_0715_L2B_IMC_V01R00.h5
2026-02-03 23:05:45 | INFO | Raw stats | mean=0.032726, std=0.596326, min=0.000000, max=60.000000
2026-02-03 23:05:45 | INFO | [60/370]
2026-02-03 23:05:45 | INFO | Processing 3RIMG_24JAN2026_0745_L2B_IMC_V01R00.h5
2026-02-03 23:05:45 | INFO | Raw stats | mean=0.030593, std=0.456731, min=0.000000, max=60.000000
2026-02-03 23:05:45 | INFO | [61/370]
2026-02-03 23:05:45 | INFO | Processing 3RIMG_24JAN2026_0815_L2B_IMC_V01R00.h5
2026-02-03 23:05:46 | INFO | Raw stats | mean=0.028794, std=0.394231, min=0.000000, max=60.000000
2026-02-03 23:05:46 | INFO | [62/370]
2026-02-03 23:05:46 | INFO | Processing 3RIMG_24JAN2026_0845_L2B_IMC_V01R00.h5
2026-02-03 23:05:46 | INFO | Raw stats | mean=0.030195, std=0.387792, min=0.000000, max=48.585785
2026-02-03 23:05:46 | INFO | [63/370]
2026-02-03 23:05:46 | INFO | Processing 3RIMG_24JAN2026_0915_L2B_IMC_V01R00.h5
2026-02-03 23:05:46 | INFO | Raw stats | mean=0.029884, std=0.380098, min=0.000000, max=60.000000
2026-02-03 23:05:46 | INFO | [64/370]
2026-02-03 23:05:46 | INFO | Processing 3RIMG_24JAN2026_0945_L2B_IMC_V01R00.h5
2026-02-03 23:05:46 | INFO | Raw stats | mean=0.030508, std=0.374069, min=0.000000, max=60.000000
2026-02-03 23:05:46 | INFO | [65/370]
2026-02-03 23:05:46 | INFO | Processing 3RIMG_24JAN2026_1015_L2B_IMC_V01R00.h5
2026-02-03 23:05:46 | INFO | Raw stats | mean=0.031376, std=0.396793, min=0.000000, max=60.000000
2026-02-03 23:05:47 | INFO | [66/370]
2026-02-03 23:05:47 | INFO | Processing 3RIMG_24JAN2026_1045_L2B_IMC_V01R00.h5
2026-02-03 23:05:47 | INFO | Raw stats | mean=0.030401, std=0.377978, min=0.000000, max=60.000000
2026-02-03 23:05:47 | INFO | [67/370]
2026-02-03 23:05:47 | INFO | Processing 3RIMG_24JAN2026_1115_L2B_IMC_V01R00.h5
2026-02-03 23:05:47 | INFO | Raw stats | mean=0.033974, std=0.424141, min=0.000000, max=60.000000
2026-02-03 23:05:47 | INFO | [68/370]
2026-02-03 23:05:47 | INFO | Processing 3RIMG_24JAN2026_1145_L2B_IMC_V01R00.h5
2026-02-03 23:05:47 | INFO | Raw stats | mean=0.034259, std=0.435225, min=0.000000, max=60.000000
2026-02-03 23:05:47 | INFO | [69/370]
2026-02-03 23:05:47 | INFO | Processing 3RIMG_24JAN2026_1215_L2B_IMC_V01R00.h5
2026-02-03 23:05:47 | INFO | Raw stats | mean=0.035352, std=0.481461, min=0.000000, max=60.000000
2026-02-03 23:05:48 | INFO | [70/370]
2026-02-03 23:05:48 | INFO | Processing 3RIMG_24JAN2026_1245_L2B_IMC_V01R00.h5
2026-02-03 23:05:48 | INFO | Raw stats | mean=0.037806, std=0.514687, min=0.000000, max=60.000000
2026-02-03 23:05:48 | INFO | [71/370]
2026-02-03 23:05:48 | INFO | Processing 3RIMG_24JAN2026_1315_L2B_IMC_V01R00.h5
2026-02-03 23:05:48 | INFO | Raw stats | mean=0.040016, std=0.576201, min=0.000000, max=60.000000
2026-02-03 23:05:48 | INFO | [72/370]
2026-02-03 23:05:48 | INFO | Processing 3RIMG_24JAN2026_1345_L2B_IMC_V01R00.h5
2026-02-03 23:05:48 | INFO | Raw stats | mean=0.042890, std=0.620082, min=0.000000, max=60.000000
2026-02-03 23:05:48 | INFO | [73/370]
2026-02-03 23:05:48 | INFO | Processing 3RIMG_24JAN2026_1415_L2B_IMC_V01R00.h5
2026-02-03 23:05:48 | INFO | Raw stats | mean=0.046129, std=0.726381, min=0.000000, max=60.000000
2026-02-03 23:05:48 | INFO | [74/370]
2026-02-03 23:05:48 | INFO | Processing 3RIMG_24JAN2026_1445_L2B_IMC_V01R00.h5
2026-02-03 23:05:49 | INFO | Raw stats | mean=0.049260, std=0.879807, min=0.000000, max=60.000000
2026-02-03 23:05:49 | INFO | [75/370]
2026-02-03 23:05:49 | INFO | Processing 3RIMG_24JAN2026_1515_L2B_IMC_V01R00.h5
2026-02-03 23:05:49 | INFO | Raw stats | mean=0.048897, std=0.897057, min=0.000000, max=60.000000
2026-02-03 23:05:49 | INFO | [76/370]
2026-02-03 23:05:49 | INFO | Processing 3RIMG_24JAN2026_1545_L2B_IMC_V01R00.h5
2026-02-03 23:05:49 | INFO | Raw stats | mean=0.054080, std=1.024836, min=0.000000, max=60.000000
2026-02-03 23:05:49 | INFO | [77/370]
2026-02-03 23:05:49 | INFO | Processing 3RIMG_24JAN2026_1615_L2B_IMC_V01R00.h5
2026-02-03 23:05:49 | INFO | Raw stats | mean=0.058439, std=1.100752, min=0.000000, max=60.000000
2026-02-03 23:05:49 | INFO | [78/370]
2026-02-03 23:05:49 | INFO | Processing 3RIMG_24JAN2026_1645_L2B_IMC_V01R00.h5
2026-02-03 23:05:49 | INFO | Raw stats | mean=0.049783, std=0.958504, min=0.000000, max=60.000000
2026-02-03 23:05:50 | INFO | [79/370]
2026-02-03 23:05:50 | INFO | Processing 3RIMG_24JAN2026_1715_L2B_IMC_V01R00.h5
2026-02-03 23:05:50 | INFO | Raw stats | mean=0.043301, std=0.907008, min=0.000000, max=60.000000
2026-02-03 23:05:50 | INFO | [80/370]
2026-02-03 23:05:50 | INFO | Processing 3RIMG_24JAN2026_1745_L2B_IMC_V01R00.h5
2026-02-03 23:05:50 | INFO | Raw stats | mean=0.040061, std=0.722402, min=0.000000, max=60.000000
2026-02-03 23:05:50 | INFO | [81/370]
2026-02-03 23:05:50 | INFO | Processing 3RIMG_24JAN2026_1815_L2B_IMC_V01R00.h5
2026-02-03 23:05:50 | INFO | Raw stats | mean=0.029092, std=0.457489, min=0.000000, max=60.000000
2026-02-03 23:05:50 | INFO | [82/370]
2026-02-03 23:05:50 | INFO | Processing 3RIMG_24JAN2026_1845_L2B_IMC_V01R00.h5
2026-02-03 23:05:51 | INFO | Raw stats | mean=0.029849, std=0.404113, min=0.000000, max=59.344841
2026-02-03 23:05:51 | INFO | [83/370]
2026-02-03 23:05:51 | INFO | Processing 3RIMG_24JAN2026_1915_L2B_IMC_V01R00.h5
2026-02-03 23:05:51 | INFO | Raw stats | mean=0.030029, std=0.419727, min=0.000000, max=60.000000
2026-02-03 23:05:51 | INFO | [84/370]
2026-02-03 23:05:51 | INFO | Processing 3RIMG_24JAN2026_1945_L2B_IMC_V01R00.h5
2026-02-03 23:05:51 | INFO | Raw stats | mean=0.031903, std=0.440701, min=0.000000, max=60.000000
2026-02-03 23:05:51 | INFO | [85/370]
2026-02-03 23:05:51 | INFO | Processing 3RIMG_24JAN2026_2015_L2B_IMC_V01R00.h5
2026-02-03 23:05:51 | INFO | Raw stats | mean=0.027708, std=0.360423, min=0.000000, max=48.834915
2026-02-03 23:05:51 | INFO | [86/370]
2026-02-03 23:05:51 | INFO | Processing 3RIMG_24JAN2026_2045_L2B_IMC_V01R00.h5
2026-02-03 23:05:52 | INFO | Raw stats | mean=0.029246, std=0.374999, min=0.000000, max=48.769207
2026-02-03 23:05:52 | INFO | [87/370]
2026-02-03 23:05:52 | INFO | Processing 3RIMG_24JAN2026_2115_L2B_IMC_V01R00.h5
2026-02-03 23:05:52 | INFO | Raw stats | mean=0.030429, std=0.391538, min=0.000000, max=48.244717
2026-02-03 23:05:52 | INFO | [88/370]
2026-02-03 23:05:52 | INFO | Processing 3RIMG_24JAN2026_2145_L2B_IMC_V01R00.h5
2026-02-03 23:05:52 | INFO | Raw stats | mean=0.031971, std=0.392356, min=0.000000, max=39.799709
2026-02-03 23:05:52 | INFO | [89/370]
2026-02-03 23:05:52 | INFO | Processing 3RIMG_24JAN2026_2215_L2B_IMC_V01R00.h5
2026-02-03 23:05:52 | INFO | Raw stats | mean=0.030722, std=0.364301, min=0.000000, max=33.828587
2026-02-03 23:05:52 | INFO | [90/370]
2026-02-03 23:05:52 | INFO | Processing 3RIMG_24JAN2026_2245_L2B_IMC_V01R00.h5
2026-02-03 23:05:53 | INFO | Raw stats | mean=0.030599, std=0.357966, min=0.000000, max=36.753426
2026-02-03 23:05:53 | INFO | [91/370]
2026-02-03 23:05:53 | INFO | Processing 3RIMG_24JAN2026_2315_L2B_IMC_V01R00.h5
2026-02-03 23:05:53 | INFO | Raw stats | mean=0.030246, std=0.362848, min=0.000000, max=39.463711
2026-02-03 23:05:53 | INFO | [92/370]
2026-02-03 23:05:53 | INFO | Processing 3RIMG_24JAN2026_2345_L2B_IMC_V01R00.h5
2026-02-03 23:05:53 | INFO | Raw stats | mean=0.030198, std=0.352071, min=0.000000, max=46.028168
2026-02-03 23:05:53 | INFO | [93/370]
2026-02-03 23:05:53 | INFO | Processing 3RIMG_25JAN2026_0015_L2B_IMC_V01R00.h5
2026-02-03 23:05:53 | INFO | Raw stats | mean=0.026946, std=0.323156, min=0.000000, max=42.860920
2026-02-03 23:05:54 | INFO | [94/370]
2026-02-03 23:05:54 | INFO | Processing 3RIMG_25JAN2026_0045_L2B_IMC_V01R00.h5
2026-02-03 23:05:54 | INFO | Raw stats | mean=0.025939, std=0.290681, min=0.000000, max=38.502007
2026-02-03 23:05:54 | INFO | [95/370]
2026-02-03 23:05:54 | INFO | Processing 3RIMG_25JAN2026_0115_L2B_IMC_V01R00.h5
2026-02-03 23:05:54 | INFO | Raw stats | mean=0.023484, std=0.273293, min=0.000000, max=37.514835
2026-02-03 23:05:54 | INFO | [96/370]
2026-02-03 23:05:54 | INFO | Processing 3RIMG_25JAN2026_0145_L2B_IMC_V01R00.h5
2026-02-03 23:05:54 | INFO | Raw stats | mean=0.024632, std=0.293195, min=0.000000, max=37.075596
2026-02-03 23:05:54 | INFO | [97/370]
2026-02-03 23:05:54 | INFO | Processing 3RIMG_25JAN2026_0215_L2B_IMC_V01R00.h5
2026-02-03 23:05:54 | INFO | Raw stats | mean=0.022893, std=0.280934, min=0.000000, max=30.778313
2026-02-03 23:05:55 | INFO | [98/370]
2026-02-03 23:05:55 | INFO | Processing 3RIMG_25JAN2026_0245_L2B_IMC_V01R00.h5
2026-02-03 23:05:55 | INFO | Raw stats | mean=0.021656, std=0.269296, min=0.000000, max=21.448952
2026-02-03 23:05:55 | INFO | [99/370]
2026-02-03 23:05:55 | INFO | Processing 3RIMG_25JAN2026_0315_L2B_IMC_V01R00.h5
2026-02-03 23:05:55 | INFO | Raw stats | mean=0.021353, std=0.272137, min=0.000000, max=20.549742
2026-02-03 23:05:55 | INFO | [100/370]
2026-02-03 23:05:55 | INFO | Processing 3RIMG_25JAN2026_0345_L2B_IMC_V01R00.h5
2026-02-03 23:05:55 | INFO | Raw stats | mean=0.021377, std=0.276685, min=0.000000, max=22.025103
2026-02-03 23:05:55 | INFO | [101/370]
2026-02-03 23:05:55 | INFO | Processing 3RIMG_25JAN2026_0415_L2B_IMC_V01R00.h5
2026-02-03 23:05:55 | INFO | Raw stats | mean=0.020714, std=0.283432, min=0.000000, max=56.436638
2026-02-03 23:05:56 | INFO | [102/370]
2026-02-03 23:05:56 | INFO | Processing 3RIMG_25JAN2026_0445_L2B_IMC_V01R00.h5
2026-02-03 23:05:56 | INFO | Raw stats | mean=0.020918, std=0.297397, min=0.000000, max=50.157753
2026-02-03 23:05:56 | INFO | [103/370]
2026-02-03 23:05:56 | INFO | Processing 3RIMG_25JAN2026_0515_L2B_IMC_V01R00.h5
2026-02-03 23:05:56 | INFO | Raw stats | mean=0.021674, std=0.321127, min=0.000000, max=47.153370
2026-02-03 23:05:56 | INFO | [104/370]
2026-02-03 23:05:56 | INFO | Processing 3RIMG_25JAN2026_0545_L2B_IMC_V01R00.h5
2026-02-03 23:05:56 | INFO | Raw stats | mean=0.021545, std=0.304569, min=0.000000, max=42.246788
2026-02-03 23:05:56 | INFO | [105/370]
2026-02-03 23:05:56 | INFO | Processing 3RIMG_25JAN2026_0615_L2B_IMC_V01R00.h5
2026-02-03 23:05:56 | INFO | Raw stats | mean=0.021436, std=0.311817, min=0.000000, max=45.021763
2026-02-03 23:05:57 | INFO | [106/370]
2026-02-03 23:05:57 | INFO | Processing 3RIMG_25JAN2026_0645_L2B_IMC_V01R00.h5
2026-02-03 23:05:57 | INFO | Raw stats | mean=0.023512, std=0.332857, min=0.000000, max=48.840626
2026-02-03 23:05:57 | INFO | [107/370]
2026-02-03 23:05:57 | INFO | Processing 3RIMG_25JAN2026_0715_L2B_IMC_V01R00.h5
2026-02-03 23:05:57 | INFO | Raw stats | mean=0.024204, std=0.325511, min=0.000000, max=50.228062
2026-02-03 23:05:57 | INFO | [108/370]
2026-02-03 23:05:57 | INFO | Processing 3RIMG_25JAN2026_0745_L2B_IMC_V01R00.h5
2026-02-03 23:05:57 | INFO | Raw stats | mean=0.025829, std=0.331695, min=0.000000, max=37.335892
2026-02-03 23:05:57 | INFO | [109/370]
2026-02-03 23:05:57 | INFO | Processing 3RIMG_25JAN2026_0815_L2B_IMC_V01R00.h5
2026-02-03 23:05:57 | INFO | Raw stats | mean=0.025557, std=0.314173, min=0.000000, max=28.013517
2026-02-03 23:05:57 | INFO | [110/370]
2026-02-03 23:05:57 | INFO | Processing 3RIMG_25JAN2026_0845_L2B_IMC_V01R00.h5
2026-02-03 23:05:58 | INFO | Raw stats | mean=0.025602, std=0.318519, min=0.000000, max=30.172297
2026-02-03 23:05:58 | INFO | [111/370]
2026-02-03 23:05:58 | INFO | Processing 3RIMG_25JAN2026_0915_L2B_IMC_V01R00.h5
2026-02-03 23:05:58 | INFO | Raw stats | mean=0.025379, std=0.304865, min=0.000000, max=30.137802
2026-02-03 23:05:58 | INFO | [112/370]
2026-02-03 23:05:58 | INFO | Processing 3RIMG_25JAN2026_0945_L2B_IMC_V01R00.h5
2026-02-03 23:05:58 | INFO | Raw stats | mean=0.027047, std=0.334096, min=0.000000, max=32.170822
2026-02-03 23:05:58 | INFO | [113/370]
2026-02-03 23:05:58 | INFO | Processing 3RIMG_25JAN2026_1015_L2B_IMC_V01R00.h5
2026-02-03 23:05:58 | INFO | Raw stats | mean=0.026851, std=0.353251, min=0.000000, max=41.221458
2026-02-03 23:05:58 | INFO | [114/370]
2026-02-03 23:05:58 | INFO | Processing 3RIMG_25JAN2026_1045_L2B_IMC_V01R00.h5
2026-02-03 23:05:59 | INFO | Raw stats | mean=0.025782, std=0.326350, min=0.000000, max=50.458385
2026-02-03 23:05:59 | INFO | [115/370]
2026-02-03 23:05:59 | INFO | Processing 3RIMG_25JAN2026_1115_L2B_IMC_V01R00.h5
2026-02-03 23:05:59 | INFO | Raw stats | mean=0.026808, std=0.333650, min=0.000000, max=42.741966
2026-02-03 23:05:59 | INFO | [116/370]
2026-02-03 23:05:59 | INFO | Processing 3RIMG_25JAN2026_1145_L2B_IMC_V01R00.h5
2026-02-03 23:05:59 | INFO | Raw stats | mean=0.027735, std=0.375921, min=0.000000, max=42.991013
2026-02-03 23:05:59 | INFO | [117/370]
2026-02-03 23:05:59 | INFO | Processing 3RIMG_25JAN2026_1215_L2B_IMC_V01R00.h5
2026-02-03 23:05:59 | INFO | Raw stats | mean=0.029055, std=0.394416, min=0.000000, max=44.015057
2026-02-03 23:05:59 | INFO | [118/370]
2026-02-03 23:05:59 | INFO | Processing 3RIMG_25JAN2026_1245_L2B_IMC_V01R00.h5
2026-02-03 23:05:59 | INFO | Raw stats | mean=0.031663, std=0.445364, min=0.000000, max=51.415230
2026-02-03 23:06:00 | INFO | [119/370]
2026-02-03 23:06:00 | INFO | Processing 3RIMG_25JAN2026_1315_L2B_IMC_V01R00.h5
2026-02-03 23:06:00 | INFO | Raw stats | mean=0.032647, std=0.484136, min=0.000000, max=57.403809
2026-02-03 23:06:00 | INFO | [120/370]
2026-02-03 23:06:00 | INFO | Processing 3RIMG_25JAN2026_1345_L2B_IMC_V01R00.h5
2026-02-03 23:06:00 | INFO | Raw stats | mean=0.039247, std=0.621816, min=0.000000, max=60.000000
2026-02-03 23:06:00 | INFO | [121/370]
2026-02-03 23:06:00 | INFO | Processing 3RIMG_25JAN2026_1415_L2B_IMC_V01R00.h5
2026-02-03 23:06:00 | INFO | Raw stats | mean=0.041212, std=0.685792, min=0.000000, max=60.000000
2026-02-03 23:06:00 | INFO | [122/370]
2026-02-03 23:06:00 | INFO | Processing 3RIMG_25JAN2026_1445_L2B_IMC_V01R00.h5
2026-02-03 23:06:00 | INFO | Raw stats | mean=0.042251, std=0.741683, min=0.000000, max=60.000000
2026-02-03 23:06:00 | INFO | [123/370]
2026-02-03 23:06:00 | INFO | Processing 3RIMG_25JAN2026_1515_L2B_IMC_V01R00.h5
2026-02-03 23:06:01 | INFO | Raw stats | mean=0.043732, std=0.807287, min=0.000000, max=60.000000
2026-02-03 23:06:01 | INFO | [124/370]
2026-02-03 23:06:01 | INFO | Processing 3RIMG_25JAN2026_1545_L2B_IMC_V01R00.h5
2026-02-03 23:06:01 | INFO | Raw stats | mean=0.050389, std=0.950602, min=0.000000, max=60.000000
2026-02-03 23:06:01 | INFO | [125/370]
2026-02-03 23:06:01 | INFO | Processing 3RIMG_25JAN2026_1615_L2B_IMC_V01R00.h5
2026-02-03 23:06:01 | INFO | Raw stats | mean=0.054244, std=1.039608, min=0.000000, max=60.000000
2026-02-03 23:06:01 | INFO | [126/370]
2026-02-03 23:06:01 | INFO | Processing 3RIMG_25JAN2026_1645_L2B_IMC_V01R00.h5
2026-02-03 23:06:01 | INFO | Raw stats | mean=0.053016, std=1.088862, min=0.000000, max=60.000000
2026-02-03 23:06:01 | INFO | [127/370]
2026-02-03 23:06:01 | INFO | Processing 3RIMG_25JAN2026_1715_L2B_IMC_V01R00.h5
2026-02-03 23:06:01 | INFO | Raw stats | mean=0.045828, std=0.945518, min=0.000000, max=60.000000
2026-02-03 23:06:02 | INFO | [128/370]
2026-02-03 23:06:02 | INFO | Processing 3RIMG_25JAN2026_1745_L2B_IMC_V01R00.h5
2026-02-03 23:06:02 | INFO | Raw stats | mean=0.042163, std=0.766198, min=0.000000, max=60.000000
2026-02-03 23:06:02 | INFO | [129/370]
2026-02-03 23:06:02 | INFO | Processing 3RIMG_25JAN2026_1815_L2B_IMC_V01R00.h5
2026-02-03 23:06:02 | INFO | Raw stats | mean=0.036071, std=0.643474, min=0.000000, max=60.000000
2026-02-03 23:06:02 | INFO | [130/370]
2026-02-03 23:06:02 | INFO | Processing 3RIMG_25JAN2026_1945_L2B_IMC_V01R00.h5
2026-02-03 23:06:02 | INFO | Raw stats | mean=0.037379, std=0.589465, min=0.000000, max=60.000000
2026-02-03 23:06:02 | INFO | [131/370]
2026-02-03 23:06:02 | INFO | Processing 3RIMG_25JAN2026_2015_L2B_IMC_V01R00.h5
2026-02-03 23:06:02 | INFO | Raw stats | mean=0.038652, std=0.638961, min=0.000000, max=60.000000
2026-02-03 23:06:03 | INFO | [132/370]
2026-02-03 23:06:03 | INFO | Processing 3RIMG_25JAN2026_2045_L2B_IMC_V01R00.h5
2026-02-03 23:06:03 | INFO | Raw stats | mean=0.038590, std=0.658295, min=0.000000, max=60.000000
2026-02-03 23:06:03 | INFO | [133/370]
2026-02-03 23:06:03 | INFO | Processing 3RIMG_25JAN2026_2115_L2B_IMC_V01R00.h5
2026-02-03 23:06:03 | INFO | Raw stats | mean=0.040638, std=0.656503, min=0.000000, max=60.000000
2026-02-03 23:06:03 | INFO | [134/370]
2026-02-03 23:06:03 | INFO | Processing 3RIMG_25JAN2026_2145_L2B_IMC_V01R00.h5
2026-02-03 23:06:03 | INFO | Raw stats | mean=0.041395, std=0.657432, min=0.000000, max=60.000000
2026-02-03 23:06:03 | INFO | [135/370]
2026-02-03 23:06:03 | INFO | Processing 3RIMG_25JAN2026_2215_L2B_IMC_V01R00.h5
2026-02-03 23:06:03 | INFO | Raw stats | mean=0.039711, std=0.644601, min=0.000000, max=60.000000
2026-02-03 23:06:03 | INFO | [136/370]
2026-02-03 23:06:03 | INFO | Processing 3RIMG_25JAN2026_2245_L2B_IMC_V01R00.h5
2026-02-03 23:06:03 | INFO | Raw stats | mean=0.042073, std=0.680358, min=0.000000, max=60.000000
2026-02-03 23:06:04 | INFO | [137/370]
2026-02-03 23:06:04 | INFO | Processing 3RIMG_25JAN2026_2315_L2B_IMC_V01R00.h5
2026-02-03 23:06:04 | INFO | Raw stats | mean=0.041939, std=0.691977, min=0.000000, max=60.000000
2026-02-03 23:06:04 | INFO | [138/370]
2026-02-03 23:06:04 | INFO | Processing 3RIMG_25JAN2026_2345_L2B_IMC_V01R00.h5
2026-02-03 23:06:04 | INFO | Raw stats | mean=0.041306, std=0.694379, min=0.000000, max=60.000000
2026-02-03 23:06:04 | INFO | [139/370]
2026-02-03 23:06:04 | INFO | Processing 3RIMG_26JAN2026_0015_L2B_IMC_V01R00.h5
2026-02-03 23:06:04 | INFO | Raw stats | mean=0.039154, std=0.670581, min=0.000000, max=60.000000
2026-02-03 23:06:04 | INFO | [140/370]
2026-02-03 23:06:04 | INFO | Processing 3RIMG_26JAN2026_0045_L2B_IMC_V01R00.h5
2026-02-03 23:06:04 | INFO | Raw stats | mean=0.035670, std=0.588293, min=0.000000, max=60.000000
2026-02-03 23:06:05 | INFO | [141/370]
2026-02-03 23:06:05 | INFO | Processing 3RIMG_26JAN2026_0115_L2B_IMC_V01R00.h5
2026-02-03 23:06:05 | INFO | Raw stats | mean=0.034391, std=0.534373, min=0.000000, max=60.000000
2026-02-03 23:06:05 | INFO | [142/370]
2026-02-03 23:06:05 | INFO | Processing 3RIMG_26JAN2026_0145_L2B_IMC_V01R00.h5
2026-02-03 23:06:05 | INFO | Raw stats | mean=0.032162, std=0.497022, min=0.000000, max=60.000000
2026-02-03 23:06:05 | INFO | [143/370]
2026-02-03 23:06:05 | INFO | Processing 3RIMG_26JAN2026_0215_L2B_IMC_V01R00.h5
2026-02-03 23:06:05 | INFO | Raw stats | mean=0.033573, std=0.570924, min=0.000000, max=60.000000
2026-02-03 23:06:05 | INFO | [144/370]
2026-02-03 23:06:05 | INFO | Processing 3RIMG_26JAN2026_0245_L2B_IMC_V01R00.h5
2026-02-03 23:06:05 | INFO | Raw stats | mean=0.034088, std=0.578832, min=0.000000, max=60.000000
2026-02-03 23:06:05 | INFO | [145/370]
2026-02-03 23:06:05 | INFO | Processing 3RIMG_26JAN2026_0315_L2B_IMC_V01R00.h5
2026-02-03 23:06:06 | INFO | Raw stats | mean=0.029681, std=0.497771, min=0.000000, max=60.000000
2026-02-03 23:06:06 | INFO | [146/370]
2026-02-03 23:06:06 | INFO | Processing 3RIMG_26JAN2026_0345_L2B_IMC_V01R00.h5
2026-02-03 23:06:06 | INFO | Raw stats | mean=0.030147, std=0.505277, min=0.000000, max=55.624138
2026-02-03 23:06:06 | INFO | [147/370]
2026-02-03 23:06:06 | INFO | Processing 3RIMG_26JAN2026_0415_L2B_IMC_V01R00.h5
2026-02-03 23:06:06 | INFO | Raw stats | mean=0.029656, std=0.491817, min=0.000000, max=58.400211
2026-02-03 23:06:06 | INFO | [148/370]
2026-02-03 23:06:06 | INFO | Processing 3RIMG_26JAN2026_0445_L2B_IMC_V01R00.h5
2026-02-03 23:06:06 | INFO | Raw stats | mean=0.027905, std=0.460981, min=0.000000, max=60.000000
2026-02-03 23:06:06 | INFO | [149/370]
2026-02-03 23:06:06 | INFO | Processing 3RIMG_26JAN2026_0515_L2B_IMC_V01R00.h5
2026-02-03 23:06:06 | INFO | Raw stats | mean=0.027875, std=0.455476, min=0.000000, max=60.000000
2026-02-03 23:06:07 | INFO | [150/370]
2026-02-03 23:06:07 | INFO | Processing 3RIMG_26JAN2026_0545_L2B_IMC_V01R00.h5
2026-02-03 23:06:07 | INFO | Raw stats | mean=0.028395, std=0.484332, min=0.000000, max=60.000000
2026-02-03 23:06:07 | INFO | [151/370]
2026-02-03 23:06:07 | INFO | Processing 3RIMG_26JAN2026_0615_L2B_IMC_V01R00.h5
2026-02-03 23:06:07 | INFO | Raw stats | mean=0.027347, std=0.452836, min=0.000000, max=60.000000
2026-02-03 23:06:07 | INFO | [152/370]
2026-02-03 23:06:07 | INFO | Processing 3RIMG_26JAN2026_0645_L2B_IMC_V01R00.h5
2026-02-03 23:06:07 | INFO | Raw stats | mean=0.026584, std=0.420079, min=0.000000, max=60.000000
2026-02-03 23:06:07 | INFO | [153/370]
2026-02-03 23:06:07 | INFO | Processing 3RIMG_26JAN2026_0715_L2B_IMC_V01R00.h5
2026-02-03 23:06:07 | INFO | Raw stats | mean=0.026821, std=0.387877, min=0.000000, max=57.203129
2026-02-03 23:06:07 | INFO | [154/370]
2026-02-03 23:06:07 | INFO | Processing 3RIMG_26JAN2026_0745_L2B_IMC_V01R00.h5
2026-02-03 23:06:08 | INFO | Raw stats | mean=0.025910, std=0.367353, min=0.000000, max=58.315777
2026-02-03 23:06:08 | INFO | [155/370]
2026-02-03 23:06:08 | INFO | Processing 3RIMG_26JAN2026_0815_L2B_IMC_V01R00.h5
2026-02-03 23:06:08 | INFO | Raw stats | mean=0.026484, std=0.379404, min=0.000000, max=59.401890
2026-02-03 23:06:08 | INFO | [156/370]
2026-02-03 23:06:08 | INFO | Processing 3RIMG_26JAN2026_0845_L2B_IMC_V01R00.h5
2026-02-03 23:06:08 | INFO | Raw stats | mean=0.026822, std=0.365631, min=0.000000, max=57.181736
2026-02-03 23:06:08 | INFO | [157/370]
2026-02-03 23:06:08 | INFO | Processing 3RIMG_26JAN2026_0915_L2B_IMC_V01R00.h5
2026-02-03 23:06:08 | INFO | Raw stats | mean=0.025143, std=0.362169, min=0.000000, max=60.000000
2026-02-03 23:06:08 | INFO | [158/370]
2026-02-03 23:06:08 | INFO | Processing 3RIMG_26JAN2026_0945_L2B_IMC_V01R00.h5
2026-02-03 23:06:08 | INFO | Raw stats | mean=0.025554, std=0.352873, min=0.000000, max=53.551556
2026-02-03 23:06:09 | INFO | [159/370]
2026-02-03 23:06:09 | INFO | Processing 3RIMG_26JAN2026_1015_L2B_IMC_V01R00.h5
2026-02-03 23:06:09 | INFO | Raw stats | mean=0.025526, std=0.376222, min=0.000000, max=60.000000
2026-02-03 23:06:09 | INFO | [160/370]
2026-02-03 23:06:09 | INFO | Processing 3RIMG_26JAN2026_1045_L2B_IMC_V01R00.h5
2026-02-03 23:06:09 | INFO | Raw stats | mean=0.026571, std=0.406587, min=0.000000, max=60.000000
2026-02-03 23:06:09 | INFO | [161/370]
2026-02-03 23:06:09 | INFO | Processing 3RIMG_26JAN2026_1115_L2B_IMC_V01R00.h5
2026-02-03 23:06:09 | INFO | Raw stats | mean=0.027354, std=0.411178, min=0.000000, max=60.000000
2026-02-03 23:06:09 | INFO | [162/370]
2026-02-03 23:06:09 | INFO | Processing 3RIMG_26JAN2026_1145_L2B_IMC_V01R00.h5
2026-02-03 23:06:09 | INFO | Raw stats | mean=0.028740, std=0.438236, min=0.000000, max=60.000000
2026-02-03 23:06:10 | INFO | [163/370]
2026-02-03 23:06:10 | INFO | Processing 3RIMG_26JAN2026_1215_L2B_IMC_V01R00.h5
2026-02-03 23:06:10 | INFO | Raw stats | mean=0.032280, std=0.515718, min=0.000000, max=60.000000
2026-02-03 23:06:10 | INFO | [164/370]
2026-02-03 23:06:10 | INFO | Processing 3RIMG_26JAN2026_1245_L2B_IMC_V01R00.h5
2026-02-03 23:06:10 | INFO | Raw stats | mean=0.033741, std=0.546783, min=0.000000, max=60.000000
2026-02-03 23:06:10 | INFO | [165/370]
2026-02-03 23:06:10 | INFO | Processing 3RIMG_26JAN2026_1315_L2B_IMC_V01R00.h5
2026-02-03 23:06:10 | INFO | Raw stats | mean=0.040152, std=0.697115, min=0.000000, max=60.000000
2026-02-03 23:06:10 | INFO | [166/370]
2026-02-03 23:06:10 | INFO | Processing 3RIMG_26JAN2026_1345_L2B_IMC_V01R00.h5
2026-02-03 23:06:10 | INFO | Raw stats | mean=0.039005, std=0.677098, min=0.000000, max=60.000000
2026-02-03 23:06:10 | INFO | [167/370]
2026-02-03 23:06:10 | INFO | Processing 3RIMG_26JAN2026_1415_L2B_IMC_V01R00.h5
2026-02-03 23:06:11 | INFO | Raw stats | mean=0.039851, std=0.694309, min=0.000000, max=60.000000
2026-02-03 23:06:11 | INFO | [168/370]
2026-02-03 23:06:11 | INFO | Processing 3RIMG_26JAN2026_1445_L2B_IMC_V01R00.h5
2026-02-03 23:06:11 | INFO | Raw stats | mean=0.045162, std=0.811041, min=0.000000, max=60.000000
2026-02-03 23:06:11 | INFO | [169/370]
2026-02-03 23:06:11 | INFO | Processing 3RIMG_26JAN2026_1515_L2B_IMC_V01R00.h5
2026-02-03 23:06:11 | INFO | Raw stats | mean=0.048426, std=0.890103, min=0.000000, max=60.000000
2026-02-03 23:06:11 | INFO | [170/370]
2026-02-03 23:06:11 | INFO | Processing 3RIMG_26JAN2026_1545_L2B_IMC_V01R00.h5
2026-02-03 23:06:11 | INFO | Raw stats | mean=0.051884, std=0.937197, min=0.000000, max=60.000000
2026-02-03 23:06:11 | INFO | [171/370]
2026-02-03 23:06:11 | INFO | Processing 3RIMG_26JAN2026_1615_L2B_IMC_V01R00.h5
2026-02-03 23:06:11 | INFO | Raw stats | mean=0.053582, std=0.922270, min=0.000000, max=60.000000
2026-02-03 23:06:12 | INFO | [172/370]
2026-02-03 23:06:12 | INFO | Processing 3RIMG_26JAN2026_1645_L2B_IMC_V01R00.h5
2026-02-03 23:06:12 | INFO | Raw stats | mean=0.047865, std=0.828759, min=0.000000, max=60.000000
2026-02-03 23:06:12 | INFO | [173/370]
2026-02-03 23:06:12 | INFO | Processing 3RIMG_26JAN2026_1715_L2B_IMC_V01R00.h5
2026-02-03 23:06:12 | INFO | Raw stats | mean=0.041012, std=0.695275, min=0.000000, max=60.000000
2026-02-03 23:06:12 | INFO | [174/370]
2026-02-03 23:06:12 | INFO | Processing 3RIMG_26JAN2026_1745_L2B_IMC_V01R00.h5
2026-02-03 23:06:12 | INFO | Raw stats | mean=0.040186, std=0.694144, min=0.000000, max=60.000000
2026-02-03 23:06:12 | INFO | [175/370]
2026-02-03 23:06:12 | INFO | Processing 3RIMG_26JAN2026_1815_L2B_IMC_V01R00.h5
2026-02-03 23:06:12 | INFO | Raw stats | mean=0.033156, std=0.613089, min=0.000000, max=60.000000
2026-02-03 23:06:13 | INFO | [176/370]
2026-02-03 23:06:13 | INFO | Processing 3RIMG_26JAN2026_1845_L2B_IMC_V01R00.h5
2026-02-03 23:06:13 | INFO | Raw stats | mean=0.033440, std=0.570415, min=0.000000, max=60.000000
2026-02-03 23:06:13 | INFO | [177/370]
2026-02-03 23:06:13 | INFO | Processing 3RIMG_26JAN2026_1915_L2B_IMC_V01R00.h5
2026-02-03 23:06:13 | INFO | Raw stats | mean=0.035552, std=0.597243, min=0.000000, max=60.000000
2026-02-03 23:06:13 | INFO | [178/370]
2026-02-03 23:06:13 | INFO | Processing 3RIMG_26JAN2026_1945_L2B_IMC_V01R00.h5
2026-02-03 23:06:13 | INFO | Raw stats | mean=0.036176, std=0.605972, min=0.000000, max=60.000000
2026-02-03 23:06:13 | INFO | [179/370]
2026-02-03 23:06:13 | INFO | Processing 3RIMG_26JAN2026_2015_L2B_IMC_V01R00.h5
2026-02-03 23:06:13 | INFO | Raw stats | mean=0.034731, std=0.537477, min=0.000000, max=60.000000
2026-02-03 23:06:14 | INFO | [180/370]
2026-02-03 23:06:14 | INFO | Processing 3RIMG_26JAN2026_2045_L2B_IMC_V01R00.h5
2026-02-03 23:06:14 | INFO | Raw stats | mean=0.039315, std=0.617807, min=0.000000, max=60.000000
2026-02-03 23:06:14 | INFO | [181/370]
2026-02-03 23:06:14 | INFO | Processing 3RIMG_26JAN2026_2115_L2B_IMC_V01R00.h5
2026-02-03 23:06:14 | INFO | Raw stats | mean=0.038511, std=0.568934, min=0.000000, max=60.000000
2026-02-03 23:06:14 | INFO | [182/370]
2026-02-03 23:06:14 | INFO | Processing 3RIMG_26JAN2026_2145_L2B_IMC_V01R00.h5
2026-02-03 23:06:14 | INFO | Raw stats | mean=0.039728, std=0.592358, min=0.000000, max=60.000000
2026-02-03 23:06:14 | INFO | [183/370]
2026-02-03 23:06:14 | INFO | Processing 3RIMG_26JAN2026_2215_L2B_IMC_V01R00.h5
2026-02-03 23:06:14 | INFO | Raw stats | mean=0.042373, std=0.624481, min=0.000000, max=60.000000
2026-02-03 23:06:14 | INFO | [184/370]
2026-02-03 23:06:14 | INFO | Processing 3RIMG_26JAN2026_2245_L2B_IMC_V01R00.h5
2026-02-03 23:06:15 | INFO | Raw stats | mean=0.041969, std=0.653195, min=0.000000, max=60.000000
2026-02-03 23:06:15 | INFO | [185/370]
2026-02-03 23:06:15 | INFO | Processing 3RIMG_26JAN2026_2315_L2B_IMC_V01R00.h5
2026-02-03 23:06:15 | INFO | Raw stats | mean=0.040199, std=0.651021, min=0.000000, max=60.000000
2026-02-03 23:06:15 | INFO | [186/370]
2026-02-03 23:06:15 | INFO | Processing 3RIMG_26JAN2026_2345_L2B_IMC_V01R00.h5
2026-02-03 23:06:15 | INFO | Raw stats | mean=0.040751, std=0.699701, min=0.000000, max=60.000000
2026-02-03 23:06:15 | INFO | [187/370]
2026-02-03 23:06:15 | INFO | Processing 3RIMG_27JAN2026_0015_L2B_IMC_V01R00.h5
2026-02-03 23:06:15 | INFO | Raw stats | mean=0.039527, std=0.638730, min=0.000000, max=60.000000
2026-02-03 23:06:15 | INFO | [188/370]
2026-02-03 23:06:15 | INFO | Processing 3RIMG_27JAN2026_0045_L2B_IMC_V01R00.h5
2026-02-03 23:06:16 | INFO | Raw stats | mean=0.037843, std=0.625952, min=0.000000, max=60.000000
2026-02-03 23:06:16 | INFO | [189/370]
2026-02-03 23:06:16 | INFO | Processing 3RIMG_27JAN2026_0115_L2B_IMC_V01R00.h5
2026-02-03 23:06:16 | INFO | Raw stats | mean=0.037473, std=0.643511, min=0.000000, max=60.000000
2026-02-03 23:06:16 | INFO | [190/370]
2026-02-03 23:06:16 | INFO | Processing 3RIMG_27JAN2026_0145_L2B_IMC_V01R00.h5
2026-02-03 23:06:16 | INFO | Raw stats | mean=0.038015, std=0.680253, min=0.000000, max=60.000000
2026-02-03 23:06:17 | INFO | [191/370]
2026-02-03 23:06:17 | INFO | Processing 3RIMG_27JAN2026_0215_L2B_IMC_V01R00.h5
2026-02-03 23:06:17 | INFO | Raw stats | mean=0.038752, std=0.709483, min=0.000000, max=60.000000
2026-02-03 23:06:17 | INFO | [192/370]
2026-02-03 23:06:17 | INFO | Processing 3RIMG_27JAN2026_0245_L2B_IMC_V01R00.h5
2026-02-03 23:06:17 | INFO | Raw stats | mean=0.036318, std=0.681341, min=0.000000, max=60.000000
2026-02-03 23:06:17 | INFO | [193/370]
2026-02-03 23:06:17 | INFO | Processing 3RIMG_27JAN2026_0315_L2B_IMC_V01R00.h5
2026-02-03 23:06:18 | INFO | Raw stats | mean=0.034586, std=0.645622, min=0.000000, max=60.000000
2026-02-03 23:06:18 | INFO | [194/370]
2026-02-03 23:06:18 | INFO | Processing 3RIMG_27JAN2026_0345_L2B_IMC_V01R00.h5
2026-02-03 23:06:18 | INFO | Raw stats | mean=0.035088, std=0.640957, min=0.000000, max=60.000000
2026-02-03 23:06:18 | INFO | [195/370]
2026-02-03 23:06:18 | INFO | Processing 3RIMG_27JAN2026_0415_L2B_IMC_V01R00.h5
2026-02-03 23:06:18 | INFO | Raw stats | mean=0.032393, std=0.521712, min=0.000000, max=60.000000
2026-02-03 23:06:19 | INFO | [196/370]
2026-02-03 23:06:19 | INFO | Processing 3RIMG_27JAN2026_0445_L2B_IMC_V01R00.h5
2026-02-03 23:06:19 | INFO | Raw stats | mean=0.034316, std=0.542452, min=0.000000, max=60.000000
2026-02-03 23:06:19 | INFO | [197/370]
2026-02-03 23:06:19 | INFO | Processing 3RIMG_27JAN2026_0515_L2B_IMC_V01R00.h5
2026-02-03 23:06:19 | INFO | Raw stats | mean=0.033304, std=0.530069, min=0.000000, max=60.000000
2026-02-03 23:06:20 | INFO | [198/370]
2026-02-03 23:06:20 | INFO | Processing 3RIMG_27JAN2026_0545_L2B_IMC_V01R00.h5
2026-02-03 23:06:20 | INFO | Raw stats | mean=0.033477, std=0.509561, min=0.000000, max=60.000000
2026-02-03 23:06:20 | INFO | [199/370]
2026-02-03 23:06:20 | INFO | Processing 3RIMG_27JAN2026_0615_L2B_IMC_V01R00.h5
2026-02-03 23:06:20 | INFO | Raw stats | mean=0.031703, std=0.489625, min=0.000000, max=60.000000
2026-02-03 23:06:20 | INFO | [200/370]
2026-02-03 23:06:20 | INFO | Processing 3RIMG_27JAN2026_0645_L2B_IMC_V01R00.h5
2026-02-03 23:06:20 | INFO | Raw stats | mean=0.034291, std=0.513349, min=0.000000, max=60.000000
2026-02-03 23:06:21 | INFO | [201/370]
2026-02-03 23:06:21 | INFO | Processing 3RIMG_27JAN2026_0715_L2B_IMC_V01R00.h5
2026-02-03 23:06:21 | INFO | Raw stats | mean=0.036465, std=0.535713, min=0.000000, max=60.000000
2026-02-03 23:06:21 | INFO | [202/370]
2026-02-03 23:06:21 | INFO | Processing 3RIMG_27JAN2026_0745_L2B_IMC_V01R00.h5
2026-02-03 23:06:21 | INFO | Raw stats | mean=0.037273, std=0.596933, min=0.000000, max=60.000000
2026-02-03 23:06:21 | INFO | [203/370]
2026-02-03 23:06:21 | INFO | Processing 3RIMG_27JAN2026_0815_L2B_IMC_V01R00.h5
2026-02-03 23:06:22 | INFO | Raw stats | mean=0.040353, std=0.622572, min=0.000000, max=60.000000
2026-02-03 23:06:22 | INFO | [204/370]
2026-02-03 23:06:22 | INFO | Processing 3RIMG_27JAN2026_0845_L2B_IMC_V01R00.h5
2026-02-03 23:06:22 | INFO | Raw stats | mean=0.041396, std=0.660027, min=0.000000, max=60.000000
2026-02-03 23:06:22 | INFO | [205/370]
2026-02-03 23:06:22 | INFO | Processing 3RIMG_27JAN2026_0915_L2B_IMC_V01R00.h5
2026-02-03 23:06:22 | INFO | Raw stats | mean=0.043967, std=0.703723, min=0.000000, max=60.000000
2026-02-03 23:06:23 | INFO | [206/370]
2026-02-03 23:06:23 | INFO | Processing 3RIMG_27JAN2026_0945_L2B_IMC_V01R00.h5
2026-02-03 23:06:23 | INFO | Raw stats | mean=0.044008, std=0.750539, min=0.000000, max=60.000000
2026-02-03 23:06:23 | INFO | [207/370]
2026-02-03 23:06:23 | INFO | Processing 3RIMG_27JAN2026_1015_L2B_IMC_V01R00.h5
2026-02-03 23:06:23 | INFO | Raw stats | mean=0.048200, std=0.801790, min=0.000000, max=60.000000
2026-02-03 23:06:23 | INFO | [208/370]
2026-02-03 23:06:23 | INFO | Processing 3RIMG_27JAN2026_1045_L2B_IMC_V01R00.h5
2026-02-03 23:06:23 | INFO | Raw stats | mean=0.052010, std=0.893975, min=0.000000, max=60.000000
2026-02-03 23:06:24 | INFO | [209/370]
2026-02-03 23:06:24 | INFO | Processing 3RIMG_27JAN2026_1115_L2B_IMC_V01R00.h5
2026-02-03 23:06:24 | INFO | Raw stats | mean=0.055119, std=0.988738, min=0.000000, max=60.000000
2026-02-03 23:06:24 | INFO | [210/370]
2026-02-03 23:06:24 | INFO | Processing 3RIMG_27JAN2026_1145_L2B_IMC_V01R00.h5
2026-02-03 23:06:24 | INFO | Raw stats | mean=0.058658, std=1.053716, min=0.000000, max=60.000000
2026-02-03 23:06:24 | INFO | [211/370]
2026-02-03 23:06:24 | INFO | Processing 3RIMG_27JAN2026_1215_L2B_IMC_V01R00.h5
2026-02-03 23:06:25 | INFO | Raw stats | mean=0.059332, std=1.032311, min=0.000000, max=60.000000
2026-02-03 23:06:25 | INFO | [212/370]
2026-02-03 23:06:25 | INFO | Processing 3RIMG_27JAN2026_1245_L2B_IMC_V01R00.h5
2026-02-03 23:06:25 | INFO | Raw stats | mean=0.062203, std=1.065194, min=0.000000, max=60.000000
2026-02-03 23:06:25 | INFO | [213/370]
2026-02-03 23:06:25 | INFO | Processing 3RIMG_27JAN2026_1315_L2B_IMC_V01R00.h5
2026-02-03 23:06:25 | INFO | Raw stats | mean=0.073636, std=1.263665, min=0.000000, max=60.000000
2026-02-03 23:06:26 | INFO | [214/370]
2026-02-03 23:06:26 | INFO | Processing 3RIMG_27JAN2026_1345_L2B_IMC_V01R00.h5
2026-02-03 23:06:26 | INFO | Raw stats | mean=0.077046, std=1.321527, min=0.000000, max=60.000000
2026-02-03 23:06:26 | INFO | [215/370]
2026-02-03 23:06:26 | INFO | Processing 3RIMG_27JAN2026_1415_L2B_IMC_V01R00.h5
2026-02-03 23:06:26 | INFO | Raw stats | mean=0.081399, std=1.402111, min=0.000000, max=60.000000
2026-02-03 23:06:26 | INFO | [216/370]
2026-02-03 23:06:26 | INFO | Processing 3RIMG_27JAN2026_1445_L2B_IMC_V01R00.h5
2026-02-03 23:06:26 | INFO | Raw stats | mean=0.084414, std=1.425884, min=0.000000, max=60.000000
2026-02-03 23:06:27 | INFO | [217/370]
2026-02-03 23:06:27 | INFO | Processing 3RIMG_27JAN2026_1515_L2B_IMC_V01R00.h5
2026-02-03 23:06:27 | INFO | Raw stats | mean=0.086096, std=1.466001, min=0.000000, max=60.000000
2026-02-03 23:06:27 | INFO | [218/370]
2026-02-03 23:06:27 | INFO | Processing 3RIMG_27JAN2026_1545_L2B_IMC_V01R00.h5
2026-02-03 23:06:27 | INFO | Raw stats | mean=0.095628, std=1.560943, min=0.000000, max=60.000000
2026-02-03 23:06:27 | INFO | [219/370]
2026-02-03 23:06:27 | INFO | Processing 3RIMG_27JAN2026_1615_L2B_IMC_V01R00.h5
2026-02-03 23:06:27 | INFO | Raw stats | mean=0.101348, std=1.633729, min=0.000000, max=60.000000
2026-02-03 23:06:28 | INFO | [220/370]
2026-02-03 23:06:28 | INFO | Processing 3RIMG_27JAN2026_1645_L2B_IMC_V01R00.h5
2026-02-03 23:06:28 | INFO | Raw stats | mean=0.093160, std=1.583323, min=0.000000, max=60.000000
2026-02-03 23:06:28 | INFO | [221/370]
2026-02-03 23:06:28 | INFO | Processing 3RIMG_27JAN2026_1715_L2B_IMC_V01R00.h5
2026-02-03 23:06:28 | INFO | Raw stats | mean=0.091421, std=1.574172, min=0.000000, max=60.000000
2026-02-03 23:06:28 | INFO | [222/370]
2026-02-03 23:06:28 | INFO | Processing 3RIMG_27JAN2026_1745_L2B_IMC_V01R00.h5
2026-02-03 23:06:29 | INFO | Raw stats | mean=0.081942, std=1.409056, min=0.000000, max=60.000000
2026-02-03 23:06:29 | INFO | [223/370]
2026-02-03 23:06:29 | INFO | Processing 3RIMG_27JAN2026_1815_L2B_IMC_V01R00.h5
2026-02-03 23:06:29 | INFO | Raw stats | mean=0.068944, std=1.202145, min=0.000000, max=60.000000
2026-02-03 23:06:29 | INFO | [224/370]
2026-02-03 23:06:29 | INFO | Processing 3RIMG_27JAN2026_1845_L2B_IMC_V01R00.h5
2026-02-03 23:06:29 | INFO | Raw stats | mean=0.069372, std=1.141951, min=0.000000, max=60.000000
2026-02-03 23:06:30 | INFO | [225/370]
2026-02-03 23:06:30 | INFO | Processing 3RIMG_27JAN2026_1915_L2B_IMC_V01R00.h5
2026-02-03 23:06:30 | INFO | Raw stats | mean=0.070009, std=1.190401, min=0.000000, max=60.000000
2026-02-03 23:06:30 | INFO | [226/370]
2026-02-03 23:06:30 | INFO | Processing 3RIMG_27JAN2026_1945_L2B_IMC_V01R00.h5
2026-02-03 23:06:30 | INFO | Raw stats | mean=0.068335, std=1.173865, min=0.000000, max=60.000000
2026-02-03 23:06:30 | INFO | [227/370]
2026-02-03 23:06:30 | INFO | Processing 3RIMG_27JAN2026_2015_L2B_IMC_V01R00.h5
2026-02-03 23:06:31 | INFO | Raw stats | mean=0.069196, std=1.141444, min=0.000000, max=60.000000
2026-02-03 23:06:31 | INFO | [228/370]
2026-02-03 23:06:31 | INFO | Processing 3RIMG_27JAN2026_2045_L2B_IMC_V01R00.h5
2026-02-03 23:06:31 | INFO | Raw stats | mean=0.067886, std=1.125462, min=0.000000, max=60.000000
2026-02-03 23:06:31 | INFO | [229/370]
2026-02-03 23:06:31 | INFO | Processing 3RIMG_27JAN2026_2115_L2B_IMC_V01R00.h5
2026-02-03 23:06:31 | INFO | Raw stats | mean=0.067208, std=1.066128, min=0.000000, max=60.000000
2026-02-03 23:06:32 | INFO | [230/370]
2026-02-03 23:06:32 | INFO | Processing 3RIMG_27JAN2026_2145_L2B_IMC_V01R00.h5
2026-02-03 23:06:32 | INFO | Raw stats | mean=0.062450, std=0.957960, min=0.000000, max=60.000000
2026-02-03 23:06:32 | INFO | [231/370]
2026-02-03 23:06:32 | INFO | Processing 3RIMG_27JAN2026_2215_L2B_IMC_V01R00.h5
2026-02-03 23:06:32 | INFO | Raw stats | mean=0.058447, std=0.872397, min=0.000000, max=60.000000
2026-02-03 23:06:32 | INFO | [232/370]
2026-02-03 23:06:32 | INFO | Processing 3RIMG_27JAN2026_2245_L2B_IMC_V01R00.h5
2026-02-03 23:06:33 | INFO | Raw stats | mean=0.054214, std=0.778465, min=0.000000, max=60.000000
2026-02-03 23:06:33 | INFO | [233/370]
2026-02-03 23:06:33 | INFO | Processing 3RIMG_27JAN2026_2315_L2B_IMC_V01R00.h5
2026-02-03 23:06:33 | INFO | Raw stats | mean=0.054706, std=0.774918, min=0.000000, max=60.000000
2026-02-03 23:06:33 | INFO | [234/370]
2026-02-03 23:06:33 | INFO | Processing 3RIMG_27JAN2026_2345_L2B_IMC_V01R00.h5
2026-02-03 23:06:33 | INFO | Raw stats | mean=0.053525, std=0.770013, min=0.000000, max=60.000000
2026-02-03 23:06:34 | INFO | [235/370]
2026-02-03 23:06:34 | INFO | Processing 3RIMG_28JAN2026_0015_L2B_IMC_V01R00.h5
2026-02-03 23:06:34 | INFO | Raw stats | mean=0.052612, std=0.796225, min=0.000000, max=60.000000
2026-02-03 23:06:34 | INFO | [236/370]
2026-02-03 23:06:34 | INFO | Processing 3RIMG_28JAN2026_0045_L2B_IMC_V01R00.h5
2026-02-03 23:06:34 | INFO | Raw stats | mean=0.048278, std=0.722035, min=0.000000, max=60.000000
2026-02-03 23:06:34 | INFO | [237/370]
2026-02-03 23:06:34 | INFO | Processing 3RIMG_28JAN2026_0115_L2B_IMC_V01R00.h5
2026-02-03 23:06:34 | INFO | Raw stats | mean=0.047980, std=0.747886, min=0.000000, max=60.000000
2026-02-03 23:06:35 | INFO | [238/370]
2026-02-03 23:06:35 | INFO | Processing 3RIMG_28JAN2026_0145_L2B_IMC_V01R00.h5
2026-02-03 23:06:35 | INFO | Raw stats | mean=0.051163, std=0.843894, min=0.000000, max=60.000000
2026-02-03 23:06:35 | INFO | [239/370]
2026-02-03 23:06:35 | INFO | Processing 3RIMG_28JAN2026_0215_L2B_IMC_V01R00.h5
2026-02-03 23:06:35 | INFO | Raw stats | mean=0.051137, std=0.863701, min=0.000000, max=60.000000
2026-02-03 23:06:35 | INFO | [240/370]
2026-02-03 23:06:35 | INFO | Processing 3RIMG_28JAN2026_0245_L2B_IMC_V01R00.h5
2026-02-03 23:06:35 | INFO | Raw stats | mean=0.047310, std=0.820390, min=0.000000, max=60.000000
2026-02-03 23:06:36 | INFO | [241/370]
2026-02-03 23:06:36 | INFO | Processing 3RIMG_28JAN2026_0315_L2B_IMC_V01R00.h5
2026-02-03 23:06:36 | INFO | Raw stats | mean=0.046369, std=0.792952, min=0.000000, max=60.000000
2026-02-03 23:06:36 | INFO | [242/370]
2026-02-03 23:06:36 | INFO | Processing 3RIMG_28JAN2026_0345_L2B_IMC_V01R00.h5
2026-02-03 23:06:36 | INFO | Raw stats | mean=0.042185, std=0.772172, min=0.000000, max=60.000000
2026-02-03 23:06:36 | INFO | [243/370]
2026-02-03 23:06:36 | INFO | Processing 3RIMG_28JAN2026_0415_L2B_IMC_V01R00.h5
2026-02-03 23:06:37 | INFO | Raw stats | mean=0.039477, std=0.646806, min=0.000000, max=60.000000
2026-02-03 23:06:37 | INFO | [244/370]
2026-02-03 23:06:37 | INFO | Processing 3RIMG_28JAN2026_0445_L2B_IMC_V01R00.h5
2026-02-03 23:06:37 | INFO | Raw stats | mean=0.034555, std=0.519155, min=0.000000, max=60.000000
2026-02-03 23:06:37 | INFO | [245/370]
2026-02-03 23:06:37 | INFO | Processing 3RIMG_28JAN2026_0515_L2B_IMC_V01R00.h5
2026-02-03 23:06:37 | INFO | Raw stats | mean=0.033458, std=0.479323, min=0.000000, max=60.000000
2026-02-03 23:06:38 | INFO | [246/370]
2026-02-03 23:06:38 | INFO | Processing 3RIMG_28JAN2026_0545_L2B_IMC_V01R00.h5
2026-02-03 23:06:38 | INFO | Raw stats | mean=0.033495, std=0.462555, min=0.000000, max=60.000000
2026-02-03 23:06:38 | INFO | [247/370]
2026-02-03 23:06:38 | INFO | Processing 3RIMG_28JAN2026_0615_L2B_IMC_V01R00.h5
2026-02-03 23:06:38 | INFO | Raw stats | mean=0.035274, std=0.495885, min=0.000000, max=60.000000
2026-02-03 23:06:38 | INFO | [248/370]
2026-02-03 23:06:38 | INFO | Processing 3RIMG_28JAN2026_0645_L2B_IMC_V01R00.h5
2026-02-03 23:06:38 | INFO | Raw stats | mean=0.033611, std=0.432080, min=0.000000, max=56.724586
2026-02-03 23:06:39 | INFO | [249/370]
2026-02-03 23:06:39 | INFO | Processing 3RIMG_28JAN2026_0715_L2B_IMC_V01R00.h5
2026-02-03 23:06:39 | INFO | Raw stats | mean=0.031277, std=0.423753, min=0.000000, max=60.000000
2026-02-03 23:06:39 | INFO | [250/370]
2026-02-03 23:06:39 | INFO | Processing 3RIMG_28JAN2026_0745_L2B_IMC_V01R00.h5
2026-02-03 23:06:39 | INFO | Raw stats | mean=0.037803, std=0.507957, min=0.000000, max=60.000000
2026-02-03 23:06:39 | INFO | [251/370]
2026-02-03 23:06:39 | INFO | Processing 3RIMG_28JAN2026_0815_L2B_IMC_V01R00.h5
2026-02-03 23:06:40 | INFO | Raw stats | mean=0.038965, std=0.488659, min=0.000000, max=60.000000
2026-02-03 23:06:40 | INFO | [252/370]
2026-02-03 23:06:40 | INFO | Processing 3RIMG_28JAN2026_0845_L2B_IMC_V01R00.h5
2026-02-03 23:06:40 | INFO | Raw stats | mean=0.038526, std=0.450334, min=0.000000, max=58.240025
2026-02-03 23:06:40 | INFO | [253/370]
2026-02-03 23:06:40 | INFO | Processing 3RIMG_28JAN2026_0915_L2B_IMC_V01R00.h5
2026-02-03 23:06:40 | INFO | Raw stats | mean=0.039579, std=0.464876, min=0.000000, max=60.000000
2026-02-03 23:06:41 | INFO | [254/370]
2026-02-03 23:06:41 | INFO | Processing 3RIMG_28JAN2026_0945_L2B_IMC_V01R00.h5
2026-02-03 23:06:41 | INFO | Raw stats | mean=0.040621, std=0.460112, min=0.000000, max=49.752556
2026-02-03 23:06:41 | INFO | [255/370]
2026-02-03 23:06:41 | INFO | Processing 3RIMG_28JAN2026_1015_L2B_IMC_V01R00.h5
2026-02-03 23:06:41 | INFO | Raw stats | mean=0.041036, std=0.469574, min=0.000000, max=60.000000
2026-02-03 23:06:41 | INFO | [256/370]
2026-02-03 23:06:41 | INFO | Processing 3RIMG_28JAN2026_1045_L2B_IMC_V01R00.h5
2026-02-03 23:06:41 | INFO | Raw stats | mean=0.041819, std=0.507421, min=0.000000, max=60.000000
2026-02-03 23:06:42 | INFO | [257/370]
2026-02-03 23:06:42 | INFO | Processing 3RIMG_28JAN2026_1115_L2B_IMC_V01R00.h5
2026-02-03 23:06:42 | INFO | Raw stats | mean=0.042813, std=0.536071, min=0.000000, max=60.000000
2026-02-03 23:06:42 | INFO | [258/370]
2026-02-03 23:06:42 | INFO | Processing 3RIMG_28JAN2026_1145_L2B_IMC_V01R00.h5
2026-02-03 23:06:42 | INFO | Raw stats | mean=0.045916, std=0.579022, min=0.000000, max=60.000000
2026-02-03 23:06:42 | INFO | [259/370]
2026-02-03 23:06:42 | INFO | Processing 3RIMG_28JAN2026_1215_L2B_IMC_V01R00.h5
2026-02-03 23:06:42 | INFO | Raw stats | mean=0.045258, std=0.566242, min=0.000000, max=60.000000
2026-02-03 23:06:42 | INFO | [260/370]
2026-02-03 23:06:42 | INFO | Processing 3RIMG_28JAN2026_1245_L2B_IMC_V01R00.h5
2026-02-03 23:06:42 | INFO | Raw stats | mean=0.046755, std=0.615563, min=0.000000, max=60.000000
2026-02-03 23:06:43 | INFO | [261/370]
2026-02-03 23:06:43 | INFO | Processing 3RIMG_28JAN2026_1315_L2B_IMC_V01R00.h5
2026-02-03 23:06:43 | INFO | Raw stats | mean=0.050815, std=0.680866, min=0.000000, max=60.000000
2026-02-03 23:06:43 | INFO | [262/370]
2026-02-03 23:06:43 | INFO | Processing 3RIMG_28JAN2026_1345_L2B_IMC_V01R00.h5
2026-02-03 23:06:43 | INFO | Raw stats | mean=0.051245, std=0.680819, min=0.000000, max=60.000000
2026-02-03 23:06:43 | INFO | [263/370]
2026-02-03 23:06:43 | INFO | Processing 3RIMG_28JAN2026_1415_L2B_IMC_V01R00.h5
2026-02-03 23:06:43 | INFO | Raw stats | mean=0.054158, std=0.756946, min=0.000000, max=60.000000
2026-02-03 23:06:43 | INFO | [264/370]
2026-02-03 23:06:43 | INFO | Processing 3RIMG_28JAN2026_1445_L2B_IMC_V01R00.h5
2026-02-03 23:06:43 | INFO | Raw stats | mean=0.054533, std=0.802325, min=0.000000, max=60.000000
2026-02-03 23:06:44 | INFO | [265/370]
2026-02-03 23:06:44 | INFO | Processing 3RIMG_28JAN2026_1515_L2B_IMC_V01R00.h5
2026-02-03 23:06:44 | INFO | Raw stats | mean=0.057066, std=0.846700, min=0.000000, max=60.000000
2026-02-03 23:06:44 | INFO | [266/370]
2026-02-03 23:06:44 | INFO | Processing 3RIMG_28JAN2026_1545_L2B_IMC_V01R00.h5
2026-02-03 23:06:44 | INFO | Raw stats | mean=0.061183, std=0.941023, min=0.000000, max=60.000000
2026-02-03 23:06:44 | INFO | [267/370]
2026-02-03 23:06:44 | INFO | Processing 3RIMG_28JAN2026_1615_L2B_IMC_V01R00.h5
2026-02-03 23:06:44 | INFO | Raw stats | mean=0.069139, std=1.072923, min=0.000000, max=60.000000
2026-02-03 23:06:44 | INFO | [268/370]
2026-02-03 23:06:44 | INFO | Processing 3RIMG_28JAN2026_1645_L2B_IMC_V01R00.h5
2026-02-03 23:06:44 | INFO | Raw stats | mean=0.064482, std=1.056497, min=0.000000, max=60.000000
2026-02-03 23:06:44 | INFO | [269/370]
2026-02-03 23:06:44 | INFO | Processing 3RIMG_28JAN2026_1715_L2B_IMC_V01R00.h5
2026-02-03 23:06:44 | INFO | Raw stats | mean=0.063219, std=1.072149, min=0.000000, max=60.000000
2026-02-03 23:06:45 | INFO | [270/370]
2026-02-03 23:06:45 | INFO | Processing 3RIMG_28JAN2026_1745_L2B_IMC_V01R00.h5
2026-02-03 23:06:45 | INFO | Raw stats | mean=0.062938, std=1.064603, min=0.000000, max=60.000000
2026-02-03 23:06:45 | INFO | [271/370]
2026-02-03 23:06:45 | INFO | Processing 3RIMG_28JAN2026_1815_L2B_IMC_V01R00.h5
2026-02-03 23:06:45 | INFO | Raw stats | mean=0.051574, std=0.843259, min=0.000000, max=60.000000
2026-02-03 23:06:45 | INFO | [272/370]
2026-02-03 23:06:45 | INFO | Processing 3RIMG_28JAN2026_1845_L2B_IMC_V01R00.h5
2026-02-03 23:06:45 | INFO | Raw stats | mean=0.051124, std=0.753903, min=0.000000, max=60.000000
2026-02-03 23:06:45 | INFO | [273/370]
2026-02-03 23:06:45 | INFO | Processing 3RIMG_28JAN2026_1915_L2B_IMC_V01R00.h5
2026-02-03 23:06:45 | INFO | Raw stats | mean=0.053089, std=0.770608, min=0.000000, max=60.000000
2026-02-03 23:06:46 | INFO | [274/370]
2026-02-03 23:06:46 | INFO | Processing 3RIMG_28JAN2026_1945_L2B_IMC_V01R00.h5
2026-02-03 23:06:46 | INFO | Raw stats | mean=0.051376, std=0.745603, min=0.000000, max=60.000000
2026-02-03 23:06:46 | INFO | [275/370]
2026-02-03 23:06:46 | INFO | Processing 3RIMG_28JAN2026_2015_L2B_IMC_V01R00.h5
2026-02-03 23:06:46 | INFO | Raw stats | mean=0.051453, std=0.760155, min=0.000000, max=60.000000
2026-02-03 23:06:46 | INFO | [276/370]
2026-02-03 23:06:46 | INFO | Processing 3RIMG_28JAN2026_2045_L2B_IMC_V01R00.h5
2026-02-03 23:06:46 | INFO | Raw stats | mean=0.054959, std=0.782218, min=0.000000, max=60.000000
2026-02-03 23:06:46 | INFO | [277/370]
2026-02-03 23:06:46 | INFO | Processing 3RIMG_28JAN2026_2115_L2B_IMC_V01R00.h5
2026-02-03 23:06:46 | INFO | Raw stats | mean=0.056405, std=0.801441, min=0.000000, max=60.000000
2026-02-03 23:06:46 | INFO | [278/370]
2026-02-03 23:06:46 | INFO | Processing 3RIMG_28JAN2026_2145_L2B_IMC_V01R00.h5
2026-02-03 23:06:47 | INFO | Raw stats | mean=0.060928, std=0.864729, min=0.000000, max=60.000000
2026-02-03 23:06:47 | INFO | [279/370]
2026-02-03 23:06:47 | INFO | Processing 3RIMG_28JAN2026_2215_L2B_IMC_V01R00.h5
2026-02-03 23:06:47 | INFO | Raw stats | mean=0.059906, std=0.892607, min=0.000000, max=60.000000
2026-02-03 23:06:47 | INFO | [280/370]
2026-02-03 23:06:47 | INFO | Processing 3RIMG_28JAN2026_2245_L2B_IMC_V01R00.h5
2026-02-03 23:06:47 | INFO | Raw stats | mean=0.057825, std=0.863721, min=0.000000, max=60.000000
2026-02-03 23:06:47 | INFO | [281/370]
2026-02-03 23:06:47 | INFO | Processing 3RIMG_28JAN2026_2315_L2B_IMC_V01R00.h5
2026-02-03 23:06:47 | INFO | Raw stats | mean=0.061701, std=0.958476, min=0.000000, max=60.000000
2026-02-03 23:06:47 | INFO | [282/370]
2026-02-03 23:06:47 | INFO | Processing 3RIMG_28JAN2026_2345_L2B_IMC_V01R00.h5
2026-02-03 23:06:47 | INFO | Raw stats | mean=0.059961, std=0.917317, min=0.000000, max=60.000000
2026-02-03 23:06:48 | INFO | [283/370]
2026-02-03 23:06:48 | INFO | Processing 3RIMG_29JAN2026_0015_L2B_IMC_V01R00.h5
2026-02-03 23:06:48 | INFO | Raw stats | mean=0.054948, std=0.828464, min=0.000000, max=60.000000
2026-02-03 23:06:48 | INFO | [284/370]
2026-02-03 23:06:48 | INFO | Processing 3RIMG_29JAN2026_0045_L2B_IMC_V01R00.h5
2026-02-03 23:06:48 | INFO | Raw stats | mean=0.053246, std=0.800832, min=0.000000, max=60.000000
2026-02-03 23:06:48 | INFO | [285/370]
2026-02-03 23:06:48 | INFO | Processing 3RIMG_29JAN2026_0115_L2B_IMC_V01R00.h5
2026-02-03 23:06:48 | INFO | Raw stats | mean=0.052892, std=0.825182, min=0.000000, max=60.000000
2026-02-03 23:06:48 | INFO | [286/370]
2026-02-03 23:06:48 | INFO | Processing 3RIMG_29JAN2026_0145_L2B_IMC_V01R00.h5
2026-02-03 23:06:48 | INFO | Raw stats | mean=0.053456, std=0.839231, min=0.000000, max=60.000000
2026-02-03 23:06:49 | INFO | [287/370]
2026-02-03 23:06:49 | INFO | Processing 3RIMG_29JAN2026_0215_L2B_IMC_V01R00.h5
2026-02-03 23:06:49 | INFO | Raw stats | mean=0.053258, std=0.898624, min=0.000000, max=60.000000
2026-02-03 23:06:49 | INFO | [288/370]
2026-02-03 23:06:49 | INFO | Processing 3RIMG_29JAN2026_0245_L2B_IMC_V01R00.h5
2026-02-03 23:06:49 | INFO | Raw stats | mean=0.049099, std=0.833849, min=0.000000, max=60.000000
2026-02-03 23:06:49 | INFO | [289/370]
2026-02-03 23:06:49 | INFO | Processing 3RIMG_29JAN2026_0315_L2B_IMC_V01R00.h5
2026-02-03 23:06:49 | INFO | Raw stats | mean=0.045645, std=0.771381, min=0.000000, max=60.000000
2026-02-03 23:06:49 | INFO | [290/370]
2026-02-03 23:06:49 | INFO | Processing 3RIMG_29JAN2026_0345_L2B_IMC_V01R00.h5
2026-02-03 23:06:49 | INFO | Raw stats | mean=0.039249, std=0.666986, min=0.000000, max=60.000000
2026-02-03 23:06:49 | INFO | [291/370]
2026-02-03 23:06:49 | INFO | Processing 3RIMG_29JAN2026_0415_L2B_IMC_V01R00.h5
2026-02-03 23:06:49 | INFO | Raw stats | mean=0.038229, std=0.633767, min=0.000000, max=60.000000
2026-02-03 23:06:50 | INFO | [292/370]
2026-02-03 23:06:50 | INFO | Processing 3RIMG_29JAN2026_0445_L2B_IMC_V01R00.h5
2026-02-03 23:06:50 | INFO | Raw stats | mean=0.038773, std=0.669465, min=0.000000, max=60.000000
2026-02-03 23:06:50 | INFO | [293/370]
2026-02-03 23:06:50 | INFO | Processing 3RIMG_29JAN2026_0515_L2B_IMC_V01R00.h5
2026-02-03 23:06:50 | INFO | Raw stats | mean=0.039249, std=0.691873, min=0.000000, max=60.000000
2026-02-03 23:06:50 | INFO | [294/370]
2026-02-03 23:06:50 | INFO | Processing 3RIMG_29JAN2026_0545_L2B_IMC_V01R00.h5
2026-02-03 23:06:50 | INFO | Raw stats | mean=0.039523, std=0.675744, min=0.000000, max=60.000000
2026-02-03 23:06:50 | INFO | [295/370]
2026-02-03 23:06:50 | INFO | Processing 3RIMG_29JAN2026_0615_L2B_IMC_V01R00.h5
2026-02-03 23:06:50 | INFO | Raw stats | mean=0.040424, std=0.675258, min=0.000000, max=60.000000
2026-02-03 23:06:51 | INFO | [296/370]
2026-02-03 23:06:51 | INFO | Processing 3RIMG_29JAN2026_0645_L2B_IMC_V01R00.h5
2026-02-03 23:06:51 | INFO | Raw stats | mean=0.040859, std=0.674912, min=0.000000, max=60.000000
2026-02-03 23:06:51 | INFO | [297/370]
2026-02-03 23:06:51 | INFO | Processing 3RIMG_29JAN2026_0715_L2B_IMC_V01R00.h5
2026-02-03 23:06:51 | INFO | Raw stats | mean=0.042628, std=0.705213, min=0.000000, max=60.000000
2026-02-03 23:06:51 | INFO | [298/370]
2026-02-03 23:06:51 | INFO | Processing 3RIMG_29JAN2026_0745_L2B_IMC_V01R00.h5
2026-02-03 23:06:51 | INFO | Raw stats | mean=0.044871, std=0.724239, min=0.000000, max=60.000000
2026-02-03 23:06:51 | INFO | [299/370]
2026-02-03 23:06:51 | INFO | Processing 3RIMG_29JAN2026_0815_L2B_IMC_V01R00.h5
2026-02-03 23:06:51 | INFO | Raw stats | mean=0.045095, std=0.703890, min=0.000000, max=60.000000
2026-02-03 23:06:51 | INFO | [300/370]
2026-02-03 23:06:51 | INFO | Processing 3RIMG_29JAN2026_0845_L2B_IMC_V01R00.h5
2026-02-03 23:06:52 | INFO | Raw stats | mean=0.048203, std=0.793055, min=0.000000, max=60.000000
2026-02-03 23:06:52 | INFO | [301/370]
2026-02-03 23:06:52 | INFO | Processing 3RIMG_29JAN2026_0915_L2B_IMC_V01R00.h5
2026-02-03 23:06:52 | INFO | Raw stats | mean=0.047178, std=0.767357, min=0.000000, max=60.000000
2026-02-03 23:06:52 | INFO | [302/370]
2026-02-03 23:06:52 | INFO | Processing 3RIMG_29JAN2026_0945_L2B_IMC_V01R00.h5
2026-02-03 23:06:52 | INFO | Raw stats | mean=0.046900, std=0.742576, min=0.000000, max=60.000000
2026-02-03 23:06:52 | INFO | [303/370]
2026-02-03 23:06:52 | INFO | Processing 3RIMG_29JAN2026_1015_L2B_IMC_V01R00.h5
2026-02-03 23:06:52 | INFO | Raw stats | mean=0.045774, std=0.683540, min=0.000000, max=60.000000
2026-02-03 23:06:52 | INFO | [304/370]
2026-02-03 23:06:52 | INFO | Processing 3RIMG_29JAN2026_1045_L2B_IMC_V01R00.h5
2026-02-03 23:06:52 | INFO | Raw stats | mean=0.047232, std=0.742025, min=0.000000, max=60.000000
2026-02-03 23:06:53 | INFO | [305/370]
2026-02-03 23:06:53 | INFO | Processing 3RIMG_29JAN2026_1115_L2B_IMC_V01R00.h5
2026-02-03 23:06:53 | INFO | Raw stats | mean=0.047515, std=0.750459, min=0.000000, max=60.000000
2026-02-03 23:06:53 | INFO | [306/370]
2026-02-03 23:06:53 | INFO | Processing 3RIMG_29JAN2026_1145_L2B_IMC_V01R00.h5
2026-02-03 23:06:53 | INFO | Raw stats | mean=0.044954, std=0.713500, min=0.000000, max=60.000000
2026-02-03 23:06:53 | INFO | [307/370]
2026-02-03 23:06:53 | INFO | Processing 3RIMG_29JAN2026_1215_L2B_IMC_V01R00.h5
2026-02-03 23:06:53 | INFO | Raw stats | mean=0.046873, std=0.766964, min=0.000000, max=60.000000
2026-02-03 23:06:53 | INFO | [308/370]
2026-02-03 23:06:53 | INFO | Processing 3RIMG_29JAN2026_1245_L2B_IMC_V01R00.h5
2026-02-03 23:06:53 | INFO | Raw stats | mean=0.045746, std=0.749813, min=0.000000, max=60.000000
2026-02-03 23:06:54 | INFO | [309/370]
2026-02-03 23:06:54 | INFO | Processing 3RIMG_29JAN2026_1315_L2B_IMC_V01R00.h5
2026-02-03 23:06:54 | INFO | Raw stats | mean=0.047697, std=0.811718, min=0.000000, max=60.000000
2026-02-03 23:06:54 | INFO | [310/370]
2026-02-03 23:06:54 | INFO | Processing 3RIMG_29JAN2026_1345_L2B_IMC_V01R00.h5
2026-02-03 23:06:54 | INFO | Raw stats | mean=0.048378, std=0.784794, min=0.000000, max=60.000000
2026-02-03 23:06:54 | INFO | [311/370]
2026-02-03 23:06:54 | INFO | Processing 3RIMG_29JAN2026_1415_L2B_IMC_V01R00.h5
2026-02-03 23:06:54 | INFO | Raw stats | mean=0.044938, std=0.726140, min=0.000000, max=60.000000
2026-02-03 23:06:54 | INFO | [312/370]
2026-02-03 23:06:54 | INFO | Processing 3RIMG_29JAN2026_1445_L2B_IMC_V01R00.h5
2026-02-03 23:06:54 | INFO | Raw stats | mean=0.044783, std=0.679475, min=0.000000, max=60.000000
2026-02-03 23:06:54 | INFO | [313/370]
2026-02-03 23:06:54 | INFO | Processing 3RIMG_29JAN2026_1515_L2B_IMC_V01R00.h5
2026-02-03 23:06:54 | INFO | Raw stats | mean=0.043933, std=0.669014, min=0.000000, max=60.000000
2026-02-03 23:06:55 | INFO | [314/370]
2026-02-03 23:06:55 | INFO | Processing 3RIMG_29JAN2026_1545_L2B_IMC_V01R00.h5
2026-02-03 23:06:55 | INFO | Raw stats | mean=0.045626, std=0.714223, min=0.000000, max=60.000000
2026-02-03 23:06:55 | INFO | [315/370]
2026-02-03 23:06:55 | INFO | Processing 3RIMG_29JAN2026_1615_L2B_IMC_V01R00.h5
2026-02-03 23:06:55 | INFO | Raw stats | mean=0.049579, std=0.784604, min=0.000000, max=60.000000
2026-02-03 23:06:55 | INFO | [316/370]
2026-02-03 23:06:55 | INFO | Processing 3RIMG_29JAN2026_1645_L2B_IMC_V01R00.h5
2026-02-03 23:06:55 | INFO | Raw stats | mean=0.049071, std=0.862296, min=0.000000, max=60.000000
2026-02-03 23:06:55 | INFO | [317/370]
2026-02-03 23:06:55 | INFO | Processing 3RIMG_29JAN2026_1715_L2B_IMC_V01R00.h5
2026-02-03 23:06:55 | INFO | Raw stats | mean=0.042214, std=0.724994, min=0.000000, max=60.000000
2026-02-03 23:06:56 | INFO | [318/370]
2026-02-03 23:06:56 | INFO | Processing 3RIMG_29JAN2026_1945_L2B_IMC_V01R00.h5
2026-02-03 23:06:56 | INFO | Raw stats | mean=0.045994, std=0.729324, min=0.000000, max=60.000000
2026-02-03 23:06:56 | INFO | [319/370]
2026-02-03 23:06:56 | INFO | Processing 3RIMG_29JAN2026_2015_L2B_IMC_V01R00.h5
2026-02-03 23:06:56 | INFO | Raw stats | mean=0.043559, std=0.665546, min=0.000000, max=60.000000
2026-02-03 23:06:56 | INFO | [320/370]
2026-02-03 23:06:56 | INFO | Processing 3RIMG_29JAN2026_2045_L2B_IMC_V01R00.h5
2026-02-03 23:06:56 | INFO | Raw stats | mean=0.046275, std=0.719393, min=0.000000, max=60.000000
2026-02-03 23:06:56 | INFO | [321/370]
2026-02-03 23:06:56 | INFO | Processing 3RIMG_29JAN2026_2115_L2B_IMC_V01R00.h5
2026-02-03 23:06:56 | INFO | Raw stats | mean=0.052162, std=0.865259, min=0.000000, max=60.000000
2026-02-03 23:06:56 | INFO | [322/370]
2026-02-03 23:06:56 | INFO | Processing 3RIMG_29JAN2026_2145_L2B_IMC_V01R00.h5
2026-02-03 23:06:57 | INFO | Raw stats | mean=0.055026, std=0.901590, min=0.000000, max=60.000000
2026-02-03 23:06:57 | INFO | [323/370]
2026-02-03 23:06:57 | INFO | Processing 3RIMG_29JAN2026_2215_L2B_IMC_V01R00.h5
2026-02-03 23:06:57 | INFO | Raw stats | mean=0.055536, std=0.922545, min=0.000000, max=60.000000
2026-02-03 23:06:57 | INFO | [324/370]
2026-02-03 23:06:57 | INFO | Processing 3RIMG_29JAN2026_2245_L2B_IMC_V01R00.h5
2026-02-03 23:06:57 | INFO | Raw stats | mean=0.058284, std=0.998841, min=0.000000, max=60.000000
2026-02-03 23:06:57 | INFO | [325/370]
2026-02-03 23:06:57 | INFO | Processing 3RIMG_29JAN2026_2315_L2B_IMC_V01R00.h5
2026-02-03 23:06:57 | INFO | Raw stats | mean=0.057375, std=0.988602, min=0.000000, max=60.000000
2026-02-03 23:06:57 | INFO | [326/370]
2026-02-03 23:06:57 | INFO | Processing 3RIMG_29JAN2026_2345_L2B_IMC_V01R00.h5
2026-02-03 23:06:57 | INFO | Raw stats | mean=0.056072, std=1.003914, min=0.000000, max=60.000000
2026-02-03 23:06:58 | INFO | [327/370]
2026-02-03 23:06:58 | INFO | Processing 3RIMG_30JAN2026_0015_L2B_IMC_V01R00.h5
2026-02-03 23:06:58 | INFO | Raw stats | mean=0.056024, std=1.021792, min=0.000000, max=60.000000
2026-02-03 23:06:58 | INFO | [328/370]
2026-02-03 23:06:58 | INFO | Processing 3RIMG_30JAN2026_0045_L2B_IMC_V01R00.h5
2026-02-03 23:06:58 | INFO | Raw stats | mean=0.051377, std=0.923483, min=0.000000, max=60.000000
2026-02-03 23:06:58 | INFO | [329/370]
2026-02-03 23:06:58 | INFO | Processing 3RIMG_30JAN2026_0115_L2B_IMC_V01R00.h5
2026-02-03 23:06:58 | INFO | Raw stats | mean=0.054661, std=0.993566, min=0.000000, max=60.000000
2026-02-03 23:06:58 | INFO | [330/370]
2026-02-03 23:06:58 | INFO | Processing 3RIMG_30JAN2026_0145_L2B_IMC_V01R00.h5
2026-02-03 23:06:58 | INFO | Raw stats | mean=0.055046, std=1.050507, min=0.000000, max=60.000000
2026-02-03 23:06:59 | INFO | [331/370]
2026-02-03 23:06:59 | INFO | Processing 3RIMG_30JAN2026_0215_L2B_IMC_V01R00.h5
2026-02-03 23:06:59 | INFO | Raw stats | mean=0.056646, std=1.102491, min=0.000000, max=60.000000
2026-02-03 23:06:59 | INFO | [332/370]
2026-02-03 23:06:59 | INFO | Processing 3RIMG_30JAN2026_0245_L2B_IMC_V01R00.h5
2026-02-03 23:06:59 | INFO | Raw stats | mean=0.054700, std=1.083369, min=0.000000, max=60.000000
2026-02-03 23:06:59 | INFO | [333/370]
2026-02-03 23:06:59 | INFO | Processing 3RIMG_30JAN2026_0315_L2B_IMC_V01R00.h5
2026-02-03 23:06:59 | INFO | Raw stats | mean=0.052182, std=1.057063, min=0.000000, max=60.000000
2026-02-03 23:06:59 | INFO | [334/370]
2026-02-03 23:06:59 | INFO | Processing 3RIMG_30JAN2026_0345_L2B_IMC_V01R00.h5
2026-02-03 23:06:59 | INFO | Raw stats | mean=0.047742, std=0.994254, min=0.000000, max=60.000000
2026-02-03 23:07:00 | INFO | [335/370]
2026-02-03 23:07:00 | INFO | Processing 3RIMG_30JAN2026_0415_L2B_IMC_V01R00.h5
2026-02-03 23:07:00 | INFO | Raw stats | mean=0.049946, std=1.021681, min=0.000000, max=60.000000
2026-02-03 23:07:00 | INFO | [336/370]
2026-02-03 23:07:00 | INFO | Processing 3RIMG_30JAN2026_0445_L2B_IMC_V01R00.h5
2026-02-03 23:07:00 | INFO | Raw stats | mean=0.048611, std=0.972250, min=0.000000, max=60.000000
2026-02-03 23:07:00 | INFO | [337/370]
2026-02-03 23:07:00 | INFO | Processing 3RIMG_30JAN2026_0515_L2B_IMC_V01R00.h5
2026-02-03 23:07:00 | INFO | Raw stats | mean=0.047204, std=0.962853, min=0.000000, max=60.000000
2026-02-03 23:07:00 | INFO | [338/370]
2026-02-03 23:07:00 | INFO | Processing 3RIMG_30JAN2026_0545_L2B_IMC_V01R00.h5
2026-02-03 23:07:00 | INFO | Raw stats | mean=0.042998, std=0.878782, min=0.000000, max=60.000000
2026-02-03 23:07:01 | INFO | [339/370]
2026-02-03 23:07:01 | INFO | Processing 3RIMG_30JAN2026_0615_L2B_IMC_V01R00.h5
2026-02-03 23:07:01 | INFO | Raw stats | mean=0.049633, std=0.953107, min=0.000000, max=60.000000
2026-02-03 23:07:01 | INFO | [340/370]
2026-02-03 23:07:01 | INFO | Processing 3RIMG_30JAN2026_0645_L2B_IMC_V01R00.h5
2026-02-03 23:07:01 | INFO | Raw stats | mean=0.045894, std=0.794251, min=0.000000, max=60.000000
2026-02-03 23:07:01 | INFO | [341/370]
2026-02-03 23:07:01 | INFO | Processing 3RIMG_30JAN2026_0715_L2B_IMC_V01R00.h5
2026-02-03 23:07:01 | INFO | Raw stats | mean=0.042124, std=0.667868, min=0.000000, max=60.000000
2026-02-03 23:07:01 | INFO | [342/370]
2026-02-03 23:07:01 | INFO | Processing 3RIMG_30JAN2026_0745_L2B_IMC_V01R00.h5
2026-02-03 23:07:01 | INFO | Raw stats | mean=0.045953, std=0.717018, min=0.000000, max=60.000000
2026-02-03 23:07:02 | INFO | [343/370]
2026-02-03 23:07:02 | INFO | Processing 3RIMG_30JAN2026_0815_L2B_IMC_V01R00.h5
2026-02-03 23:07:02 | INFO | Raw stats | mean=0.042523, std=0.634436, min=0.000000, max=55.604568
2026-02-03 23:07:02 | INFO | [344/370]
2026-02-03 23:07:02 | INFO | Processing 3RIMG_30JAN2026_0845_L2B_IMC_V01R00.h5
2026-02-03 23:07:02 | INFO | Raw stats | mean=0.045418, std=0.655744, min=0.000000, max=54.661804
2026-02-03 23:07:02 | INFO | [345/370]
2026-02-03 23:07:02 | INFO | Processing 3RIMG_30JAN2026_0915_L2B_IMC_V01R00.h5
2026-02-03 23:07:02 | INFO | Raw stats | mean=0.043903, std=0.619034, min=0.000000, max=52.212299
2026-02-03 23:07:02 | INFO | [346/370]
2026-02-03 23:07:02 | INFO | Processing 3RIMG_30JAN2026_0945_L2B_IMC_V01R00.h5
2026-02-03 23:07:02 | INFO | Raw stats | mean=0.041123, std=0.577383, min=0.000000, max=60.000000
2026-02-03 23:07:03 | INFO | [347/370]
2026-02-03 23:07:03 | INFO | Processing 3RIMG_30JAN2026_1015_L2B_IMC_V01R00.h5
2026-02-03 23:07:03 | INFO | Raw stats | mean=0.041945, std=0.568582, min=0.000000, max=59.120453
2026-02-03 23:07:03 | INFO | [348/370]
2026-02-03 23:07:03 | INFO | Processing 3RIMG_30JAN2026_1045_L2B_IMC_V01R00.h5
2026-02-03 23:07:03 | INFO | Raw stats | mean=0.041282, std=0.557538, min=0.000000, max=58.415443
2026-02-03 23:07:03 | INFO | [349/370]
2026-02-03 23:07:03 | INFO | Processing 3RIMG_30JAN2026_1115_L2B_IMC_V01R00.h5
2026-02-03 23:07:03 | INFO | Raw stats | mean=0.038495, std=0.505814, min=0.000000, max=48.508644
2026-02-03 23:07:03 | INFO | [350/370]
2026-02-03 23:07:03 | INFO | Processing 3RIMG_30JAN2026_1145_L2B_IMC_V01R00.h5
2026-02-03 23:07:03 | INFO | Raw stats | mean=0.037670, std=0.492188, min=0.000000, max=53.387646
2026-02-03 23:07:04 | INFO | [351/370]
2026-02-03 23:07:04 | INFO | Processing 3RIMG_30JAN2026_1215_L2B_IMC_V01R00.h5
2026-02-03 23:07:04 | INFO | Raw stats | mean=0.038873, std=0.521343, min=0.000000, max=60.000000
2026-02-03 23:07:04 | INFO | [352/370]
2026-02-03 23:07:04 | INFO | Processing 3RIMG_30JAN2026_1245_L2B_IMC_V01R00.h5
2026-02-03 23:07:04 | INFO | Raw stats | mean=0.039314, std=0.568350, min=0.000000, max=60.000000
2026-02-03 23:07:04 | INFO | [353/370]
2026-02-03 23:07:04 | INFO | Processing 3RIMG_30JAN2026_1315_L2B_IMC_V01R00.h5
2026-02-03 23:07:04 | INFO | Raw stats | mean=0.044375, std=0.673845, min=0.000000, max=60.000000
2026-02-03 23:07:04 | INFO | [354/370]
2026-02-03 23:07:04 | INFO | Processing 3RIMG_30JAN2026_1345_L2B_IMC_V01R00.h5
2026-02-03 23:07:04 | INFO | Raw stats | mean=0.047199, std=0.765333, min=0.000000, max=60.000000
2026-02-03 23:07:05 | INFO | [355/370]
2026-02-03 23:07:05 | INFO | Processing 3RIMG_30JAN2026_1415_L2B_IMC_V01R00.h5
2026-02-03 23:07:05 | INFO | Raw stats | mean=0.047747, std=0.787634, min=0.000000, max=60.000000
2026-02-03 23:07:05 | INFO | [356/370]
2026-02-03 23:07:05 | INFO | Processing 3RIMG_30JAN2026_1445_L2B_IMC_V01R00.h5
2026-02-03 23:07:05 | INFO | Raw stats | mean=0.047572, std=0.838950, min=0.000000, max=60.000000
2026-02-03 23:07:05 | INFO | [357/370]
2026-02-03 23:07:05 | INFO | Processing 3RIMG_30JAN2026_1515_L2B_IMC_V01R00.h5
2026-02-03 23:07:05 | INFO | Raw stats | mean=0.050014, std=0.907207, min=0.000000, max=60.000000
2026-02-03 23:07:05 | INFO | [358/370]
2026-02-03 23:07:05 | INFO | Processing 3RIMG_30JAN2026_1545_L2B_IMC_V01R00.h5
2026-02-03 23:07:05 | INFO | Raw stats | mean=0.053199, std=0.982382, min=0.000000, max=60.000000
2026-02-03 23:07:06 | INFO | [359/370]
2026-02-03 23:07:06 | INFO | Processing 3RIMG_30JAN2026_1615_L2B_IMC_V01R00.h5
2026-02-03 23:07:06 | INFO | Raw stats | mean=0.058431, std=1.102685, min=0.000000, max=60.000000
2026-02-03 23:07:06 | INFO | [360/370]
2026-02-03 23:07:06 | INFO | Processing 3RIMG_30JAN2026_1645_L2B_IMC_V01R00.h5
2026-02-03 23:07:06 | INFO | Raw stats | mean=0.056889, std=1.160519, min=0.000000, max=60.000000
2026-02-03 23:07:06 | INFO | [361/370]
2026-02-03 23:07:06 | INFO | Processing 3RIMG_30JAN2026_1715_L2B_IMC_V01R00.h5
2026-02-03 23:07:06 | INFO | Raw stats | mean=0.051823, std=1.080705, min=0.000000, max=60.000000
2026-02-03 23:07:06 | INFO | [362/370]
2026-02-03 23:07:06 | INFO | Processing 3RIMG_30JAN2026_1945_L2B_IMC_V01R00.h5
2026-02-03 23:07:06 | INFO | Raw stats | mean=0.048988, std=0.889742, min=0.000000, max=60.000000
2026-02-03 23:07:06 | INFO | [363/370]
2026-02-03 23:07:06 | INFO | Processing 3RIMG_30JAN2026_2015_L2B_IMC_V01R00.h5
2026-02-03 23:07:07 | INFO | Raw stats | mean=0.043611, std=0.775159, min=0.000000, max=60.000000
2026-02-03 23:07:07 | INFO | [364/370]
2026-02-03 23:07:07 | INFO | Processing 3RIMG_30JAN2026_2045_L2B_IMC_V01R00.h5
2026-02-03 23:07:07 | INFO | Raw stats | mean=0.044274, std=0.786587, min=0.000000, max=60.000000
2026-02-03 23:07:07 | INFO | [365/370]
2026-02-03 23:07:07 | INFO | Processing 3RIMG_30JAN2026_2115_L2B_IMC_V01R00.h5
2026-02-03 23:07:07 | INFO | Raw stats | mean=0.047832, std=0.856272, min=0.000000, max=60.000000
2026-02-03 23:07:07 | INFO | [366/370]
2026-02-03 23:07:07 | INFO | Processing 3RIMG_30JAN2026_2145_L2B_IMC_V01R00.h5
2026-02-03 23:07:07 | INFO | Raw stats | mean=0.050555, std=0.944076, min=0.000000, max=60.000000
2026-02-03 23:07:07 | INFO | [367/370]
2026-02-03 23:07:07 | INFO | Processing 3RIMG_30JAN2026_2215_L2B_IMC_V01R00.h5
2026-02-03 23:07:08 | INFO | Raw stats | mean=0.052592, std=1.004488, min=0.000000, max=60.000000
2026-02-03 23:07:08 | INFO | [368/370]
2026-02-03 23:07:08 | INFO | Processing 3RIMG_30JAN2026_2245_L2B_IMC_V01R00.h5
2026-02-03 23:07:08 | INFO | Raw stats | mean=0.054133, std=1.083644, min=0.000000, max=60.000000
2026-02-03 23:07:08 | INFO | [369/370]
2026-02-03 23:07:08 | INFO | Processing 3RIMG_30JAN2026_2315_L2B_IMC_V01R00.h5
2026-02-03 23:07:08 | INFO | Raw stats | mean=0.057110, std=1.199372, min=0.000000, max=60.000000
2026-02-03 23:07:08 | INFO | [370/370]
2026-02-03 23:07:08 | INFO | Processing 3RIMG_30JAN2026_2345_L2B_IMC_V01R00.h5
2026-02-03 23:07:08 | INFO | Raw stats | mean=0.055166, std=1.147576, min=0.000000, max=60.000000
2026-02-03 23:07:08 | INFO | Processing complete
2026-02-03 23:07:08 | INFO |                                  filename band       shape      mean       std  min  max  missing_pct                processed_at
0  3RIMG_23JAN2026_0015_L2B_IMC_V01R00.h5  IMC  (256, 256)  0.001249  0.020349  0.0  1.0          0.0  2026-02-03T23:05:32.114423
1  3RIMG_23JAN2026_0045_L2B_IMC_V01R00.h5  IMC  (256, 256)  0.001156  0.019522  0.0  1.0          0.0  2026-02-03T23:05:32.348452
2  3RIMG_23JAN2026_0115_L2B_IMC_V01R00.h5  IMC  (256, 256)  0.000931  0.014891  0.0  1.0          0.0  2026-02-03T23:05:32.589695
3  3RIMG_23JAN2026_0145_L2B_IMC_V01R00.h5  IMC  (256, 256)  0.001054  0.016855  0.0  1.0          0.0  2026-02-03T23:05:32.813075
4  3RIMG_23JAN2026_0215_L2B_IMC_V01R00.h5  IMC  (256, 256)  0.000990  0.016156  0.0  1.0          0.0  2026-02-03T23:05:33.041924
