2026-02-14 14:28:24 | INFO | Found 338 HDF5 files
2026-02-14 14:28:24 | INFO | [1/338]
2026-02-14 14:28:24 | INFO | Processing 3RIMG_23JAN2026_0015_L2B_OLR_V01R00.h5
2026-02-14 14:28:25 | INFO | [2/338]
2026-02-14 14:28:25 | INFO | Processing 3RIMG_23JAN2026_0045_L2B_OLR_V01R00.h5
2026-02-14 14:28:25 | INFO | [3/338]
2026-02-14 14:28:25 | INFO | Processing 3RIMG_23JAN2026_0115_L2B_OLR_V01R00.h5
2026-02-14 14:28:25 | INFO | [4/338]
2026-02-14 14:28:25 | INFO | Processing 3RIMG_23JAN2026_0145_L2B_OLR_V01R00.h5
2026-02-14 14:28:26 | INFO | [5/338]
2026-02-14 14:28:26 | INFO | Processing 3RIMG_23JAN2026_0215_L2B_OLR_V01R00.h5
2026-02-14 14:28:26 | INFO | [6/338]
2026-02-14 14:28:26 | INFO | Processing 3RIMG_23JAN2026_0245_L2B_OLR_V01R00.h5
2026-02-14 14:28:26 | INFO | [7/338]
2026-02-14 14:28:26 | INFO | Processing 3RIMG_23JAN2026_0315_L2B_OLR_V01R00.h5
2026-02-14 14:28:27 | INFO | [8/338]
2026-02-14 14:28:27 | INFO | Processing 3RIMG_23JAN2026_0345_L2B_OLR_V01R00.h5
2026-02-14 14:28:27 | INFO | [9/338]
2026-02-14 14:28:27 | INFO | Processing 3RIMG_23JAN2026_0515_L2B_OLR_V01R00.h5
2026-02-14 14:28:27 | INFO | [10/338]
2026-02-14 14:28:27 | INFO | Processing 3RIMG_23JAN2026_0545_L2B_OLR_V01R00.h5
2026-02-14 14:28:28 | INFO | [11/338]
2026-02-14 14:28:28 | INFO | Processing 3RIMG_23JAN2026_0615_L2B_OLR_V01R00.h5
2026-02-14 14:28:28 | INFO | [12/338]
2026-02-14 14:28:28 | INFO | Processing 3RIMG_23JAN2026_0645_L2B_OLR_V01R00.h5
2026-02-14 14:28:28 | INFO | [13/338]
2026-02-14 14:28:28 | INFO | Processing 3RIMG_23JAN2026_0715_L2B_OLR_V01R00.h5
2026-02-14 14:28:29 | INFO | [14/338]
2026-02-14 14:28:29 | INFO | Processing 3RIMG_23JAN2026_0745_L2B_OLR_V01R00.h5
2026-02-14 14:28:29 | INFO | [15/338]
2026-02-14 14:28:29 | INFO | Processing 3RIMG_23JAN2026_0815_L2B_OLR_V01R00.h5
2026-02-14 14:28:29 | INFO | [16/338]
2026-02-14 14:28:29 | INFO | Processing 3RIMG_23JAN2026_0845_L2B_OLR_V01R00.h5
2026-02-14 14:28:30 | INFO | [17/338]
2026-02-14 14:28:30 | INFO | Processing 3RIMG_23JAN2026_0915_L2B_OLR_V01R00.h5
2026-02-14 14:28:30 | INFO | [18/338]
2026-02-14 14:28:30 | INFO | Processing 3RIMG_23JAN2026_0945_L2B_OLR_V01R00.h5
2026-02-14 14:28:30 | INFO | [19/338]
2026-02-14 14:28:30 | INFO | Processing 3RIMG_23JAN2026_1015_L2B_OLR_V01R00.h5
2026-02-14 14:28:31 | INFO | [20/338]
2026-02-14 14:28:31 | INFO | Processing 3RIMG_23JAN2026_1045_L2B_OLR_V01R00.h5
2026-02-14 14:28:31 | INFO | [21/338]
2026-02-14 14:28:31 | INFO | Processing 3RIMG_23JAN2026_1115_L2B_OLR_V01R00.h5
2026-02-14 14:28:31 | INFO | [22/338]
2026-02-14 14:28:31 | INFO | Processing 3RIMG_23JAN2026_1145_L2B_OLR_V01R00.h5
2026-02-14 14:28:32 | INFO | [23/338]
2026-02-14 14:28:32 | INFO | Processing 3RIMG_23JAN2026_1215_L2B_OLR_V01R00.h5
2026-02-14 14:28:32 | INFO | [24/338]
2026-02-14 14:28:32 | INFO | Processing 3RIMG_23JAN2026_1245_L2B_OLR_V01R00.h5
2026-02-14 14:28:32 | INFO | [25/338]
2026-02-14 14:28:32 | INFO | Processing 3RIMG_23JAN2026_1315_L2B_OLR_V01R00.h5
2026-02-14 14:28:33 | INFO | [26/338]
2026-02-14 14:28:33 | INFO | Processing 3RIMG_23JAN2026_1345_L2B_OLR_V01R00.h5
2026-02-14 14:28:33 | INFO | [27/338]
2026-02-14 14:28:33 | INFO | Processing 3RIMG_23JAN2026_1415_L2B_OLR_V01R00.h5
2026-02-14 14:28:33 | INFO | [28/338]
2026-02-14 14:28:33 | INFO | Processing 3RIMG_23JAN2026_1445_L2B_OLR_V01R00.h5
2026-02-14 14:28:34 | INFO | [29/338]
2026-02-14 14:28:34 | INFO | Processing 3RIMG_23JAN2026_1515_L2B_OLR_V01R00.h5
2026-02-14 14:28:34 | INFO | [30/338]
2026-02-14 14:28:34 | INFO | Processing 3RIMG_23JAN2026_1545_L2B_OLR_V01R00.h5
2026-02-14 14:28:34 | INFO | [31/338]
2026-02-14 14:28:34 | INFO | Processing 3RIMG_23JAN2026_1615_L2B_OLR_V01R00.h5
2026-02-14 14:28:35 | INFO | [32/338]
2026-02-14 14:28:35 | INFO | Processing 3RIMG_23JAN2026_1645_L2B_OLR_V01R00.h5
2026-02-14 14:28:35 | INFO | [33/338]
2026-02-14 14:28:35 | INFO | Processing 3RIMG_23JAN2026_1715_L2B_OLR_V01R00.h5
2026-02-14 14:28:35 | INFO | [34/338]
2026-02-14 14:28:35 | INFO | Processing 3RIMG_23JAN2026_1745_L2B_OLR_V01R00.h5
2026-02-14 14:28:36 | INFO | [35/338]
2026-02-14 14:28:36 | INFO | Processing 3RIMG_23JAN2026_1815_L2B_OLR_V01R00.h5
2026-02-14 14:28:36 | INFO | [36/338]
2026-02-14 14:28:36 | INFO | Processing 3RIMG_23JAN2026_1845_L2B_OLR_V01R00.h5
2026-02-14 14:28:36 | INFO | [37/338]
2026-02-14 14:28:36 | INFO | Processing 3RIMG_23JAN2026_1915_L2B_OLR_V01R00.h5
2026-02-14 14:28:37 | INFO | [38/338]
2026-02-14 14:28:37 | INFO | Processing 3RIMG_23JAN2026_1945_L2B_OLR_V01R00.h5
2026-02-14 14:28:37 | INFO | [39/338]
2026-02-14 14:28:37 | INFO | Processing 3RIMG_23JAN2026_2015_L2B_OLR_V01R00.h5
2026-02-14 14:28:37 | INFO | [40/338]
2026-02-14 14:28:37 | INFO | Processing 3RIMG_23JAN2026_2045_L2B_OLR_V01R00.h5
2026-02-14 14:28:38 | INFO | [41/338]
2026-02-14 14:28:38 | INFO | Processing 3RIMG_23JAN2026_2115_L2B_OLR_V01R00.h5
2026-02-14 14:28:38 | INFO | [42/338]
2026-02-14 14:28:38 | INFO | Processing 3RIMG_23JAN2026_2145_L2B_OLR_V01R00.h5
2026-02-14 14:28:38 | INFO | [43/338]
2026-02-14 14:28:38 | INFO | Processing 3RIMG_23JAN2026_2215_L2B_OLR_V01R00.h5
2026-02-14 14:28:38 | INFO | [44/338]
2026-02-14 14:28:39 | INFO | Processing 3RIMG_23JAN2026_2245_L2B_OLR_V01R00.h5
2026-02-14 14:28:39 | INFO | [45/338]
2026-02-14 14:28:39 | INFO | Processing 3RIMG_23JAN2026_2315_L2B_OLR_V01R00.h5
2026-02-14 14:28:39 | INFO | [46/338]
2026-02-14 14:28:39 | INFO | Processing 3RIMG_23JAN2026_2345_L2B_OLR_V01R00.h5
2026-02-14 14:28:39 | INFO | [47/338]
2026-02-14 14:28:39 | INFO | Processing 3RIMG_24JAN2026_0014_L2B_OLR_V01R00.h5
2026-02-14 14:28:40 | INFO | [48/338]
2026-02-14 14:28:40 | INFO | Processing 3RIMG_24JAN2026_0015_L2B_OLR_V01R00.h5
2026-02-14 14:28:40 | INFO | [49/338]
2026-02-14 14:28:40 | INFO | Processing 3RIMG_24JAN2026_0044_L2B_OLR_V01R00.h5
2026-02-14 14:28:41 | INFO | [50/338]
2026-02-14 14:28:41 | INFO | Processing 3RIMG_24JAN2026_0045_L2B_OLR_V01R00.h5
2026-02-14 14:28:41 | INFO | [51/338]
2026-02-14 14:28:41 | INFO | Processing 3RIMG_24JAN2026_0114_L2B_OLR_V01R00.h5
2026-02-14 14:28:41 | INFO | [52/338]
2026-02-14 14:28:41 | INFO | Processing 3RIMG_24JAN2026_0115_L2B_OLR_V01R00.h5
2026-02-14 14:28:42 | INFO | [53/338]
2026-02-14 14:28:42 | INFO | Processing 3RIMG_24JAN2026_0144_L2B_OLR_V01R00.h5
2026-02-14 14:28:42 | INFO | [54/338]
2026-02-14 14:28:42 | INFO | Processing 3RIMG_24JAN2026_0145_L2B_OLR_V01R00.h5
2026-02-14 14:28:42 | INFO | [55/338]
2026-02-14 14:28:42 | INFO | Processing 3RIMG_24JAN2026_0214_L2B_OLR_V01R00.h5
2026-02-14 14:28:43 | INFO | [56/338]
2026-02-14 14:28:43 | INFO | Processing 3RIMG_24JAN2026_0215_L2B_OLR_V01R00.h5
2026-02-14 14:28:43 | INFO | [57/338]
2026-02-14 14:28:43 | INFO | Processing 3RIMG_24JAN2026_0244_L2B_OLR_V01R00.h5
2026-02-14 14:28:43 | INFO | [58/338]
2026-02-14 14:28:43 | INFO | Processing 3RIMG_24JAN2026_0245_L2B_OLR_V01R00.h5
2026-02-14 14:28:44 | INFO | [59/338]
2026-02-14 14:28:44 | INFO | Processing 3RIMG_24JAN2026_0315_L2B_OLR_V01R00.h5
2026-02-14 14:28:44 | INFO | [60/338]
2026-02-14 14:28:44 | INFO | Processing 3RIMG_24JAN2026_0345_L2B_OLR_V01R00.h5
2026-02-14 14:28:44 | INFO | [61/338]
2026-02-14 14:28:44 | INFO | Processing 3RIMG_24JAN2026_0415_L2B_OLR_V01R00.h5
2026-02-14 14:28:45 | INFO | [62/338]
2026-02-14 14:28:45 | INFO | Processing 3RIMG_24JAN2026_0445_L2B_OLR_V01R00.h5
2026-02-14 14:28:45 | INFO | [63/338]
2026-02-14 14:28:45 | INFO | Processing 3RIMG_24JAN2026_0515_L2B_OLR_V01R00.h5
2026-02-14 14:28:45 | INFO | [64/338]
2026-02-14 14:28:45 | INFO | Processing 3RIMG_24JAN2026_0545_L2B_OLR_V01R00.h5
2026-02-14 14:28:46 | INFO | [65/338]
2026-02-14 14:28:46 | INFO | Processing 3RIMG_24JAN2026_0615_L2B_OLR_V01R00.h5
2026-02-14 14:28:46 | INFO | [66/338]
2026-02-14 14:28:46 | INFO | Processing 3RIMG_24JAN2026_0645_L2B_OLR_V01R00.h5
2026-02-14 14:28:46 | INFO | [67/338]
2026-02-14 14:28:46 | INFO | Processing 3RIMG_24JAN2026_0715_L2B_OLR_V01R00.h5
2026-02-14 14:28:47 | INFO | [68/338]
2026-02-14 14:28:47 | INFO | Processing 3RIMG_24JAN2026_0745_L2B_OLR_V01R00.h5
2026-02-14 14:28:47 | INFO | [69/338]
2026-02-14 14:28:47 | INFO | Processing 3RIMG_24JAN2026_0815_L2B_OLR_V01R00.h5
2026-02-14 14:28:47 | INFO | [70/338]
2026-02-14 14:28:47 | INFO | Processing 3RIMG_24JAN2026_0845_L2B_OLR_V01R00.h5
2026-02-14 14:28:48 | INFO | [71/338]
2026-02-14 14:28:48 | INFO | Processing 3RIMG_24JAN2026_0915_L2B_OLR_V01R00 (1).h5
2026-02-14 14:28:48 | INFO | [72/338]
2026-02-14 14:28:48 | INFO | Processing 3RIMG_24JAN2026_0915_L2B_OLR_V01R00.h5
2026-02-14 14:28:48 | INFO | [73/338]
2026-02-14 14:28:48 | INFO | Processing 3RIMG_24JAN2026_0945_L2B_OLR_V01R00.h5
2026-02-14 14:28:49 | INFO | [74/338]
2026-02-14 14:28:49 | INFO | Processing 3RIMG_24JAN2026_1015_L2B_OLR_V01R00.h5
2026-02-14 14:28:49 | INFO | [75/338]
2026-02-14 14:28:49 | INFO | Processing 3RIMG_24JAN2026_1045_L2B_OLR_V01R00.h5
2026-02-14 14:28:49 | INFO | [76/338]
2026-02-14 14:28:49 | INFO | Processing 3RIMG_24JAN2026_1115_L2B_OLR_V01R00.h5
2026-02-14 14:28:50 | INFO | [77/338]
2026-02-14 14:28:50 | INFO | Processing 3RIMG_24JAN2026_1145_L2B_OLR_V01R00.h5
2026-02-14 14:28:50 | INFO | [78/338]
2026-02-14 14:28:50 | INFO | Processing 3RIMG_24JAN2026_1215_L2B_OLR_V01R00.h5
2026-02-14 14:28:50 | INFO | [79/338]
2026-02-14 14:28:50 | INFO | Processing 3RIMG_24JAN2026_1245_L2B_OLR_V01R00.h5
2026-02-14 14:28:51 | INFO | [80/338]
2026-02-14 14:28:51 | INFO | Processing 3RIMG_24JAN2026_1315_L2B_OLR_V01R00.h5
2026-02-14 14:28:51 | INFO | [81/338]
2026-02-14 14:28:51 | INFO | Processing 3RIMG_24JAN2026_1345_L2B_OLR_V01R00.h5
2026-02-14 14:28:51 | INFO | [82/338]
2026-02-14 14:28:51 | INFO | Processing 3RIMG_24JAN2026_1415_L2B_OLR_V01R00.h5
2026-02-14 14:28:52 | INFO | [83/338]
2026-02-14 14:28:52 | INFO | Processing 3RIMG_24JAN2026_1445_L2B_OLR_V01R00.h5
2026-02-14 14:28:52 | INFO | [84/338]
2026-02-14 14:28:52 | INFO | Processing 3RIMG_24JAN2026_1515_L2B_OLR_V01R00.h5
2026-02-14 14:28:53 | INFO | [85/338]
2026-02-14 14:28:53 | INFO | Processing 3RIMG_24JAN2026_1545_L2B_OLR_V01R00.h5
2026-02-14 14:28:53 | INFO | [86/338]
2026-02-14 14:28:53 | INFO | Processing 3RIMG_24JAN2026_1615_L2B_OLR_V01R00.h5
2026-02-14 14:28:53 | INFO | [87/338]
2026-02-14 14:28:53 | INFO | Processing 3RIMG_24JAN2026_1645_L2B_OLR_V01R00.h5
2026-02-14 14:28:54 | INFO | [88/338]
2026-02-14 14:28:54 | INFO | Processing 3RIMG_24JAN2026_1715_L2B_OLR_V01R00.h5
2026-02-14 14:28:54 | INFO | [89/338]
2026-02-14 14:28:54 | INFO | Processing 3RIMG_24JAN2026_1745_L2B_OLR_V01R00.h5
2026-02-14 14:28:54 | INFO | [90/338]
2026-02-14 14:28:54 | INFO | Processing 3RIMG_24JAN2026_1815_L2B_OLR_V01R00.h5
2026-02-14 14:28:55 | INFO | [91/338]
2026-02-14 14:28:55 | INFO | Processing 3RIMG_24JAN2026_1845_L2B_OLR_V01R00.h5
2026-02-14 14:28:55 | INFO | [92/338]
2026-02-14 14:28:55 | INFO | Processing 3RIMG_24JAN2026_1915_L2B_OLR_V01R00.h5
2026-02-14 14:28:56 | INFO | [93/338]
2026-02-14 14:28:56 | INFO | Processing 3RIMG_24JAN2026_1945_L2B_OLR_V01R00.h5
2026-02-14 14:28:56 | INFO | [94/338]
2026-02-14 14:28:56 | INFO | Processing 3RIMG_24JAN2026_2015_L2B_OLR_V01R00.h5
2026-02-14 14:28:56 | INFO | [95/338]
2026-02-14 14:28:56 | INFO | Processing 3RIMG_24JAN2026_2045_L2B_OLR_V01R00.h5
2026-02-14 14:28:57 | INFO | [96/338]
2026-02-14 14:28:57 | INFO | Processing 3RIMG_24JAN2026_2115_L2B_OLR_V01R00.h5
2026-02-14 14:28:57 | INFO | [97/338]
2026-02-14 14:28:57 | INFO | Processing 3RIMG_24JAN2026_2145_L2B_OLR_V01R00.h5
2026-02-14 14:28:57 | INFO | [98/338]
2026-02-14 14:28:57 | INFO | Processing 3RIMG_24JAN2026_2215_L2B_OLR_V01R00.h5
2026-02-14 14:28:58 | INFO | [99/338]
2026-02-14 14:28:58 | INFO | Processing 3RIMG_24JAN2026_2245_L2B_OLR_V01R00.h5
2026-02-14 14:28:58 | INFO | [100/338]
2026-02-14 14:28:58 | INFO | Processing 3RIMG_24JAN2026_2315_L2B_OLR_V01R00.h5
2026-02-14 14:28:58 | INFO | [101/338]
2026-02-14 14:28:58 | INFO | Processing 3RIMG_24JAN2026_2345_L2B_OLR_V01R00.h5
2026-02-14 14:28:59 | INFO | [102/338]
2026-02-14 14:28:59 | INFO | Processing 3RIMG_25JAN2026_0015_L2B_OLR_V01R00.h5
2026-02-14 14:28:59 | INFO | [103/338]
2026-02-14 14:28:59 | INFO | Processing 3RIMG_25JAN2026_0045_L2B_OLR_V01R00.h5
2026-02-14 14:28:59 | INFO | [104/338]
2026-02-14 14:28:59 | INFO | Processing 3RIMG_25JAN2026_0115_L2B_OLR_V01R00.h5
2026-02-14 14:29:00 | INFO | [105/338]
2026-02-14 14:29:00 | INFO | Processing 3RIMG_25JAN2026_0145_L2B_OLR_V01R00.h5
2026-02-14 14:29:00 | INFO | [106/338]
2026-02-14 14:29:00 | INFO | Processing 3RIMG_25JAN2026_0215_L2B_OLR_V01R00.h5
2026-02-14 14:29:00 | INFO | [107/338]
2026-02-14 14:29:00 | INFO | Processing 3RIMG_25JAN2026_0245_L2B_OLR_V01R00.h5
2026-02-14 14:29:01 | INFO | [108/338]
2026-02-14 14:29:01 | INFO | Processing 3RIMG_25JAN2026_0315_L2B_OLR_V01R00.h5
2026-02-14 14:29:01 | INFO | [109/338]
2026-02-14 14:29:01 | INFO | Processing 3RIMG_25JAN2026_0345_L2B_OLR_V01R00.h5
2026-02-14 14:29:02 | INFO | [110/338]
2026-02-14 14:29:02 | INFO | Processing 3RIMG_25JAN2026_0415_L2B_OLR_V01R00.h5
2026-02-14 14:29:02 | INFO | [111/338]
2026-02-14 14:29:02 | INFO | Processing 3RIMG_25JAN2026_0445_L2B_OLR_V01R00.h5
2026-02-14 14:29:02 | INFO | [112/338]
2026-02-14 14:29:02 | INFO | Processing 3RIMG_25JAN2026_0515_L2B_OLR_V01R00.h5
2026-02-14 14:29:03 | INFO | [113/338]
2026-02-14 14:29:03 | INFO | Processing 3RIMG_25JAN2026_0545_L2B_OLR_V01R00.h5
2026-02-14 14:29:03 | INFO | [114/338]
2026-02-14 14:29:03 | INFO | Processing 3RIMG_25JAN2026_0615_L2B_OLR_V01R00.h5
2026-02-14 14:29:03 | INFO | [115/338]
2026-02-14 14:29:03 | INFO | Processing 3RIMG_25JAN2026_0645_L2B_OLR_V01R00.h5
2026-02-14 14:29:04 | INFO | [116/338]
2026-02-14 14:29:04 | INFO | Processing 3RIMG_25JAN2026_0715_L2B_OLR_V01R00.h5
2026-02-14 14:29:04 | INFO | [117/338]
2026-02-14 14:29:04 | INFO | Processing 3RIMG_25JAN2026_0745_L2B_OLR_V01R00.h5
2026-02-14 14:29:04 | INFO | [118/338]
2026-02-14 14:29:04 | INFO | Processing 3RIMG_25JAN2026_0815_L2B_OLR_V01R00.h5
2026-02-14 14:29:05 | INFO | [119/338]
2026-02-14 14:29:05 | INFO | Processing 3RIMG_25JAN2026_0845_L2B_OLR_V01R00.h5
2026-02-14 14:29:05 | INFO | [120/338]
2026-02-14 14:29:05 | INFO | Processing 3RIMG_25JAN2026_0915_L2B_OLR_V01R00.h5
2026-02-14 14:29:05 | INFO | [121/338]
2026-02-14 14:29:05 | INFO | Processing 3RIMG_25JAN2026_0945_L2B_OLR_V01R00.h5
2026-02-14 14:29:06 | INFO | [122/338]
2026-02-14 14:29:06 | INFO | Processing 3RIMG_25JAN2026_1015_L2B_OLR_V01R00.h5
2026-02-14 14:29:06 | INFO | [123/338]
2026-02-14 14:29:06 | INFO | Processing 3RIMG_25JAN2026_1045_L2B_OLR_V01R00.h5
2026-02-14 14:29:06 | INFO | [124/338]
2026-02-14 14:29:06 | INFO | Processing 3RIMG_25JAN2026_1115_L2B_OLR_V01R00.h5
2026-02-14 14:29:07 | INFO | [125/338]
2026-02-14 14:29:07 | INFO | Processing 3RIMG_25JAN2026_1145_L2B_OLR_V01R00.h5
2026-02-14 14:29:07 | INFO | [126/338]
2026-02-14 14:29:07 | INFO | Processing 3RIMG_25JAN2026_1215_L2B_OLR_V01R00.h5
2026-02-14 14:29:08 | INFO | [127/338]
2026-02-14 14:29:08 | INFO | Processing 3RIMG_25JAN2026_1245_L2B_OLR_V01R00.h5
2026-02-14 14:29:08 | INFO | [128/338]
2026-02-14 14:29:08 | INFO | Processing 3RIMG_25JAN2026_1315_L2B_OLR_V01R00.h5
2026-02-14 14:29:09 | INFO | [129/338]
2026-02-14 14:29:09 | INFO | Processing 3RIMG_25JAN2026_1345_L2B_OLR_V01R00.h5
2026-02-14 14:29:09 | INFO | [130/338]
2026-02-14 14:29:09 | INFO | Processing 3RIMG_25JAN2026_1415_L2B_OLR_V01R00.h5
2026-02-14 14:29:09 | INFO | [131/338]
2026-02-14 14:29:09 | INFO | Processing 3RIMG_25JAN2026_1445_L2B_OLR_V01R00.h5
2026-02-14 14:29:10 | INFO | [132/338]
2026-02-14 14:29:10 | INFO | Processing 3RIMG_25JAN2026_1515_L2B_OLR_V01R00.h5
2026-02-14 14:29:10 | INFO | [133/338]
2026-02-14 14:29:10 | INFO | Processing 3RIMG_25JAN2026_1545_L2B_OLR_V01R00.h5
2026-02-14 14:29:11 | INFO | [134/338]
2026-02-14 14:29:11 | INFO | Processing 3RIMG_25JAN2026_1615_L2B_OLR_V01R00.h5
2026-02-14 14:29:11 | INFO | [135/338]
2026-02-14 14:29:11 | INFO | Processing 3RIMG_25JAN2026_1645_L2B_OLR_V01R00.h5
2026-02-14 14:29:11 | INFO | [136/338]
2026-02-14 14:29:11 | INFO | Processing 3RIMG_25JAN2026_1715_L2B_OLR_V01R00.h5
2026-02-14 14:29:12 | INFO | [137/338]
2026-02-14 14:29:12 | INFO | Processing 3RIMG_25JAN2026_1745_L2B_OLR_V01R00.h5
2026-02-14 14:29:12 | INFO | [138/338]
2026-02-14 14:29:12 | INFO | Processing 3RIMG_25JAN2026_1815_L2B_OLR_V01R00.h5
2026-02-14 14:29:12 | INFO | [139/338]
2026-02-14 14:29:12 | INFO | Processing 3RIMG_25JAN2026_1845_L2B_OLR_V01R00.h5
2026-02-14 14:29:13 | INFO | [140/338]
2026-02-14 14:29:13 | INFO | Processing 3RIMG_25JAN2026_1945_L2B_OLR_V01R00.h5
2026-02-14 14:29:13 | INFO | [141/338]
2026-02-14 14:29:13 | INFO | Processing 3RIMG_25JAN2026_2015_L2B_OLR_V01R00.h5
2026-02-14 14:29:13 | INFO | [142/338]
2026-02-14 14:29:13 | INFO | Processing 3RIMG_25JAN2026_2045_L2B_OLR_V01R00.h5
2026-02-14 14:29:14 | INFO | [143/338]
2026-02-14 14:29:14 | INFO | Processing 3RIMG_25JAN2026_2115_L2B_OLR_V01R00.h5
2026-02-14 14:29:14 | INFO | [144/338]
2026-02-14 14:29:14 | INFO | Processing 3RIMG_25JAN2026_2145_L2B_OLR_V01R00.h5
2026-02-14 14:29:14 | INFO | [145/338]
2026-02-14 14:29:14 | INFO | Processing 3RIMG_25JAN2026_2215_L2B_OLR_V01R00.h5
2026-02-14 14:29:15 | INFO | [146/338]
2026-02-14 14:29:15 | INFO | Processing 3RIMG_25JAN2026_2245_L2B_OLR_V01R00.h5
2026-02-14 14:29:15 | INFO | [147/338]
2026-02-14 14:29:15 | INFO | Processing 3RIMG_25JAN2026_2315_L2B_OLR_V01R00.h5
2026-02-14 14:29:15 | INFO | [148/338]
2026-02-14 14:29:15 | INFO | Processing 3RIMG_25JAN2026_2345_L2B_OLR_V01R00.h5
2026-02-14 14:29:16 | INFO | [149/338]
2026-02-14 14:29:16 | INFO | Processing 3RIMG_26JAN2026_0015_L2B_OLR_V01R00.h5
2026-02-14 14:29:16 | INFO | [150/338]
2026-02-14 14:29:16 | INFO | Processing 3RIMG_26JAN2026_0045_L2B_OLR_V01R00.h5
2026-02-14 14:29:16 | INFO | [151/338]
2026-02-14 14:29:16 | INFO | Processing 3RIMG_26JAN2026_0115_L2B_OLR_V01R00.h5
2026-02-14 14:29:17 | INFO | [152/338]
2026-02-14 14:29:17 | INFO | Processing 3RIMG_26JAN2026_0145_L2B_OLR_V01R00.h5
2026-02-14 14:29:17 | INFO | [153/338]
2026-02-14 14:29:17 | INFO | Processing 3RIMG_26JAN2026_0215_L2B_OLR_V01R00.h5
2026-02-14 14:29:17 | INFO | [154/338]
2026-02-14 14:29:17 | INFO | Processing 3RIMG_26JAN2026_0245_L2B_OLR_V01R00.h5
2026-02-14 14:29:18 | INFO | [155/338]
2026-02-14 14:29:18 | INFO | Processing 3RIMG_26JAN2026_0315_L2B_OLR_V01R00.h5
2026-02-14 14:29:18 | INFO | [156/338]
2026-02-14 14:29:18 | INFO | Processing 3RIMG_26JAN2026_0345_L2B_OLR_V01R00.h5
2026-02-14 14:29:18 | INFO | [157/338]
2026-02-14 14:29:18 | INFO | Processing 3RIMG_26JAN2026_0415_L2B_OLR_V01R00.h5
2026-02-14 14:29:19 | INFO | [158/338]
2026-02-14 14:29:19 | INFO | Processing 3RIMG_26JAN2026_0445_L2B_OLR_V01R00.h5
2026-02-14 14:29:19 | INFO | [159/338]
2026-02-14 14:29:19 | INFO | Processing 3RIMG_26JAN2026_0515_L2B_OLR_V01R00.h5
2026-02-14 14:29:19 | INFO | [160/338]
2026-02-14 14:29:19 | INFO | Processing 3RIMG_26JAN2026_0545_L2B_OLR_V01R00.h5
2026-02-14 14:29:20 | INFO | [161/338]
2026-02-14 14:29:20 | INFO | Processing 3RIMG_26JAN2026_0615_L2B_OLR_V01R00.h5
2026-02-14 14:29:20 | INFO | [162/338]
2026-02-14 14:29:20 | INFO | Processing 3RIMG_26JAN2026_0645_L2B_OLR_V01R00.h5
2026-02-14 14:29:21 | INFO | [163/338]
2026-02-14 14:29:21 | INFO | Processing 3RIMG_26JAN2026_0715_L2B_OLR_V01R00.h5
2026-02-14 14:29:21 | INFO | [164/338]
2026-02-14 14:29:21 | INFO | Processing 3RIMG_26JAN2026_0745_L2B_OLR_V01R00.h5
2026-02-14 14:29:21 | INFO | [165/338]
2026-02-14 14:29:21 | INFO | Processing 3RIMG_26JAN2026_0815_L2B_OLR_V01R00 (1).h5
2026-02-14 14:29:22 | INFO | [166/338]
2026-02-14 14:29:22 | INFO | Processing 3RIMG_26JAN2026_0815_L2B_OLR_V01R00.h5
2026-02-14 14:29:22 | INFO | [167/338]
2026-02-14 14:29:22 | INFO | Processing 3RIMG_26JAN2026_0845_L2B_OLR_V01R00.h5
2026-02-14 14:29:23 | INFO | [168/338]
2026-02-14 14:29:23 | INFO | Processing 3RIMG_26JAN2026_0915_L2B_OLR_V01R00.h5
2026-02-14 14:29:23 | INFO | [169/338]
2026-02-14 14:29:23 | INFO | Processing 3RIMG_26JAN2026_0945_L2B_OLR_V01R00.h5
2026-02-14 14:29:23 | INFO | [170/338]
2026-02-14 14:29:23 | INFO | Processing 3RIMG_26JAN2026_1015_L2B_OLR_V01R00.h5
2026-02-14 14:29:24 | INFO | [171/338]
2026-02-14 14:29:24 | INFO | Processing 3RIMG_26JAN2026_1045_L2B_OLR_V01R00.h5
2026-02-14 14:29:24 | INFO | [172/338]
2026-02-14 14:29:24 | INFO | Processing 3RIMG_26JAN2026_1115_L2B_OLR_V01R00.h5
2026-02-14 14:29:25 | INFO | [173/338]
2026-02-14 14:29:25 | INFO | Processing 3RIMG_26JAN2026_1145_L2B_OLR_V01R00.h5
2026-02-14 14:29:25 | INFO | [174/338]
2026-02-14 14:29:25 | INFO | Processing 3RIMG_26JAN2026_1215_L2B_OLR_V01R00.h5
2026-02-14 14:29:25 | INFO | [175/338]
2026-02-14 14:29:25 | INFO | Processing 3RIMG_26JAN2026_1245_L2B_OLR_V01R00.h5
2026-02-14 14:29:26 | INFO | [176/338]
2026-02-14 14:29:26 | INFO | Processing 3RIMG_26JAN2026_1315_L2B_OLR_V01R00.h5
2026-02-14 14:29:26 | INFO | [177/338]
2026-02-14 14:29:26 | INFO | Processing 3RIMG_26JAN2026_1345_L2B_OLR_V01R00.h5
2026-02-14 14:29:26 | INFO | [178/338]
2026-02-14 14:29:26 | INFO | Processing 3RIMG_26JAN2026_1415_L2B_OLR_V01R00.h5
2026-02-14 14:29:27 | INFO | [179/338]
2026-02-14 14:29:27 | INFO | Processing 3RIMG_26JAN2026_1445_L2B_OLR_V01R00.h5
2026-02-14 14:29:27 | INFO | [180/338]
2026-02-14 14:29:27 | INFO | Processing 3RIMG_26JAN2026_1515_L2B_OLR_V01R00.h5
2026-02-14 14:29:28 | INFO | [181/338]
2026-02-14 14:29:28 | INFO | Processing 3RIMG_26JAN2026_1545_L2B_OLR_V01R00.h5
2026-02-14 14:29:28 | INFO | [182/338]
2026-02-14 14:29:28 | INFO | Processing 3RIMG_26JAN2026_1615_L2B_OLR_V01R00.h5
2026-02-14 14:29:28 | INFO | [183/338]
2026-02-14 14:29:28 | INFO | Processing 3RIMG_26JAN2026_1645_L2B_OLR_V01R00.h5
2026-02-14 14:29:29 | INFO | [184/338]
2026-02-14 14:29:29 | INFO | Processing 3RIMG_26JAN2026_1715_L2B_OLR_V01R00.h5
2026-02-14 14:29:29 | INFO | [185/338]
2026-02-14 14:29:29 | INFO | Processing 3RIMG_26JAN2026_1745_L2B_OLR_V01R00.h5
2026-02-14 14:29:29 | INFO | [186/338]
2026-02-14 14:29:29 | INFO | Processing 3RIMG_26JAN2026_1815_L2B_OLR_V01R00.h5
2026-02-14 14:29:30 | INFO | [187/338]
2026-02-14 14:29:30 | INFO | Processing 3RIMG_26JAN2026_1845_L2B_OLR_V01R00.h5
2026-02-14 14:29:30 | INFO | [188/338]
2026-02-14 14:29:30 | INFO | Processing 3RIMG_26JAN2026_1915_L2B_OLR_V01R00.h5
2026-02-14 14:29:31 | INFO | [189/338]
2026-02-14 14:29:31 | INFO | Processing 3RIMG_26JAN2026_1945_L2B_OLR_V01R00.h5
2026-02-14 14:29:31 | INFO | [190/338]
2026-02-14 14:29:31 | INFO | Processing 3RIMG_26JAN2026_2015_L2B_OLR_V01R00.h5
2026-02-14 14:29:31 | INFO | [191/338]
2026-02-14 14:29:31 | INFO | Processing 3RIMG_26JAN2026_2045_L2B_OLR_V01R00.h5
2026-02-14 14:29:32 | INFO | [192/338]
2026-02-14 14:29:32 | INFO | Processing 3RIMG_26JAN2026_2115_L2B_OLR_V01R00.h5
2026-02-14 14:29:32 | INFO | [193/338]
2026-02-14 14:29:32 | INFO | Processing 3RIMG_26JAN2026_2145_L2B_OLR_V01R00.h5
2026-02-14 14:29:32 | INFO | [194/338]
2026-02-14 14:29:32 | INFO | Processing 3RIMG_26JAN2026_2215_L2B_OLR_V01R00.h5
2026-02-14 14:29:33 | INFO | [195/338]
2026-02-14 14:29:33 | INFO | Processing 3RIMG_26JAN2026_2245_L2B_OLR_V01R00.h5
2026-02-14 14:29:33 | INFO | [196/338]
2026-02-14 14:29:33 | INFO | Processing 3RIMG_26JAN2026_2315_L2B_OLR_V01R00.h5
2026-02-14 14:29:34 | INFO | [197/338]
2026-02-14 14:29:34 | INFO | Processing 3RIMG_26JAN2026_2345_L2B_OLR_V01R00.h5
2026-02-14 14:29:34 | INFO | [198/338]
2026-02-14 14:29:34 | INFO | Processing 3RIMG_27JAN2026_0015_L2B_OLR_V01R00.h5
2026-02-14 14:29:34 | INFO | [199/338]
2026-02-14 14:29:34 | INFO | Processing 3RIMG_27JAN2026_0045_L2B_OLR_V01R00.h5
2026-02-14 14:29:35 | INFO | [200/338]
2026-02-14 14:29:35 | INFO | Processing 3RIMG_27JAN2026_0115_L2B_OLR_V01R00.h5
2026-02-14 14:29:35 | INFO | [201/338]
2026-02-14 14:29:35 | INFO | Processing 3RIMG_27JAN2026_0145_L2B_OLR_V01R00.h5
2026-02-14 14:29:35 | INFO | [202/338]
2026-02-14 14:29:35 | INFO | Processing 3RIMG_27JAN2026_0215_L2B_OLR_V01R00.h5
2026-02-14 14:29:36 | INFO | [203/338]
2026-02-14 14:29:36 | INFO | Processing 3RIMG_27JAN2026_0245_L2B_OLR_V01R00.h5
2026-02-14 14:29:37 | INFO | [204/338]
2026-02-14 14:29:37 | INFO | Processing 3RIMG_27JAN2026_0315_L2B_OLR_V01R00.h5
2026-02-14 14:29:37 | INFO | [205/338]
2026-02-14 14:29:37 | INFO | Processing 3RIMG_27JAN2026_0345_L2B_OLR_V01R00.h5
2026-02-14 14:29:37 | INFO | [206/338]
2026-02-14 14:29:37 | INFO | Processing 3RIMG_27JAN2026_0415_L2B_OLR_V01R00.h5
2026-02-14 14:29:38 | INFO | [207/338]
2026-02-14 14:29:38 | INFO | Processing 3RIMG_27JAN2026_0445_L2B_OLR_V01R00.h5
2026-02-14 14:29:38 | INFO | [208/338]
2026-02-14 14:29:38 | INFO | Processing 3RIMG_27JAN2026_0515_L2B_OLR_V01R00.h5
2026-02-14 14:29:39 | INFO | [209/338]
2026-02-14 14:29:39 | INFO | Processing 3RIMG_27JAN2026_0545_L2B_OLR_V01R00.h5
2026-02-14 14:29:39 | INFO | [210/338]
2026-02-14 14:29:39 | INFO | Processing 3RIMG_27JAN2026_0615_L2B_OLR_V01R00.h5
2026-02-14 14:29:39 | INFO | [211/338]
2026-02-14 14:29:39 | INFO | Processing 3RIMG_27JAN2026_0645_L2B_OLR_V01R00.h5
2026-02-14 14:29:40 | INFO | [212/338]
2026-02-14 14:29:40 | INFO | Processing 3RIMG_27JAN2026_0715_L2B_OLR_V01R00.h5
2026-02-14 14:29:40 | INFO | [213/338]
2026-02-14 14:29:40 | INFO | Processing 3RIMG_27JAN2026_0745_L2B_OLR_V01R00.h5
2026-02-14 14:29:41 | INFO | [214/338]
2026-02-14 14:29:41 | INFO | Processing 3RIMG_27JAN2026_0815_L2B_OLR_V01R00.h5
2026-02-14 14:29:41 | INFO | [215/338]
2026-02-14 14:29:41 | INFO | Processing 3RIMG_27JAN2026_0845_L2B_OLR_V01R00.h5
2026-02-14 14:29:42 | INFO | [216/338]
2026-02-14 14:29:42 | INFO | Processing 3RIMG_27JAN2026_0915_L2B_OLR_V01R00.h5
2026-02-14 14:29:42 | INFO | [217/338]
2026-02-14 14:29:42 | INFO | Processing 3RIMG_27JAN2026_0945_L2B_OLR_V01R00.h5
2026-02-14 14:29:43 | INFO | [218/338]
2026-02-14 14:29:43 | INFO | Processing 3RIMG_27JAN2026_1015_L2B_OLR_V01R00.h5
2026-02-14 14:29:43 | INFO | [219/338]
2026-02-14 14:29:43 | INFO | Processing 3RIMG_27JAN2026_1115_L2B_OLR_V01R00.h5
2026-02-14 14:29:43 | INFO | [220/338]
2026-02-14 14:29:43 | INFO | Processing 3RIMG_27JAN2026_1145_L2B_OLR_V01R00.h5
2026-02-14 14:29:44 | INFO | [221/338]
2026-02-14 14:29:44 | INFO | Processing 3RIMG_27JAN2026_1215_L2B_OLR_V01R00.h5
2026-02-14 14:29:44 | INFO | [222/338]
2026-02-14 14:29:44 | INFO | Processing 3RIMG_27JAN2026_1245_L2B_OLR_V01R00.h5
2026-02-14 14:29:44 | INFO | [223/338]
2026-02-14 14:29:44 | INFO | Processing 3RIMG_27JAN2026_1315_L2B_OLR_V01R00.h5
2026-02-14 14:29:45 | INFO | [224/338]
2026-02-14 14:29:45 | INFO | Processing 3RIMG_27JAN2026_1345_L2B_OLR_V01R00.h5
2026-02-14 14:29:45 | INFO | [225/338]
2026-02-14 14:29:45 | INFO | Processing 3RIMG_27JAN2026_1415_L2B_OLR_V01R00.h5
2026-02-14 14:29:45 | INFO | [226/338]
2026-02-14 14:29:45 | INFO | Processing 3RIMG_27JAN2026_1445_L2B_OLR_V01R00.h5
2026-02-14 14:29:46 | INFO | [227/338]
2026-02-14 14:29:46 | INFO | Processing 3RIMG_27JAN2026_1515_L2B_OLR_V01R00.h5
2026-02-14 14:29:46 | INFO | [228/338]
2026-02-14 14:29:46 | INFO | Processing 3RIMG_27JAN2026_1545_L2B_OLR_V01R00.h5
2026-02-14 14:29:46 | INFO | [229/338]
2026-02-14 14:29:46 | INFO | Processing 3RIMG_27JAN2026_1615_L2B_OLR_V01R00.h5
2026-02-14 14:29:47 | INFO | [230/338]
2026-02-14 14:29:47 | INFO | Processing 3RIMG_27JAN2026_1645_L2B_OLR_V01R00.h5
2026-02-14 14:29:47 | INFO | [231/338]
2026-02-14 14:29:47 | INFO | Processing 3RIMG_27JAN2026_1715_L2B_OLR_V01R00.h5
2026-02-14 14:29:47 | INFO | [232/338]
2026-02-14 14:29:47 | INFO | Processing 3RIMG_27JAN2026_1745_L2B_OLR_V01R00.h5
2026-02-14 14:29:48 | INFO | [233/338]
2026-02-14 14:29:48 | INFO | Processing 3RIMG_27JAN2026_1815_L2B_OLR_V01R00.h5
2026-02-14 14:29:48 | INFO | [234/338]
2026-02-14 14:29:48 | INFO | Processing 3RIMG_27JAN2026_1845_L2B_OLR_V01R00.h5
2026-02-14 14:29:48 | INFO | [235/338]
2026-02-14 14:29:48 | INFO | Processing 3RIMG_27JAN2026_1915_L2B_OLR_V01R00.h5
2026-02-14 14:29:49 | INFO | [236/338]
2026-02-14 14:29:49 | INFO | Processing 3RIMG_27JAN2026_1945_L2B_OLR_V01R00.h5
2026-02-14 14:29:49 | INFO | [237/338]
2026-02-14 14:29:49 | INFO | Processing 3RIMG_27JAN2026_2015_L2B_OLR_V01R00.h5
2026-02-14 14:29:49 | INFO | [238/338]
2026-02-14 14:29:49 | INFO | Processing 3RIMG_27JAN2026_2045_L2B_OLR_V01R00.h5
2026-02-14 14:29:49 | INFO | [239/338]
2026-02-14 14:29:49 | INFO | Processing 3RIMG_27JAN2026_2115_L2B_OLR_V01R00.h5
2026-02-14 14:29:50 | INFO | [240/338]
2026-02-14 14:29:50 | INFO | Processing 3RIMG_27JAN2026_2145_L2B_OLR_V01R00.h5
2026-02-14 14:29:50 | INFO | [241/338]
2026-02-14 14:29:50 | INFO | Processing 3RIMG_27JAN2026_2215_L2B_OLR_V01R00.h5
2026-02-14 14:29:50 | INFO | [242/338]
2026-02-14 14:29:50 | INFO | Processing 3RIMG_27JAN2026_2245_L2B_OLR_V01R00.h5
2026-02-14 14:29:51 | INFO | [243/338]
2026-02-14 14:29:51 | INFO | Processing 3RIMG_27JAN2026_2315_L2B_OLR_V01R00.h5
2026-02-14 14:29:51 | INFO | [244/338]
2026-02-14 14:29:51 | INFO | Processing 3RIMG_27JAN2026_2345_L2B_OLR_V01R00.h5
2026-02-14 14:29:51 | INFO | [245/338]
2026-02-14 14:29:51 | INFO | Processing 3RIMG_28JAN2026_0015_L2B_OLR_V01R00.h5
2026-02-14 14:29:52 | INFO | [246/338]
2026-02-14 14:29:52 | INFO | Processing 3RIMG_28JAN2026_0045_L2B_OLR_V01R00.h5
2026-02-14 14:29:52 | INFO | [247/338]
2026-02-14 14:29:52 | INFO | Processing 3RIMG_28JAN2026_0115_L2B_OLR_V01R00.h5
2026-02-14 14:29:52 | INFO | [248/338]
2026-02-14 14:29:52 | INFO | Processing 3RIMG_28JAN2026_0145_L2B_OLR_V01R00.h5
2026-02-14 14:29:53 | INFO | [249/338]
2026-02-14 14:29:53 | INFO | Processing 3RIMG_28JAN2026_0215_L2B_OLR_V01R00.h5
2026-02-14 14:29:53 | INFO | [250/338]
2026-02-14 14:29:53 | INFO | Processing 3RIMG_28JAN2026_0245_L2B_OLR_V01R00.h5
2026-02-14 14:29:53 | INFO | [251/338]
2026-02-14 14:29:53 | INFO | Processing 3RIMG_28JAN2026_0315_L2B_OLR_V01R00.h5
2026-02-14 14:29:54 | INFO | [252/338]
2026-02-14 14:29:54 | INFO | Processing 3RIMG_28JAN2026_0345_L2B_OLR_V01R00.h5
2026-02-14 14:29:54 | INFO | [253/338]
2026-02-14 14:29:54 | INFO | Processing 3RIMG_28JAN2026_0415_L2B_OLR_V01R00.h5
2026-02-14 14:29:55 | INFO | [254/338]
2026-02-14 14:29:55 | INFO | Processing 3RIMG_28JAN2026_0445_L2B_OLR_V01R00.h5
2026-02-14 14:29:55 | INFO | [255/338]
2026-02-14 14:29:55 | INFO | Processing 3RIMG_28JAN2026_0515_L2B_OLR_V01R00.h5
2026-02-14 14:29:55 | INFO | [256/338]
2026-02-14 14:29:55 | INFO | Processing 3RIMG_28JAN2026_0545_L2B_OLR_V01R00.h5
2026-02-14 14:29:56 | INFO | [257/338]
2026-02-14 14:29:56 | INFO | Processing 3RIMG_28JAN2026_0615_L2B_OLR_V01R00.h5
2026-02-14 14:29:56 | INFO | [258/338]
2026-02-14 14:29:56 | INFO | Processing 3RIMG_28JAN2026_0645_L2B_OLR_V01R00.h5
2026-02-14 14:29:56 | INFO | [259/338]
2026-02-14 14:29:56 | INFO | Processing 3RIMG_28JAN2026_0715_L2B_OLR_V01R00.h5
2026-02-14 14:29:57 | INFO | [260/338]
2026-02-14 14:29:57 | INFO | Processing 3RIMG_28JAN2026_0745_L2B_OLR_V01R00.h5
2026-02-14 14:29:57 | INFO | [261/338]
2026-02-14 14:29:57 | INFO | Processing 3RIMG_28JAN2026_0815_L2B_OLR_V01R00.h5
2026-02-14 14:29:57 | INFO | [262/338]
2026-02-14 14:29:57 | INFO | Processing 3RIMG_28JAN2026_0845_L2B_OLR_V01R00.h5
2026-02-14 14:29:58 | INFO | [263/338]
2026-02-14 14:29:58 | INFO | Processing 3RIMG_28JAN2026_0915_L2B_OLR_V01R00.h5
2026-02-14 14:29:58 | INFO | [264/338]
2026-02-14 14:29:58 | INFO | Processing 3RIMG_28JAN2026_0945_L2B_OLR_V01R00.h5
2026-02-14 14:29:59 | INFO | [265/338]
2026-02-14 14:29:59 | INFO | Processing 3RIMG_28JAN2026_1015_L2B_OLR_V01R00.h5
2026-02-14 14:29:59 | INFO | [266/338]
2026-02-14 14:29:59 | INFO | Processing 3RIMG_28JAN2026_1045_L2B_OLR_V01R00.h5
2026-02-14 14:29:59 | INFO | [267/338]
2026-02-14 14:29:59 | INFO | Processing 3RIMG_28JAN2026_1115_L2B_OLR_V01R00.h5
2026-02-14 14:30:00 | INFO | [268/338]
2026-02-14 14:30:00 | INFO | Processing 3RIMG_28JAN2026_1145_L2B_OLR_V01R00.h5
2026-02-14 14:30:00 | INFO | [269/338]
2026-02-14 14:30:00 | INFO | Processing 3RIMG_28JAN2026_1215_L2B_OLR_V01R00.h5
2026-02-14 14:30:00 | INFO | [270/338]
2026-02-14 14:30:00 | INFO | Processing 3RIMG_28JAN2026_1245_L2B_OLR_V01R00.h5
2026-02-14 14:30:01 | INFO | [271/338]
2026-02-14 14:30:01 | INFO | Processing 3RIMG_28JAN2026_1315_L2B_OLR_V01R00.h5
2026-02-14 14:30:02 | INFO | [272/338]
2026-02-14 14:30:02 | INFO | Processing 3RIMG_28JAN2026_1345_L2B_OLR_V01R00.h5
2026-02-14 14:30:02 | INFO | [273/338]
2026-02-14 14:30:02 | INFO | Processing 3RIMG_28JAN2026_1415_L2B_OLR_V01R00.h5
2026-02-14 14:30:03 | INFO | [274/338]
2026-02-14 14:30:03 | INFO | Processing 3RIMG_28JAN2026_1445_L2B_OLR_V01R00.h5
2026-02-14 14:30:03 | INFO | [275/338]
2026-02-14 14:30:03 | INFO | Processing 3RIMG_28JAN2026_1515_L2B_OLR_V01R00.h5
2026-02-14 14:30:04 | INFO | [276/338]
2026-02-14 14:30:04 | INFO | Processing 3RIMG_28JAN2026_1545_L2B_OLR_V01R00.h5
2026-02-14 14:30:05 | INFO | [277/338]
2026-02-14 14:30:05 | INFO | Processing 3RIMG_28JAN2026_1615_L2B_OLR_V01R00.h5
2026-02-14 14:30:05 | INFO | [278/338]
2026-02-14 14:30:05 | INFO | Processing 3RIMG_28JAN2026_1645_L2B_OLR_V01R00.h5
2026-02-14 14:30:06 | INFO | [279/338]
2026-02-14 14:30:06 | INFO | Processing 3RIMG_28JAN2026_1715_L2B_OLR_V01R00.h5
2026-02-14 14:30:07 | INFO | [280/338]
2026-02-14 14:30:07 | INFO | Processing 3RIMG_28JAN2026_1745_L2B_OLR_V01R00.h5
2026-02-14 14:30:07 | INFO | [281/338]
2026-02-14 14:30:07 | INFO | Processing 3RIMG_28JAN2026_1815_L2B_OLR_V01R00.h5
2026-02-14 14:30:08 | INFO | [282/338]
2026-02-14 14:30:08 | INFO | Processing 3RIMG_28JAN2026_1845_L2B_OLR_V01R00.h5
2026-02-14 14:30:08 | INFO | [283/338]
2026-02-14 14:30:08 | INFO | Processing 3RIMG_28JAN2026_1915_L2B_OLR_V01R00.h5
2026-02-14 14:30:08 | INFO | [284/338]
2026-02-14 14:30:08 | INFO | Processing 3RIMG_28JAN2026_1945_L2B_OLR_V01R00.h5
2026-02-14 14:30:09 | INFO | [285/338]
2026-02-14 14:30:09 | INFO | Processing 3RIMG_28JAN2026_2015_L2B_OLR_V01R00.h5
2026-02-14 14:30:09 | INFO | [286/338]
2026-02-14 14:30:09 | INFO | Processing 3RIMG_28JAN2026_2045_L2B_OLR_V01R00.h5
2026-02-14 14:30:09 | INFO | [287/338]
2026-02-14 14:30:09 | INFO | Processing 3RIMG_28JAN2026_2115_L2B_OLR_V01R00.h5
2026-02-14 14:30:10 | INFO | [288/338]
2026-02-14 14:30:10 | INFO | Processing 3RIMG_28JAN2026_2145_L2B_OLR_V01R00.h5
2026-02-14 14:30:10 | INFO | [289/338]
2026-02-14 14:30:10 | INFO | Processing 3RIMG_28JAN2026_2215_L2B_OLR_V01R00.h5
2026-02-14 14:30:10 | INFO | [290/338]
2026-02-14 14:30:10 | INFO | Processing 3RIMG_28JAN2026_2245_L2B_OLR_V01R00.h5
2026-02-14 14:30:11 | INFO | [291/338]
2026-02-14 14:30:11 | INFO | Processing 3RIMG_28JAN2026_2315_L2B_OLR_V01R00.h5
2026-02-14 14:30:11 | INFO | [292/338]
2026-02-14 14:30:11 | INFO | Processing 3RIMG_28JAN2026_2345_L2B_OLR_V01R00.h5
2026-02-14 14:30:12 | INFO | [293/338]
2026-02-14 14:30:12 | INFO | Processing 3RIMG_29JAN2026_0015_L2B_OLR_V01R00.h5
2026-02-14 14:30:12 | INFO | [294/338]
2026-02-14 14:30:12 | INFO | Processing 3RIMG_29JAN2026_0045_L2B_OLR_V01R00.h5
2026-02-14 14:30:13 | INFO | [295/338]
2026-02-14 14:30:13 | INFO | Processing 3RIMG_29JAN2026_0115_L2B_OLR_V01R00.h5
2026-02-14 14:30:13 | INFO | [296/338]
2026-02-14 14:30:13 | INFO | Processing 3RIMG_29JAN2026_0145_L2B_OLR_V01R00.h5
2026-02-14 14:30:14 | INFO | [297/338]
2026-02-14 14:30:14 | INFO | Processing 3RIMG_29JAN2026_0215_L2B_OLR_V01R00.h5
2026-02-14 14:30:14 | INFO | [298/338]
2026-02-14 14:30:14 | INFO | Processing 3RIMG_29JAN2026_0245_L2B_OLR_V01R00.h5
2026-02-14 14:30:15 | INFO | [299/338]
2026-02-14 14:30:15 | INFO | Processing 3RIMG_29JAN2026_0315_L2B_OLR_V01R00.h5
2026-02-14 14:30:15 | INFO | [300/338]
2026-02-14 14:30:15 | INFO | Processing 3RIMG_29JAN2026_0345_L2B_OLR_V01R00.h5
2026-02-14 14:30:16 | INFO | [301/338]
2026-02-14 14:30:16 | INFO | Processing 3RIMG_29JAN2026_0415_L2B_OLR_V01R00.h5
2026-02-14 14:30:16 | INFO | [302/338]
2026-02-14 14:30:16 | INFO | Processing 3RIMG_29JAN2026_0445_L2B_OLR_V01R00.h5
2026-02-14 14:30:17 | INFO | [303/338]
2026-02-14 14:30:17 | INFO | Processing 3RIMG_29JAN2026_0515_L2B_OLR_V01R00.h5
2026-02-14 14:30:17 | INFO | [304/338]
2026-02-14 14:30:17 | INFO | Processing 3RIMG_29JAN2026_0545_L2B_OLR_V01R00 (1).h5
2026-02-14 14:30:17 | INFO | [305/338]
2026-02-14 14:30:17 | INFO | Processing 3RIMG_29JAN2026_0545_L2B_OLR_V01R00.h5
2026-02-14 14:30:18 | INFO | [306/338]
2026-02-14 14:30:18 | INFO | Processing 3RIMG_29JAN2026_0615_L2B_OLR_V01R00.h5
2026-02-14 14:30:18 | INFO | [307/338]
2026-02-14 14:30:18 | INFO | Processing 3RIMG_29JAN2026_0645_L2B_OLR_V01R00.h5
2026-02-14 14:30:18 | INFO | [308/338]
2026-02-14 14:30:18 | INFO | Processing 3RIMG_29JAN2026_0715_L2B_OLR_V01R00.h5
2026-02-14 14:30:19 | INFO | [309/338]
2026-02-14 14:30:19 | INFO | Processing 3RIMG_29JAN2026_0745_L2B_OLR_V01R00.h5
2026-02-14 14:30:19 | INFO | [310/338]
2026-02-14 14:30:19 | INFO | Processing 3RIMG_29JAN2026_0815_L2B_OLR_V01R00.h5
2026-02-14 14:30:19 | INFO | [311/338]
2026-02-14 14:30:19 | INFO | Processing 3RIMG_29JAN2026_0845_L2B_OLR_V01R00.h5
2026-02-14 14:30:20 | INFO | [312/338]
2026-02-14 14:30:20 | INFO | Processing 3RIMG_29JAN2026_0915_L2B_OLR_V01R00.h5
2026-02-14 14:30:20 | INFO | [313/338]
2026-02-14 14:30:20 | INFO | Processing 3RIMG_29JAN2026_0945_L2B_OLR_V01R00.h5
2026-02-14 14:30:20 | INFO | [314/338]
2026-02-14 14:30:20 | INFO | Processing 3RIMG_29JAN2026_1015_L2B_OLR_V01R00.h5
2026-02-14 14:30:21 | INFO | [315/338]
2026-02-14 14:30:21 | INFO | Processing 3RIMG_29JAN2026_1045_L2B_OLR_V01R00.h5
2026-02-14 14:30:21 | INFO | [316/338]
2026-02-14 14:30:21 | INFO | Processing 3RIMG_29JAN2026_1115_L2B_OLR_V01R00.h5
2026-02-14 14:30:21 | INFO | [317/338]
2026-02-14 14:30:21 | INFO | Processing 3RIMG_29JAN2026_1145_L2B_OLR_V01R00.h5
2026-02-14 14:30:22 | INFO | [318/338]
2026-02-14 14:30:22 | INFO | Processing 3RIMG_29JAN2026_1215_L2B_OLR_V01R00.h5
2026-02-14 14:30:22 | INFO | [319/338]
2026-02-14 14:30:22 | INFO | Processing 3RIMG_29JAN2026_1245_L2B_OLR_V01R00.h5
2026-02-14 14:30:22 | INFO | [320/338]
2026-02-14 14:30:22 | INFO | Processing 3RIMG_29JAN2026_1315_L2B_OLR_V01R00.h5
2026-02-14 14:30:23 | INFO | [321/338]
2026-02-14 14:30:23 | INFO | Processing 3RIMG_29JAN2026_1345_L2B_OLR_V01R00.h5
2026-02-14 14:30:23 | INFO | [322/338]
2026-02-14 14:30:23 | INFO | Processing 3RIMG_29JAN2026_1415_L2B_OLR_V01R00.h5
2026-02-14 14:30:24 | INFO | [323/338]
2026-02-14 14:30:24 | INFO | Processing 3RIMG_29JAN2026_1445_L2B_OLR_V01R00.h5
2026-02-14 14:30:24 | INFO | [324/338]
2026-02-14 14:30:24 | INFO | Processing 3RIMG_29JAN2026_1515_L2B_OLR_V01R00.h5
2026-02-14 14:30:25 | INFO | [325/338]
2026-02-14 14:30:25 | INFO | Processing 3RIMG_29JAN2026_1545_L2B_OLR_V01R00.h5
2026-02-14 14:30:25 | INFO | [326/338]
2026-02-14 14:30:25 | INFO | Processing 3RIMG_29JAN2026_1615_L2B_OLR_V01R00.h5
2026-02-14 14:30:26 | INFO | [327/338]
2026-02-14 14:30:26 | INFO | Processing 3RIMG_29JAN2026_1645_L2B_OLR_V01R00.h5
2026-02-14 14:30:26 | INFO | [328/338]
2026-02-14 14:30:26 | INFO | Processing 3RIMG_29JAN2026_1715_L2B_OLR_V01R00.h5
2026-02-14 14:30:26 | INFO | [329/338]
2026-02-14 14:30:26 | INFO | Processing 3RIMG_29JAN2026_1745_L2B_OLR_V01R00.h5
2026-02-14 14:30:27 | INFO | [330/338]
2026-02-14 14:30:27 | INFO | Processing 3RIMG_29JAN2026_1945_L2B_OLR_V01R00.h5
2026-02-14 14:30:27 | INFO | [331/338]
2026-02-14 14:30:27 | INFO | Processing 3RIMG_29JAN2026_2015_L2B_OLR_V01R00.h5
2026-02-14 14:30:28 | INFO | [332/338]
2026-02-14 14:30:28 | INFO | Processing 3RIMG_29JAN2026_2045_L2B_OLR_V01R00.h5
2026-02-14 14:30:28 | INFO | [333/338]
2026-02-14 14:30:28 | INFO | Processing 3RIMG_29JAN2026_2115_L2B_OLR_V01R00.h5
2026-02-14 14:30:29 | INFO | [334/338]
2026-02-14 14:30:29 | INFO | Processing 3RIMG_29JAN2026_2145_L2B_OLR_V01R00.h5
2026-02-14 14:30:29 | INFO | [335/338]
2026-02-14 14:30:29 | INFO | Processing 3RIMG_29JAN2026_2215_L2B_OLR_V01R00.h5
2026-02-14 14:30:30 | INFO | [336/338]
2026-02-14 14:30:30 | INFO | Processing 3RIMG_29JAN2026_2245_L2B_OLR_V01R00.h5
2026-02-14 14:30:30 | INFO | [337/338]
2026-02-14 14:30:30 | INFO | Processing 3RIMG_29JAN2026_2315_L2B_OLR_V01R00.h5
2026-02-14 14:30:31 | INFO | [338/338]
2026-02-14 14:30:31 | INFO | Processing 3RIMG_29JAN2026_2345_L2B_OLR_V01R00.h5
2026-02-14 14:30:31 | INFO | Processing Complete
2026-02-14 14:30:31 | INFO |                                  filename band       shape      mean       std  min       max  missing_pct                processed_at
0  3RIMG_23JAN2026_0015_L2B_OLR_V01R00.h5  OLR  (256, 256)  0.592382  0.446111  0.0  0.997104          0.0  2026-02-14T14:28:25.042800
1  3RIMG_23JAN2026_0045_L2B_OLR_V01R00.h5  OLR  (256, 256)  0.590357  0.444558  0.0  0.997483          0.0  2026-02-14T14:28:25.361097
2  3RIMG_23JAN2026_0115_L2B_OLR_V01R00.h5  OLR  (256, 256)  0.587104  0.442292  0.0  0.996275          0.0  2026-02-14T14:28:25.688805
3  3RIMG_23JAN2026_0145_L2B_OLR_V01R00.h5  OLR  (256, 256)  0.585426  0.441050  0.0  0.997624          0.0  2026-02-14T14:28:26.023581
4  3RIMG_23JAN2026_0215_L2B_OLR_V01R00.h5  OLR  (256, 256)  0.584078  0.440026  0.0  0.995186          0.0  2026-02-14T14:28:26.346998
